This is pdfTeX, Version 3.14159265-2.6-1.40.15 (TeX Live 2014) (preloaded format=pdflatex 2016.6.6)  27 JUL 2016 11:11
entering extended mode
 restricted \write18 enabled.
 %&-line parsing enabled.
**documentation.tex
(./documentation.tex
LaTeX2e <2011/06/27>
Babel <3.9k> and hyphenation patterns for 75 languages loaded.
(/usr/share/texlive/texmf-dist/tex/latex/base/article.cls
Document Class: article 2007/10/19 v1.4h Standard LaTeX document class
(/usr/share/texlive/texmf-dist/tex/latex/base/size10.clo
File: size10.clo 2007/10/19 v1.4h Standard LaTeX file (size option)
)
\c@part=\count79
\c@section=\count80
\c@subsection=\count81
\c@subsubsection=\count82
\c@paragraph=\count83
\c@subparagraph=\count84
\c@figure=\count85
\c@table=\count86
\abovecaptionskip=\skip41
\belowcaptionskip=\skip42
\bibindent=\dimen102
)
(/usr/share/texlive/texmf-dist/tex/latex/geometry/geometry.sty
Package: geometry 2010/09/12 v5.6 Page Geometry

(/usr/share/texlive/texmf-dist/tex/latex/graphics/keyval.sty
Package: keyval 1999/03/16 v1.13 key=value parser (DPC)
\KV@toks@=\toks14
)
(/usr/share/texlive/texmf-dist/tex/generic/oberdiek/ifpdf.sty
Package: ifpdf 2011/01/30 v2.3 Provides the ifpdf switch (HO)
Package ifpdf Info: pdfTeX in PDF mode is detected.
)
(/usr/share/texlive/texmf-dist/tex/generic/oberdiek/ifvtex.sty
Package: ifvtex 2010/03/01 v1.5 Detect VTeX and its facilities (HO)
Package ifvtex Info: VTeX not detected.
)
(/usr/share/texlive/texmf-dist/tex/generic/ifxetex/ifxetex.sty
Package: ifxetex 2010/09/12 v0.6 Provides ifxetex conditional
)
\Gm@cnth=\count87
\Gm@cntv=\count88
\c@Gm@tempcnt=\count89
\Gm@bindingoffset=\dimen103
\Gm@wd@mp=\dimen104
\Gm@odd@mp=\dimen105
\Gm@even@mp=\dimen106
\Gm@layoutwidth=\dimen107
\Gm@layoutheight=\dimen108
\Gm@layouthoffset=\dimen109
\Gm@layoutvoffset=\dimen110
\Gm@dimlist=\toks15
)
(/usr/share/texlive/texmf-dist/tex/latex/base/inputenc.sty
Package: inputenc 2008/03/30 v1.1d Input encoding file
\inpenc@prehook=\toks16
\inpenc@posthook=\toks17

(/usr/share/texlive/texmf-dist/tex/latex/base/utf8.def
File: utf8.def 2008/04/05 v1.1m UTF-8 support for inputenc
Now handling font encoding OML ...
... no UTF-8 mapping file for font encoding OML
Now handling font encoding T1 ...
... processing UTF-8 mapping file for font encoding T1

(/usr/share/texlive/texmf-dist/tex/latex/base/t1enc.dfu
File: t1enc.dfu 2008/04/05 v1.1m UTF-8 support for inputenc
   defining Unicode char U+00A1 (decimal 161)
   defining Unicode char U+00A3 (decimal 163)
   defining Unicode char U+00AB (decimal 171)
   defining Unicode char U+00BB (decimal 187)
   defining Unicode char U+00BF (decimal 191)
   defining Unicode char U+00C0 (decimal 192)
   defining Unicode char U+00C1 (decimal 193)
   defining Unicode char U+00C2 (decimal 194)
   defining Unicode char U+00C3 (decimal 195)
   defining Unicode char U+00C4 (decimal 196)
   defining Unicode char U+00C5 (decimal 197)
   defining Unicode char U+00C6 (decimal 198)
   defining Unicode char U+00C7 (decimal 199)
   defining Unicode char U+00C8 (decimal 200)
   defining Unicode char U+00C9 (decimal 201)
   defining Unicode char U+00CA (decimal 202)
   defining Unicode char U+00CB (decimal 203)
   defining Unicode char U+00CC (decimal 204)
   defining Unicode char U+00CD (decimal 205)
   defining Unicode char U+00CE (decimal 206)
   defining Unicode char U+00CF (decimal 207)
   defining Unicode char U+00D0 (decimal 208)
   defining Unicode char U+00D1 (decimal 209)
   defining Unicode char U+00D2 (decimal 210)
   defining Unicode char U+00D3 (decimal 211)
   defining Unicode char U+00D4 (decimal 212)
   defining Unicode char U+00D5 (decimal 213)
   defining Unicode char U+00D6 (decimal 214)
   defining Unicode char U+00D8 (decimal 216)
   defining Unicode char U+00D9 (decimal 217)
   defining Unicode char U+00DA (decimal 218)
   defining Unicode char U+00DB (decimal 219)
   defining Unicode char U+00DC (decimal 220)
   defining Unicode char U+00DD (decimal 221)
   defining Unicode char U+00DE (decimal 222)
   defining Unicode char U+00DF (decimal 223)
   defining Unicode char U+00E0 (decimal 224)
   defining Unicode char U+00E1 (decimal 225)
   defining Unicode char U+00E2 (decimal 226)
   defining Unicode char U+00E3 (decimal 227)
   defining Unicode char U+00E4 (decimal 228)
   defining Unicode char U+00E5 (decimal 229)
   defining Unicode char U+00E6 (decimal 230)
   defining Unicode char U+00E7 (decimal 231)
   defining Unicode char U+00E8 (decimal 232)
   defining Unicode char U+00E9 (decimal 233)
   defining Unicode char U+00EA (decimal 234)
   defining Unicode char U+00EB (decimal 235)
   defining Unicode char U+00EC (decimal 236)
   defining Unicode char U+00ED (decimal 237)
   defining Unicode char U+00EE (decimal 238)
   defining Unicode char U+00EF (decimal 239)
   defining Unicode char U+00F0 (decimal 240)
   defining Unicode char U+00F1 (decimal 241)
   defining Unicode char U+00F2 (decimal 242)
   defining Unicode char U+00F3 (decimal 243)
   defining Unicode char U+00F4 (decimal 244)
   defining Unicode char U+00F5 (decimal 245)
   defining Unicode char U+00F6 (decimal 246)
   defining Unicode char U+00F8 (decimal 248)
   defining Unicode char U+00F9 (decimal 249)
   defining Unicode char U+00FA (decimal 250)
   defining Unicode char U+00FB (decimal 251)
   defining Unicode char U+00FC (decimal 252)
   defining Unicode char U+00FD (decimal 253)
   defining Unicode char U+00FE (decimal 254)
   defining Unicode char U+00FF (decimal 255)
   defining Unicode char U+0102 (decimal 258)
   defining Unicode char U+0103 (decimal 259)
   defining Unicode char U+0104 (decimal 260)
   defining Unicode char U+0105 (decimal 261)
   defining Unicode char U+0106 (decimal 262)
   defining Unicode char U+0107 (decimal 263)
   defining Unicode char U+010C (decimal 268)
   defining Unicode char U+010D (decimal 269)
   defining Unicode char U+010E (decimal 270)
   defining Unicode char U+010F (decimal 271)
   defining Unicode char U+0110 (decimal 272)
   defining Unicode char U+0111 (decimal 273)
   defining Unicode char U+0118 (decimal 280)
   defining Unicode char U+0119 (decimal 281)
   defining Unicode char U+011A (decimal 282)
   defining Unicode char U+011B (decimal 283)
   defining Unicode char U+011E (decimal 286)
   defining Unicode char U+011F (decimal 287)
   defining Unicode char U+0130 (decimal 304)
   defining Unicode char U+0131 (decimal 305)
   defining Unicode char U+0132 (decimal 306)
   defining Unicode char U+0133 (decimal 307)
   defining Unicode char U+0139 (decimal 313)
   defining Unicode char U+013A (decimal 314)
   defining Unicode char U+013D (decimal 317)
   defining Unicode char U+013E (decimal 318)
   defining Unicode char U+0141 (decimal 321)
   defining Unicode char U+0142 (decimal 322)
   defining Unicode char U+0143 (decimal 323)
   defining Unicode char U+0144 (decimal 324)
   defining Unicode char U+0147 (decimal 327)
   defining Unicode char U+0148 (decimal 328)
   defining Unicode char U+014A (decimal 330)
   defining Unicode char U+014B (decimal 331)
   defining Unicode char U+0150 (decimal 336)
   defining Unicode char U+0151 (decimal 337)
   defining Unicode char U+0152 (decimal 338)
   defining Unicode char U+0153 (decimal 339)
   defining Unicode char U+0154 (decimal 340)
   defining Unicode char U+0155 (decimal 341)
   defining Unicode char U+0158 (decimal 344)
   defining Unicode char U+0159 (decimal 345)
   defining Unicode char U+015A (decimal 346)
   defining Unicode char U+015B (decimal 347)
   defining Unicode char U+015E (decimal 350)
   defining Unicode char U+015F (decimal 351)
   defining Unicode char U+0160 (decimal 352)
   defining Unicode char U+0161 (decimal 353)
   defining Unicode char U+0162 (decimal 354)
   defining Unicode char U+0163 (decimal 355)
   defining Unicode char U+0164 (decimal 356)
   defining Unicode char U+0165 (decimal 357)
   defining Unicode char U+016E (decimal 366)
   defining Unicode char U+016F (decimal 367)
   defining Unicode char U+0170 (decimal 368)
   defining Unicode char U+0171 (decimal 369)
   defining Unicode char U+0178 (decimal 376)
   defining Unicode char U+0179 (decimal 377)
   defining Unicode char U+017A (decimal 378)
   defining Unicode char U+017B (decimal 379)
   defining Unicode char U+017C (decimal 380)
   defining Unicode char U+017D (decimal 381)
   defining Unicode char U+017E (decimal 382)
   defining Unicode char U+200C (decimal 8204)
   defining Unicode char U+2013 (decimal 8211)
   defining Unicode char U+2014 (decimal 8212)
   defining Unicode char U+2018 (decimal 8216)
   defining Unicode char U+2019 (decimal 8217)
   defining Unicode char U+201A (decimal 8218)
   defining Unicode char U+201C (decimal 8220)
   defining Unicode char U+201D (decimal 8221)
   defining Unicode char U+201E (decimal 8222)
   defining Unicode char U+2030 (decimal 8240)
   defining Unicode char U+2031 (decimal 8241)
   defining Unicode char U+2039 (decimal 8249)
   defining Unicode char U+203A (decimal 8250)
   defining Unicode char U+2423 (decimal 9251)
)
Now handling font encoding OT1 ...
... processing UTF-8 mapping file for font encoding OT1

(/usr/share/texlive/texmf-dist/tex/latex/base/ot1enc.dfu
File: ot1enc.dfu 2008/04/05 v1.1m UTF-8 support for inputenc
   defining Unicode char U+00A1 (decimal 161)
   defining Unicode char U+00A3 (decimal 163)
   defining Unicode char U+00B8 (decimal 184)
   defining Unicode char U+00BF (decimal 191)
   defining Unicode char U+00C5 (decimal 197)
   defining Unicode char U+00C6 (decimal 198)
   defining Unicode char U+00D8 (decimal 216)
   defining Unicode char U+00DF (decimal 223)
   defining Unicode char U+00E6 (decimal 230)
   defining Unicode char U+00EC (decimal 236)
   defining Unicode char U+00ED (decimal 237)
   defining Unicode char U+00EE (decimal 238)
   defining Unicode char U+00EF (decimal 239)
   defining Unicode char U+00F8 (decimal 248)
   defining Unicode char U+0131 (decimal 305)
   defining Unicode char U+0141 (decimal 321)
   defining Unicode char U+0142 (decimal 322)
   defining Unicode char U+0152 (decimal 338)
   defining Unicode char U+0153 (decimal 339)
   defining Unicode char U+2013 (decimal 8211)
   defining Unicode char U+2014 (decimal 8212)
   defining Unicode char U+2018 (decimal 8216)
   defining Unicode char U+2019 (decimal 8217)
   defining Unicode char U+201C (decimal 8220)
   defining Unicode char U+201D (decimal 8221)
)
Now handling font encoding OMS ...
... processing UTF-8 mapping file for font encoding OMS

(/usr/share/texlive/texmf-dist/tex/latex/base/omsenc.dfu
File: omsenc.dfu 2008/04/05 v1.1m UTF-8 support for inputenc
   defining Unicode char U+00A7 (decimal 167)
   defining Unicode char U+00B6 (decimal 182)
   defining Unicode char U+00B7 (decimal 183)
   defining Unicode char U+2020 (decimal 8224)
   defining Unicode char U+2021 (decimal 8225)
   defining Unicode char U+2022 (decimal 8226)
)
Now handling font encoding OMX ...
... no UTF-8 mapping file for font encoding OMX
Now handling font encoding U ...
... no UTF-8 mapping file for font encoding U
   defining Unicode char U+00A9 (decimal 169)
   defining Unicode char U+00AA (decimal 170)
   defining Unicode char U+00AE (decimal 174)
   defining Unicode char U+00BA (decimal 186)
   defining Unicode char U+02C6 (decimal 710)
   defining Unicode char U+02DC (decimal 732)
   defining Unicode char U+200C (decimal 8204)
   defining Unicode char U+2026 (decimal 8230)
   defining Unicode char U+2122 (decimal 8482)
   defining Unicode char U+2423 (decimal 9251)
))
(/usr/share/texlive/texmf-dist/tex/latex/amsmath/amsmath.sty
Package: amsmath 2013/01/14 v2.14 AMS math features
\@mathmargin=\skip43

For additional information on amsmath, use the `?' option.
(/usr/share/texlive/texmf-dist/tex/latex/amsmath/amstext.sty
Package: amstext 2000/06/29 v2.01

(/usr/share/texlive/texmf-dist/tex/latex/amsmath/amsgen.sty
File: amsgen.sty 1999/11/30 v2.0
\@emptytoks=\toks18
\ex@=\dimen111
))
(/usr/share/texlive/texmf-dist/tex/latex/amsmath/amsbsy.sty
Package: amsbsy 1999/11/29 v1.2d
\pmbraise@=\dimen112
)
(/usr/share/texlive/texmf-dist/tex/latex/amsmath/amsopn.sty
Package: amsopn 1999/12/14 v2.01 operator names
)
\inf@bad=\count90
LaTeX Info: Redefining \frac on input line 210.
\uproot@=\count91
\leftroot@=\count92
LaTeX Info: Redefining \overline on input line 306.
\classnum@=\count93
\DOTSCASE@=\count94
LaTeX Info: Redefining \ldots on input line 378.
LaTeX Info: Redefining \dots on input line 381.
LaTeX Info: Redefining \cdots on input line 466.
\Mathstrutbox@=\box26
\strutbox@=\box27
\big@size=\dimen113
LaTeX Font Info:    Redeclaring font encoding OML on input line 566.
LaTeX Font Info:    Redeclaring font encoding OMS on input line 567.
\macc@depth=\count95
\c@MaxMatrixCols=\count96
\dotsspace@=\muskip10
\c@parentequation=\count97
\dspbrk@lvl=\count98
\tag@help=\toks19
\row@=\count99
\column@=\count100
\maxfields@=\count101
\andhelp@=\toks20
\eqnshift@=\dimen114
\alignsep@=\dimen115
\tagshift@=\dimen116
\tagwidth@=\dimen117
\totwidth@=\dimen118
\lineht@=\dimen119
\@envbody=\toks21
\multlinegap=\skip44
\multlinetaggap=\skip45
\mathdisplay@stack=\toks22
LaTeX Info: Redefining \[ on input line 2665.
LaTeX Info: Redefining \] on input line 2666.
)
(/usr/share/texlive/texmf-dist/tex/latex/amsfonts/amsfonts.sty
Package: amsfonts 2013/01/14 v3.01 Basic AMSFonts support
\symAMSa=\mathgroup4
\symAMSb=\mathgroup5
LaTeX Font Info:    Overwriting math alphabet `\mathfrak' in version `bold'
(Font)                  U/euf/m/n --> U/euf/b/n on input line 106.
)
(/usr/share/texlive/texmf-dist/tex/latex/amsfonts/amssymb.sty
Package: amssymb 2013/01/14 v3.01 AMS font symbols
)
(/usr/share/texlive/texmf-dist/tex/latex/graphics/graphicx.sty
Package: graphicx 1999/02/16 v1.0f Enhanced LaTeX Graphics (DPC,SPQR)

(/usr/share/texlive/texmf-dist/tex/latex/graphics/graphics.sty
Package: graphics 2009/02/05 v1.0o Standard LaTeX Graphics (DPC,SPQR)

(/usr/share/texlive/texmf-dist/tex/latex/graphics/trig.sty
Package: trig 1999/03/16 v1.09 sin cos tan (DPC)
)
(/usr/share/texlive/texmf-dist/tex/latex/latexconfig/graphics.cfg
File: graphics.cfg 2010/04/23 v1.9 graphics configuration of TeX Live
)
Package graphics Info: Driver file: pdftex.def on input line 91.

(/usr/share/texlive/texmf-dist/tex/latex/pdftex-def/pdftex.def
File: pdftex.def 2011/05/27 v0.06d Graphics/color for pdfTeX

(/usr/share/texlive/texmf-dist/tex/generic/oberdiek/infwarerr.sty
Package: infwarerr 2010/04/08 v1.3 Providing info/warning/error messages (HO)
)
(/usr/share/texlive/texmf-dist/tex/generic/oberdiek/ltxcmds.sty
Package: ltxcmds 2011/11/09 v1.22 LaTeX kernel commands for general use (HO)
)
\Gread@gobject=\count102
))
\Gin@req@height=\dimen120
\Gin@req@width=\dimen121
)
(/usr/share/texlive/texmf-dist/tex/latex/caption/subcaption.sty
Package: subcaption 2013/02/03 v1.1-62 Sub-captions (AR)

(/usr/share/texlive/texmf-dist/tex/latex/caption/caption.sty
Package: caption 2013/05/02 v3.3-89 Customizing captions (AR)

(/usr/share/texlive/texmf-dist/tex/latex/caption/caption3.sty
Package: caption3 2013/05/02 v1.6-88 caption3 kernel (AR)
Package caption3 Info: TeX engine: e-TeX on input line 57.
\captionmargin=\dimen122
\captionmargin@=\dimen123
\captionwidth=\dimen124
\caption@tempdima=\dimen125
\caption@indent=\dimen126
\caption@parindent=\dimen127
\caption@hangindent=\dimen128
)
\c@ContinuedFloat=\count103
)
\c@subfigure=\count104
\c@subtable=\count105
)
(/usr/share/texlive/texmf-dist/tex/latex/tools/array.sty
Package: array 2008/09/09 v2.4c Tabular extension package (FMi)
\col@sep=\dimen129
\extrarowheight=\dimen130
\NC@list=\toks23
\extratabsurround=\skip46
\backup@length=\skip47
)
(/usr/share/texlive/texmf-dist/tex/latex/hyperref/hyperref.sty
Package: hyperref 2012/11/06 v6.83m Hypertext links for LaTeX

(/usr/share/texlive/texmf-dist/tex/generic/oberdiek/hobsub-hyperref.sty
Package: hobsub-hyperref 2012/05/28 v1.13 Bundle oberdiek, subset hyperref (HO)


(/usr/share/texlive/texmf-dist/tex/generic/oberdiek/hobsub-generic.sty
Package: hobsub-generic 2012/05/28 v1.13 Bundle oberdiek, subset generic (HO)
Package: hobsub 2012/05/28 v1.13 Construct package bundles (HO)
Package hobsub Info: Skipping package `infwarerr' (already loaded).
Package hobsub Info: Skipping package `ltxcmds' (already loaded).
Package: ifluatex 2010/03/01 v1.3 Provides the ifluatex switch (HO)
Package ifluatex Info: LuaTeX not detected.
Package hobsub Info: Skipping package `ifvtex' (already loaded).
Package: intcalc 2007/09/27 v1.1 Expandable calculations with integers (HO)
Package hobsub Info: Skipping package `ifpdf' (already loaded).
Package: etexcmds 2011/02/16 v1.5 Avoid name clashes with e-TeX commands (HO)
Package etexcmds Info: Could not find \expanded.
(etexcmds)             That can mean that you are not using pdfTeX 1.50 or
(etexcmds)             that some package has redefined \expanded.
(etexcmds)             In the latter case, load this package earlier.
Package: kvsetkeys 2012/04/25 v1.16 Key value parser (HO)
Package: kvdefinekeys 2011/04/07 v1.3 Define keys (HO)
Package: pdftexcmds 2011/11/29 v0.20 Utility functions of pdfTeX for LuaTeX (HO
)
Package pdftexcmds Info: LuaTeX not detected.
Package pdftexcmds Info: \pdf@primitive is available.
Package pdftexcmds Info: \pdf@ifprimitive is available.
Package pdftexcmds Info: \pdfdraftmode found.
Package: pdfescape 2011/11/25 v1.13 Implements pdfTeX's escape features (HO)
Package: bigintcalc 2012/04/08 v1.3 Expandable calculations on big integers (HO
)
Package: bitset 2011/01/30 v1.1 Handle bit-vector datatype (HO)
Package: uniquecounter 2011/01/30 v1.2 Provide unlimited unique counter (HO)
)
Package hobsub Info: Skipping package `hobsub' (already loaded).
Package: letltxmacro 2010/09/02 v1.4 Let assignment for LaTeX macros (HO)
Package: hopatch 2012/05/28 v1.2 Wrapper for package hooks (HO)
Package: xcolor-patch 2011/01/30 xcolor patch
Package: atveryend 2011/06/30 v1.8 Hooks at the very end of document (HO)
Package atveryend Info: \enddocument detected (standard20110627).
Package: atbegshi 2011/10/05 v1.16 At begin shipout hook (HO)
Package: refcount 2011/10/16 v3.4 Data extraction from label references (HO)
Package: hycolor 2011/01/30 v1.7 Color options for hyperref/bookmark (HO)
)
(/usr/share/texlive/texmf-dist/tex/latex/oberdiek/auxhook.sty
Package: auxhook 2011/03/04 v1.3 Hooks for auxiliary files (HO)
)
(/usr/share/texlive/texmf-dist/tex/latex/oberdiek/kvoptions.sty
Package: kvoptions 2011/06/30 v3.11 Key value format for package options (HO)
)
\@linkdim=\dimen131
\Hy@linkcounter=\count106
\Hy@pagecounter=\count107

(/usr/share/texlive/texmf-dist/tex/latex/hyperref/pd1enc.def
File: pd1enc.def 2012/11/06 v6.83m Hyperref: PDFDocEncoding definition (HO)
Now handling font encoding PD1 ...
... no UTF-8 mapping file for font encoding PD1
)
\Hy@SavedSpaceFactor=\count108

(/usr/share/texlive/texmf-dist/tex/latex/latexconfig/hyperref.cfg
File: hyperref.cfg 2002/06/06 v1.2 hyperref configuration of TeXLive
)
Package hyperref Info: Hyper figures OFF on input line 4443.
Package hyperref Info: Link nesting OFF on input line 4448.
Package hyperref Info: Hyper index ON on input line 4451.
Package hyperref Info: Plain pages OFF on input line 4458.
Package hyperref Info: Backreferencing OFF on input line 4463.
Package hyperref Info: Implicit mode ON; LaTeX internals redefined.
Package hyperref Info: Bookmarks ON on input line 4688.
\c@Hy@tempcnt=\count109

(/usr/share/texlive/texmf-dist/tex/latex/url/url.sty
\Urlmuskip=\muskip11
Package: url 2013/09/16  ver 3.4  Verb mode for urls, etc.
)
LaTeX Info: Redefining \url on input line 5041.
\XeTeXLinkMargin=\dimen132
\Fld@menulength=\count110
\Field@Width=\dimen133
\Fld@charsize=\dimen134
Package hyperref Info: Hyper figures OFF on input line 6295.
Package hyperref Info: Link nesting OFF on input line 6300.
Package hyperref Info: Hyper index ON on input line 6303.
Package hyperref Info: backreferencing OFF on input line 6310.
Package hyperref Info: Link coloring OFF on input line 6315.
Package hyperref Info: Link coloring with OCG OFF on input line 6320.
Package hyperref Info: PDF/A mode OFF on input line 6325.
LaTeX Info: Redefining \ref on input line 6365.
LaTeX Info: Redefining \pageref on input line 6369.
\Hy@abspage=\count111
\c@Item=\count112
\c@Hfootnote=\count113
)

Package hyperref Message: Driver (autodetected): hpdftex.

(/usr/share/texlive/texmf-dist/tex/latex/hyperref/hpdftex.def
File: hpdftex.def 2012/11/06 v6.83m Hyperref driver for pdfTeX
\Fld@listcount=\count114
\c@bookmark@seq@number=\count115

(/usr/share/texlive/texmf-dist/tex/latex/oberdiek/rerunfilecheck.sty
Package: rerunfilecheck 2011/04/15 v1.7 Rerun checks for auxiliary files (HO)
Package uniquecounter Info: New unique counter `rerunfilecheck' on input line 2
82.
)
\Hy@SectionHShift=\skip48
)
(/usr/share/texlive/texmf-dist/tex/latex/adjustbox/adjustbox.sty
Package: adjustbox 2012/05/21 v1.0 Adjusting TeX boxes (trim, clip, ...)

(/usr/share/texlive/texmf-dist/tex/latex/xkeyval/xkeyval.sty
Package: xkeyval 2012/10/14 v2.6b package option processing (HA)

(/usr/share/texlive/texmf-dist/tex/generic/xkeyval/xkeyval.tex
\XKV@toks=\toks24
\XKV@tempa@toks=\toks25
\XKV@depth=\count116
File: xkeyval.tex 2012/10/14 v2.6b key=value parser (HA)
))
(/usr/share/texlive/texmf-dist/tex/latex/adjustbox/adjcalc.sty
Package: adjcalc 2012/05/16 v1.1 Provides advanced setlength with multiple back
-ends (calc, etex, pgfmath)
)
(/usr/share/texlive/texmf-dist/tex/latex/adjustbox/trimclip.sty
Package: trimclip 2012/05/16 v1.0 Trim and clip general TeX material

(/usr/share/texlive/texmf-dist/tex/latex/collectbox/collectbox.sty
Package: collectbox 2012/05/17 v0.4b Collect macro arguments as boxes
\collectedbox=\box28
)
\tc@llx=\dimen135
\tc@lly=\dimen136
\tc@urx=\dimen137
\tc@ury=\dimen138
Package trimclip Info: Using driver 'tc-pdftex.def'.

(/usr/share/texlive/texmf-dist/tex/latex/adjustbox/tc-pdftex.def
File: tc-pdftex.def 2012/05/13 v1.0 Clipping driver for pdftex
))
\adjbox@Width=\dimen139
\adjbox@Height=\dimen140
\adjbox@Depth=\dimen141
\adjbox@Totalheight=\dimen142

(/usr/share/texlive/texmf-dist/tex/latex/ifoddpage/ifoddpage.sty
Package: ifoddpage 2011/09/13 v1.0 Conditionals for odd/even page detection
\c@checkoddpage=\count117
)
(/usr/share/texlive/texmf-dist/tex/latex/varwidth/varwidth.sty
Package: varwidth 2009/03/30 ver 0.92;  Variable-width minipages
\@vwid@box=\box29
\sift@deathcycles=\count118
\@vwid@loff=\dimen143
\@vwid@roff=\dimen144
))
(/usr/share/texlive/texmf-dist/tex/latex/lipsum/lipsum.sty
Package: lipsum 2011/04/14 v1.2 150 paragraphs of Lorem Ipsum dummy text
\c@lips@count=\count119
)
(./documentation.aux)
\openout1 = `documentation.aux'.

LaTeX Font Info:    Checking defaults for OML/cmm/m/it on input line 16.
LaTeX Font Info:    ... okay on input line 16.
LaTeX Font Info:    Checking defaults for T1/cmr/m/n on input line 16.
LaTeX Font Info:    ... okay on input line 16.
LaTeX Font Info:    Checking defaults for OT1/cmr/m/n on input line 16.
LaTeX Font Info:    ... okay on input line 16.
LaTeX Font Info:    Checking defaults for OMS/cmsy/m/n on input line 16.
LaTeX Font Info:    ... okay on input line 16.
LaTeX Font Info:    Checking defaults for OMX/cmex/m/n on input line 16.
LaTeX Font Info:    ... okay on input line 16.
LaTeX Font Info:    Checking defaults for U/cmr/m/n on input line 16.
LaTeX Font Info:    ... okay on input line 16.
LaTeX Font Info:    Checking defaults for PD1/pdf/m/n on input line 16.
LaTeX Font Info:    ... okay on input line 16.

*geometry* driver: auto-detecting
*geometry* detected driver: pdftex
*geometry* verbose mode - [ preamble ] result:
* driver: pdftex
* paper: letterpaper
* layout: <same size as paper>
* layoutoffset:(h,v)=(0.0pt,0.0pt)
* modes: 
* h-part:(L,W,R)=(36.135pt, 542.02501pt, 36.135pt)
* v-part:(T,H,B)=(36.135pt, 722.7pt, 36.135pt)
* \paperwidth=614.295pt
* \paperheight=794.96999pt
* \textwidth=542.02501pt
* \textheight=722.7pt
* \oddsidemargin=-36.135pt
* \evensidemargin=-36.135pt
* \topmargin=-73.135pt
* \headheight=12.0pt
* \headsep=25.0pt
* \topskip=10.0pt
* \footskip=30.0pt
* \marginparwidth=65.0pt
* \marginparsep=11.0pt
* \columnsep=10.0pt
* \skip\footins=9.0pt plus 4.0pt minus 2.0pt
* \hoffset=0.0pt
* \voffset=0.0pt
* \mag=1000
* \@twocolumnfalse
* \@twosidefalse
* \@mparswitchfalse
* \@reversemarginfalse
* (1in=72.27pt=25.4mm, 1cm=28.453pt)

(/usr/share/texlive/texmf-dist/tex/context/base/supp-pdf.mkii
[Loading MPS to PDF converter (version 2006.09.02).]
\scratchcounter=\count120
\scratchdimen=\dimen145
\scratchbox=\box30
\nofMPsegments=\count121
\nofMParguments=\count122
\everyMPshowfont=\toks26
\MPscratchCnt=\count123
\MPscratchDim=\dimen146
\MPnumerator=\count124
\makeMPintoPDFobject=\count125
\everyMPtoPDFconversion=\toks27
) (/usr/share/texlive/texmf-dist/tex/latex/oberdiek/epstopdf-base.sty
Package: epstopdf-base 2010/02/09 v2.5 Base part for package epstopdf

(/usr/share/texlive/texmf-dist/tex/latex/oberdiek/grfext.sty
Package: grfext 2010/08/19 v1.1 Manage graphics extensions (HO)
)
Package grfext Info: Graphics extension search list:
(grfext)             [.png,.pdf,.jpg,.mps,.jpeg,.jbig2,.jb2,.PNG,.PDF,.JPG,.JPE
G,.JBIG2,.JB2,.eps]
(grfext)             \AppendGraphicsExtensions on input line 452.

(/usr/share/texlive/texmf-dist/tex/latex/latexconfig/epstopdf-sys.cfg
File: epstopdf-sys.cfg 2010/07/13 v1.3 Configuration of (r)epstopdf for TeX Liv
e
))
Package caption Info: Begin \AtBeginDocument code.
Package caption Info: hyperref package is loaded.
Package caption Info: End \AtBeginDocument code.
\AtBeginShipoutBox=\box31
Package hyperref Info: Link coloring OFF on input line 16.

(/usr/share/texlive/texmf-dist/tex/latex/hyperref/nameref.sty
Package: nameref 2012/10/27 v2.43 Cross-referencing by name of section

(/usr/share/texlive/texmf-dist/tex/generic/oberdiek/gettitlestring.sty
Package: gettitlestring 2010/12/03 v1.4 Cleanup title references (HO)
)
\c@section@level=\count126
)
LaTeX Info: Redefining \ref on input line 16.
LaTeX Info: Redefining \pageref on input line 16.
LaTeX Info: Redefining \nameref on input line 16.

(./documentation.out) (./documentation.out)
\@outlinefile=\write3
\openout3 = `documentation.out'.



LaTeX Font Warning: Font shape `OT1/cmr/bx/sc' undefined
(Font)              using `OT1/cmr/bx/n' instead on input line 20.

LaTeX Font Info:    Try loading font information for U+msa on input line 20.
(/usr/share/texlive/texmf-dist/tex/latex/amsfonts/umsa.fd
File: umsa.fd 2013/01/14 v3.01 AMS symbols A
)
LaTeX Font Info:    Try loading font information for U+msb on input line 20.

(/usr/share/texlive/texmf-dist/tex/latex/amsfonts/umsb.fd
File: umsb.fd 2013/01/14 v3.01 AMS symbols B
) [1

{/usr/share/texlive/texmf-dist/fonts/map/pdftex/updmap/pdftex.map}] (./document
ation.toc)
\tf@toc=\write4
\openout4 = `documentation.toc'.


(./documentation.lof)
\tf@lof=\write5
\openout5 = `documentation.lof'.

 (./documentation.lot)
\tf@lot=\write6
\openout6 = `documentation.lot'.

 [2]
Underfull \hbox (badness 10000) in paragraph at lines 36--37

 []


Underfull \hbox (badness 1939) in paragraph at lines 37--38
[]\OT1/cmr/m/n/10 KMOS in-stru-ment ex-pla-na-tion (overview, de-scrip-tion, et
c.): []$\OT1/cmtt/m/n/10 https : / / www . eso . org / sci / facilities / paran
al /
 []


Underfull \hbox (badness 10000) in paragraph at lines 37--38

 []


Underfull \hbox (badness 10000) in paragraph at lines 38--39

 []


Underfull \hbox (badness 10000) in paragraph at lines 39--40

 []


Underfull \hbox (badness 10000) in paragraph at lines 40--41

 []


Underfull \hbox (badness 10000) in paragraph at lines 41--42

 []


Underfull \hbox (badness 10000) in paragraph at lines 43--44

 []


Underfull \hbox (badness 10000) in paragraph at lines 44--45

 []


Underfull \hbox (badness 10000) in paragraph at lines 45--46

 []


Underfull \hbox (badness 10000) in paragraph at lines 46--47

 []


Underfull \hbox (badness 10000) in paragraph at lines 49--50

 []

[3]
Underfull \hbox (badness 10000) in paragraph at lines 55--56

 []


Underfull \hbox (badness 10000) in paragraph at lines 117--118

 []

[4]

Package hyperref Warning: Token not allowed in a PDF string (PDFDocEncoding):
(hyperref)                removing `math shift' on input line 121.


Package hyperref Warning: Token not allowed in a PDF string (PDFDocEncoding):
(hyperref)                removing `\alpha' on input line 121.


Package hyperref Warning: Token not allowed in a PDF string (PDFDocEncoding):
(hyperref)                removing `math shift' on input line 121.


Underfull \hbox (badness 10000) in paragraph at lines 122--123

 []


Underfull \hbox (badness 10000) in paragraph at lines 127--128

 []


<figures/CL0034-YJ-OB-1_COMBINE_SCI_RECONSTRUCTED_4.pdf, id=169, 1336.995pt x 3
97.485pt>
File: figures/CL0034-YJ-OB-1_COMBINE_SCI_RECONSTRUCTED_4.pdf Graphic file (type
 pdf)
 <use figures/CL0034-YJ-OB-1_COMBINE_SCI_RECONSTRUCTED_4.pdf>
Package pdftex.def Info: figures/CL0034-YJ-OB-1_COMBINE_SCI_RECONSTRUCTED_4.pdf
 used on input line 131.
(pdftex.def)             Requested size: 534.78853pt x 158.99118pt.

Underfull \hbox (badness 10000) in paragraph at lines 135--139

 []

[5 <./figures/CL0034-YJ-OB-1_COMBINE_SCI_RECONSTRUCTED_4.pdf>]
<figures/flux_of_target_4_IFU_1_relative_residuals_from_interim_data.pdf, id=24
9, 1379.79088pt x 372.93706pt>
File: figures/flux_of_target_4_IFU_1_relative_residuals_from_interim_data.pdf G
raphic file (type pdf)

<use figures/flux_of_target_4_IFU_1_relative_residuals_from_interim_data.pdf>
Package pdftex.def Info: figures/flux_of_target_4_IFU_1_relative_residuals_from
_interim_data.pdf used on input line 142.
(pdftex.def)             Requested size: 551.90659pt x 149.17218pt.

Overfull \hbox (9.88158pt too wide) in paragraph at lines 142--143
[][] 
 []


Underfull \hbox (badness 10000) in paragraph at lines 146--147

 []

<figures/sky_flux_raw.pdf, id=250, 1402.86143pt x 372.93706pt>
File: figures/sky_flux_raw.pdf Graphic file (type pdf)

<use figures/sky_flux_raw.pdf>
Package pdftex.def Info: figures/sky_flux_raw.pdf used on input line 150.
(pdftex.def)             Requested size: 561.13464pt x 149.17218pt.

Overfull \hbox (19.10963pt too wide) in paragraph at lines 150--151
[][] 
 []


Underfull \hbox (badness 10000) in paragraph at lines 154--155

 []

<figures/sky_flux.pdf, id=251, 1392.80826pt x 372.93706pt>
File: figures/sky_flux.pdf Graphic file (type pdf)

<use figures/sky_flux.pdf>
Package pdftex.def Info: figures/sky_flux.pdf used on input line 158.
(pdftex.def)             Requested size: 557.11343pt x 149.17218pt.

Overfull \hbox (15.08842pt too wide) in paragraph at lines 158--159
[][] 
 []


LaTeX Warning: `!h' float specifier changed to `!ht'.


Underfull \hbox (badness 10000) in paragraph at lines 162--163

 []

[6 <./figures/flux_of_target_4_IFU_1_relative_residuals_from_interim_data.pdf> 
<./figures/sky_flux_raw.pdf

pdfTeX warning: pdflatex (file ./figures/sky_flux_raw.pdf): PDF inclusion: mult
iple pdfs with page group included in a single page
>]
Underfull \hbox (badness 10000) in paragraph at lines 168--169

 []


Underfull \hbox (badness 10000) in paragraph at lines 170--171

 []


Underfull \hbox (badness 10000) in paragraph at lines 172--173

 []

[7 <./figures/sky_flux.pdf>]
<figures/CL0034-YJ-OB-1_COMBINE_SCI_RECONSTRUCTED_5.pdf, id=418, 1336.995pt x 3
97.485pt>
File: figures/CL0034-YJ-OB-1_COMBINE_SCI_RECONSTRUCTED_5.pdf Graphic file (type
 pdf)
 <use figures/CL0034-YJ-OB-1_COMBINE_SCI_RECONSTRUCTED_5.pdf>
Package pdftex.def Info: figures/CL0034-YJ-OB-1_COMBINE_SCI_RECONSTRUCTED_5.pdf
 used on input line 177.
(pdftex.def)             Requested size: 534.78853pt x 158.99118pt.

<figures/CL0034-YJ-OB-1_COMBINE_SCI_RECONSTRUCTED_11.pdf, id=419, 1336.995pt x 
397.485pt>
File: figures/CL0034-YJ-OB-1_COMBINE_SCI_RECONSTRUCTED_11.pdf Graphic file (typ
e pdf)
 <use figures/CL0034-YJ-OB-1_COMBINE_SCI_RECONSTRUCTED_11.pdf>
Package pdftex.def Info: figures/CL0034-YJ-OB-1_COMBINE_SCI_RECONSTRUCTED_11.pd
f used on input line 182.
(pdftex.def)             Requested size: 534.78853pt x 158.99118pt.

<figures/CL0034-YJ-OB-2_COMBINE_SCI_RECONSTRUCTED_5.pdf, id=420, 1336.995pt x 3
97.485pt>
File: figures/CL0034-YJ-OB-2_COMBINE_SCI_RECONSTRUCTED_5.pdf Graphic file (type
 pdf)
 <use figures/CL0034-YJ-OB-2_COMBINE_SCI_RECONSTRUCTED_5.pdf>
Package pdftex.def Info: figures/CL0034-YJ-OB-2_COMBINE_SCI_RECONSTRUCTED_5.pdf
 used on input line 187.
(pdftex.def)             Requested size: 534.78853pt x 158.99118pt.
 [8 <./figures/CL0034-YJ-OB-1_COMBINE_SCI_RECONSTRUCTED_5.pdf> <./figures/CL003
4-YJ-OB-1_COMBINE_SCI_RECONSTRUCTED_11.pdf

pdfTeX warning: pdflatex (file ./figures/CL0034-YJ-OB-1_COMBINE_SCI_RECONSTRUCT
ED_11.pdf): PDF inclusion: multiple pdfs with page group included in a single p
age
> <./figures/CL0034-YJ-OB-2_COMBINE_SCI_RECONSTRUCTED_5.pdf

pdfTeX warning: pdflatex (file ./figures/CL0034-YJ-OB-2_COMBINE_SCI_RECONSTRUCT
ED_5.pdf): PDF inclusion: multiple pdfs with page group included in a single pa
ge
>]
<figures/CL0034-YJ-OB-2_COMBINE_SCI_RECONSTRUCTED_11.pdf, id=630, 1336.995pt x 
397.485pt>
File: figures/CL0034-YJ-OB-2_COMBINE_SCI_RECONSTRUCTED_11.pdf Graphic file (typ
e pdf)
 <use figures/CL0034-YJ-OB-2_COMBINE_SCI_RECONSTRUCTED_11.pdf>
Package pdftex.def Info: figures/CL0034-YJ-OB-2_COMBINE_SCI_RECONSTRUCTED_11.pd
f used on input line 194.
(pdftex.def)             Requested size: 534.78853pt x 158.99118pt.

<figures/CL0036-YJ-OB-1_COMBINE_SCI_RECONSTRUCTED_4.pdf, id=631, 1336.995pt x 3
97.485pt>
File: figures/CL0036-YJ-OB-1_COMBINE_SCI_RECONSTRUCTED_4.pdf Graphic file (type
 pdf)
 <use figures/CL0036-YJ-OB-1_COMBINE_SCI_RECONSTRUCTED_4.pdf>
Package pdftex.def Info: figures/CL0036-YJ-OB-1_COMBINE_SCI_RECONSTRUCTED_4.pdf
 used on input line 199.
(pdftex.def)             Requested size: 534.78853pt x 158.99118pt.

<figures/CL0036-YJ-OB-1_COMBINE_SCI_RECONSTRUCTED_15.pdf, id=632, 1336.995pt x 
397.485pt>
File: figures/CL0036-YJ-OB-1_COMBINE_SCI_RECONSTRUCTED_15.pdf Graphic file (typ
e pdf)
 <use figures/CL0036-YJ-OB-1_COMBINE_SCI_RECONSTRUCTED_15.pdf>
Package pdftex.def Info: figures/CL0036-YJ-OB-1_COMBINE_SCI_RECONSTRUCTED_15.pd
f used on input line 204.
(pdftex.def)             Requested size: 534.78853pt x 158.99118pt.

<figures/CL0036-YJ-OB-2_COMBINE_SCI_RECONSTRUCTED_4.pdf, id=633, 1336.995pt x 3
97.485pt>
File: figures/CL0036-YJ-OB-2_COMBINE_SCI_RECONSTRUCTED_4.pdf Graphic file (type
 pdf)
 <use figures/CL0036-YJ-OB-2_COMBINE_SCI_RECONSTRUCTED_4.pdf>
Package pdftex.def Info: figures/CL0036-YJ-OB-2_COMBINE_SCI_RECONSTRUCTED_4.pdf
 used on input line 209.
(pdftex.def)             Requested size: 534.78853pt x 158.99118pt.


LaTeX Warning: `!h' float specifier changed to `!ht'.


<figures/CL0036-YJ-OB-2_COMBINE_SCI_RECONSTRUCTED_15.pdf, id=634, 1336.995pt x 
397.485pt>
File: figures/CL0036-YJ-OB-2_COMBINE_SCI_RECONSTRUCTED_15.pdf Graphic file (typ
e pdf)
 <use figures/CL0036-YJ-OB-2_COMBINE_SCI_RECONSTRUCTED_15.pdf>
Package pdftex.def Info: figures/CL0036-YJ-OB-2_COMBINE_SCI_RECONSTRUCTED_15.pd
f used on input line 214.
(pdftex.def)             Requested size: 534.78853pt x 158.99118pt.


LaTeX Warning: `!h' float specifier changed to `!ht'.


Underfull \hbox (badness 10000) in paragraph at lines 217--220

 []


Underfull \hbox (badness 10000) in paragraph at lines 217--220

 []


Underfull \hbox (badness 10000) in paragraph at lines 217--220

 []

[9 <./figures/CL0034-YJ-OB-2_COMBINE_SCI_RECONSTRUCTED_11.pdf> <./figures/CL003
6-YJ-OB-1_COMBINE_SCI_RECONSTRUCTED_4.pdf

pdfTeX warning: pdflatex (file ./figures/CL0036-YJ-OB-1_COMBINE_SCI_RECONSTRUCT
ED_4.pdf): PDF inclusion: multiple pdfs with page group included in a single pa
ge
> <./figures/CL0036-YJ-OB-1_COMBINE_SCI_RECONSTRUCTED_15.pdf

pdfTeX warning: pdflatex (file ./figures/CL0036-YJ-OB-1_COMBINE_SCI_RECONSTRUCT
ED_15.pdf): PDF inclusion: multiple pdfs with page group included in a single p
age
>]
Underfull \hbox (badness 10000) in paragraph at lines 222--223

 []


Underfull \hbox (badness 10000) in paragraph at lines 224--225

 []


<figures/CL0034_target_11_OB1_collapsed.png, id=845, 356.33125pt x 314.17375pt>
File: figures/CL0034_target_11_OB1_collapsed.png Graphic file (type png)
<use figures/CL0034_target_11_OB1_collapsed.png>
Package pdftex.def Info: figures/CL0034_target_11_OB1_collapsed.png used on inp
ut line 229.
(pdftex.def)             Requested size: 142.52997pt x 125.66727pt.

Underfull \hbox (badness 10000) in paragraph at lines 236--237

 []

[10 <./figures/CL0036-YJ-OB-2_COMBINE_SCI_RECONSTRUCTED_4.pdf> <./figures/CL003
6-YJ-OB-2_COMBINE_SCI_RECONSTRUCTED_15.pdf

pdfTeX warning: pdflatex (file ./figures/CL0036-YJ-OB-2_COMBINE_SCI_RECONSTRUCT
ED_15.pdf): PDF inclusion: multiple pdfs with page group included in a single p
age
> <./figures/CL0034_target_11_OB1_collapsed.png>]
<figures/CL0034-YJ-OB-1_COMBINE_SCI_RECONSTRUCTED_11_specific_spaxels.pdf, id=9
89, 1336.995pt x 397.485pt>
File: figures/CL0034-YJ-OB-1_COMBINE_SCI_RECONSTRUCTED_11_specific_spaxels.pdf 
Graphic file (type pdf)

<use figures/CL0034-YJ-OB-1_COMBINE_SCI_RECONSTRUCTED_11_specific_spaxels.pdf>
Package pdftex.def Info: figures/CL0034-YJ-OB-1_COMBINE_SCI_RECONSTRUCTED_11_sp
ecific_spaxels.pdf used on input line 240.
(pdftex.def)             Requested size: 534.78853pt x 158.99118pt.

Underfull \hbox (badness 10000) in paragraph at lines 244--245

 []


<figures/CL0036_target_4_OB1_collapsed.png, id=990, 356.33125pt x 314.17375pt>
File: figures/CL0036_target_4_OB1_collapsed.png Graphic file (type png)

<use figures/CL0036_target_4_OB1_collapsed.png>
Package pdftex.def Info: figures/CL0036_target_4_OB1_collapsed.png used on inpu
t line 249.
(pdftex.def)             Requested size: 142.52997pt x 125.66727pt.

<figures/CL0036-YJ-OB-1_COMBINE_SCI_RECONSTRUCTED_4_specific_spaxels.pdf, id=99
1, 1336.995pt x 397.485pt>
File: figures/CL0036-YJ-OB-1_COMBINE_SCI_RECONSTRUCTED_4_specific_spaxels.pdf G
raphic file (type pdf)

<use figures/CL0036-YJ-OB-1_COMBINE_SCI_RECONSTRUCTED_4_specific_spaxels.pdf>
Package pdftex.def Info: figures/CL0036-YJ-OB-1_COMBINE_SCI_RECONSTRUCTED_4_spe
cific_spaxels.pdf used on input line 256.
(pdftex.def)             Requested size: 534.78853pt x 158.99118pt.

Underfull \hbox (badness 10000) in paragraph at lines 261--262

 []

[11 <./figures/CL0034-YJ-OB-1_COMBINE_SCI_RECONSTRUCTED_11_specific_spaxels.pdf
> <./figures/CL0036_target_4_OB1_collapsed.png> <./figures/CL0036-YJ-OB-1_COMBI
NE_SCI_RECONSTRUCTED_4_specific_spaxels.pdf

pdfTeX warning: pdflatex (file ./figures/CL0036-YJ-OB-1_COMBINE_SCI_RECONSTRUCT
ED_4_specific_spaxels.pdf): PDF inclusion: multiple pdfs with page group includ
ed in a single page
>]
Underfull \hbox (badness 10000) in paragraph at lines 263--264

 []


Underfull \hbox (badness 10000) in paragraph at lines 265--266

 []


Underfull \hbox (badness 10000) in paragraph at lines 267--268

 []


Underfull \hbox (badness 10000) in paragraph at lines 269--272

 []


Underfull \hbox (badness 10000) in paragraph at lines 273--275

 []


Overfull \hbox (2.65393pt too wide) in paragraph at lines 276--277
\OMS/cmsy/m/n/10 ^^X$\OT1/cmr/m/n/10 /S16work/figures/laptop/target$[]$sky$[]$f
raction$[]$of$[]$object/sky$[]$subtracted$[]$spectrum$[]$of$[]$IFUs/specific$[]
$targets/ for the rest of the
 []


Underfull \hbox (badness 10000) in paragraph at lines 276--277

 []


<figures/CL0034-YJ-OB-1_2014-07-11Tfirst_exposure_Target_5.pdf, id=1135, 1385.3
2718pt x 375.02296pt>
File: figures/CL0034-YJ-OB-1_2014-07-11Tfirst_exposure_Target_5.pdf Graphic fil
e (type pdf)

<use figures/CL0034-YJ-OB-1_2014-07-11Tfirst_exposure_Target_5.pdf>
Package pdftex.def Info: figures/CL0034-YJ-OB-1_2014-07-11Tfirst_exposure_Targe
t_5.pdf used on input line 280.
(pdftex.def)             Requested size: 554.12106pt x 150.00652pt.

Overfull \hbox (12.09605pt too wide) in paragraph at lines 280--281
[][] 
 []


Overfull \hbox (12.72064pt too wide) in paragraph at lines 284--285
\OMS/cmsy/m/n/10 ^^X$\OT1/cmr/m/n/10 /S16work/manual$[]$sky$[]$subtraction$[]$s
cripts/target$[]$sky$[]$fraction$[]$of$[]$IFU$[]$specific$[]$targets$[]$specifi
c$[]$regions$[]$exposures$[]$averaged.py).
 []


Underfull \hbox (badness 10000) in paragraph at lines 284--285

 []


<figures/CL0034-YJ_Target_5_specific_region.pdf, id=1136, 1350.74486pt x 375.02
296pt>
File: figures/CL0034-YJ_Target_5_specific_region.pdf Graphic file (type pdf)
 <use figures/CL0034-YJ_Target_5_specific_region.pdf>
Package pdftex.def Info: figures/CL0034-YJ_Target_5_specific_region.pdf used on
 input line 288.
(pdftex.def)             Requested size: 540.28838pt x 150.00652pt.


LaTeX Warning: `!h' float specifier changed to `!ht'.


Overfull \hbox (26.04288pt too wide) in paragraph at lines 292--293
\OMS/cmsy/m/n/10 ^^X$\OT1/cmr/m/n/10 /S16work/manual$[]$sky$[]$subtraction$[]$s
cripts/target$[]$sky$[]$fraction$[]$of$[]$IFU$[]$specific$[]$targets$[]$specifi
c$[]$regions$[]$exposures$[]$averaged$[]$IZ.py).
 []


Underfull \hbox (badness 10000) in paragraph at lines 292--293

 []


<figures/CL0034-IZ_Target_5_specific_region.pdf, id=1137, 1339.24878pt x 375.02
296pt>
File: figures/CL0034-IZ_Target_5_specific_region.pdf Graphic file (type pdf)
 <use figures/CL0034-IZ_Target_5_specific_region.pdf>
Package pdftex.def Info: figures/CL0034-IZ_Target_5_specific_region.pdf used on
 input line 296.
(pdftex.def)             Requested size: 535.69003pt x 150.00652pt.


LaTeX Warning: `!h' float specifier changed to `!ht'.


Overfull \hbox (20.97606pt too wide) in paragraph at lines 303--308
\OT1/cmr/m/n/10 tar-get arm flux, we guar-an-tee we are scal-ing the skies prop
-erly (see $\OMS/cmsy/m/n/10 ^^X$\OT1/cmr/m/n/10 /S16work/manual$[]$sky$[]$subt
raction$[]$scripts/using$[]$sky$[]$arms.py) 
 []


Underfull \hbox (badness 10000) in paragraph at lines 303--308

 []

[12 <./figures/CL0034-YJ-OB-1_2014-07-11Tfirst_exposure_Target_5.pdf>]
<figures/CL0036-Target_26.png, id=1196, 449.68pt x 450.68375pt>
File: figures/CL0036-Target_26.png Graphic file (type png)

<use figures/CL0036-Target_26.png>
Package pdftex.def Info: figures/CL0036-Target_26.png used on input line 312.
(pdftex.def)             Requested size: 179.8688pt x 180.2703pt.


LaTeX Warning: `!h' float specifier changed to `!ht'.


Underfull \hbox (badness 10000) in paragraph at lines 317--318

 []


Underfull \hbox (badness 10000) in paragraph at lines 319--320

 []


Underfull \hbox (badness 10000) in paragraph at lines 321--322

 []


Underfull \hbox (badness 10000) in paragraph at lines 323--324

 []

[13 <./figures/CL0034-YJ_Target_5_specific_region.pdf> <./figures/CL0034-IZ_Tar
get_5_specific_region.pdf

pdfTeX warning: pdflatex (file ./figures/CL0034-IZ_Target_5_specific_region.pdf
): PDF inclusion: multiple pdfs with page group included in a single page
>]
Overfull \hbox (2.0448pt too wide) in paragraph at lines 328--329
\OMS/cmsy/m/n/10 ^^X$\OT1/cmr/m/n/10 /S16work/diagnostic$[]$of$[]$objects/local
$[]$sky$[]$subtraction/local$[]$sky$[]$subtraction$[]$sky$[]$arm$[]$sky$[]$fram
e$[]$as$[]$sky$[]$flux.py). See the be-
 []


Underfull \hbox (badness 10000) in paragraph at lines 328--329

 []


<figures/COMBINE_SCI_RECONSTRUCTED_2_Halpha.pdf, id=1297, 1292.91945pt x 386.72
606pt>
File: figures/COMBINE_SCI_RECONSTRUCTED_2_Halpha.pdf Graphic file (type pdf)
 <use figures/COMBINE_SCI_RECONSTRUCTED_2_Halpha.pdf>
Package pdftex.def Info: figures/COMBINE_SCI_RECONSTRUCTED_2_Halpha.pdf used on
 input line 332.
(pdftex.def)             Requested size: 517.15863pt x 154.68768pt.

Underfull \hbox (badness 10000) in paragraph at lines 336--337

 []


Underfull \hbox (badness 10000) in paragraph at lines 338--339

 []

[14 <./figures/CL0036-Target_26.png> <./figures/COMBINE_SCI_RECONSTRUCTED_2_Hal
pha.pdf>]
Underfull \hbox (badness 10000) in paragraph at lines 340--341

 []


Underfull \hbox (badness 10000) in paragraph at lines 342--343

 []

Package atveryend Info: Empty hook `BeforeClearDocument' on input line 346.
[15]
Package atveryend Info: Empty hook `AfterLastShipout' on input line 346.
 (./documentation.aux)
Package atveryend Info: Executing hook `AtVeryEndDocument' on input line 346.
Package atveryend Info: Executing hook `AtEndAfterFileList' on input line 346.
Package rerunfilecheck Info: File `documentation.out' has not changed.
(rerunfilecheck)             Checksum: 8C04435366F1279BF81D507BB7F9547F;1038.


LaTeX Font Warning: Some font shapes were not available, defaults substituted.

Package atveryend Info: Empty hook `AtVeryVeryEnd' on input line 346.
 ) 
Here is how much of TeX's memory you used:
 8824 strings out of 493339
 135591 string characters out of 6141383
 402055 words of memory out of 5000000
 12052 multiletter control sequences out of 15000+600000
 13199 words of font info for 51 fonts, out of 8000000 for 9000
 953 hyphenation exceptions out of 8191
 42i,13n,75p,1799b,356s stack positions out of 5000i,500n,10000p,200000b,80000s
</usr/share/texlive/texmf-dist/fonts/type1/public/amsfonts/cm/cmbx10.pfb></us
r/share/texlive/texmf-dist/fonts/type1/public/amsfonts/cm/cmbx12.pfb></usr/shar
e/texlive/texmf-dist/fonts/type1/public/amsfonts/cm/cmbx7.pfb></usr/share/texli
ve/texmf-dist/fonts/type1/public/amsfonts/cm/cmcsc10.pfb></usr/share/texlive/te
xmf-dist/fonts/type1/public/amsfonts/cm/cmmi10.pfb></usr/share/texlive/texmf-di
st/fonts/type1/public/amsfonts/cm/cmmi12.pfb></usr/share/texlive/texmf-dist/fon
ts/type1/public/amsfonts/cm/cmmi5.pfb></usr/share/texlive/texmf-dist/fonts/type
1/public/amsfonts/cm/cmmi7.pfb></usr/share/texlive/texmf-dist/fonts/type1/publi
c/amsfonts/cm/cmr10.pfb></usr/share/texlive/texmf-dist/fonts/type1/public/amsfo
nts/cm/cmr12.pfb></usr/share/texlive/texmf-dist/fonts/type1/public/amsfonts/cm/
cmr5.pfb></usr/share/texlive/texmf-dist/fonts/type1/public/amsfonts/cm/cmr7.pfb
></usr/share/texlive/texmf-dist/fonts/type1/public/amsfonts/cm/cmsy10.pfb></usr
/share/texlive/texmf-dist/fonts/type1/public/amsfonts/cm/cmtt10.pfb>
Output written on documentation.pdf (15 pages, 1293723 bytes).
PDF statistics:
 1443 PDF objects out of 1728 (max. 8388607)
 422 compressed objects within 5 object streams
 66 named destinations out of 1000 (max. 500000)
 194 words of extra memory for PDF output out of 10000 (max. 10000000)

