This is pdfTeX, Version 3.14159265-2.6-1.40.15 (TeX Live 2014) (preloaded format=pdflatex 2016.6.6)  6 JUN 2016 16:19
entering extended mode
 restricted \write18 enabled.
 %&-line parsing enabled.
**diagnostic_report_OB1.tex
(./diagnostic_report_OB1.tex
LaTeX2e <2011/06/27>
Babel <3.9k> and hyphenation patterns for 75 languages loaded.
(/usr/share/texlive/texmf-dist/tex/latex/base/article.cls
Document Class: article 2007/10/19 v1.4h Standard LaTeX document class
(/usr/share/texlive/texmf-dist/tex/latex/base/size10.clo
File: size10.clo 2007/10/19 v1.4h Standard LaTeX file (size option)
)
\c@part=\count79
\c@section=\count80
\c@subsection=\count81
\c@subsubsection=\count82
\c@paragraph=\count83
\c@subparagraph=\count84
\c@figure=\count85
\c@table=\count86
\abovecaptionskip=\skip41
\belowcaptionskip=\skip42
\bibindent=\dimen102
)
(/usr/share/texlive/texmf-dist/tex/latex/geometry/geometry.sty
Package: geometry 2010/09/12 v5.6 Page Geometry

(/usr/share/texlive/texmf-dist/tex/latex/graphics/keyval.sty
Package: keyval 1999/03/16 v1.13 key=value parser (DPC)
\KV@toks@=\toks14
)
(/usr/share/texlive/texmf-dist/tex/generic/oberdiek/ifpdf.sty
Package: ifpdf 2011/01/30 v2.3 Provides the ifpdf switch (HO)
Package ifpdf Info: pdfTeX in PDF mode is detected.
)
(/usr/share/texlive/texmf-dist/tex/generic/oberdiek/ifvtex.sty
Package: ifvtex 2010/03/01 v1.5 Detect VTeX and its facilities (HO)
Package ifvtex Info: VTeX not detected.
)
(/usr/share/texlive/texmf-dist/tex/generic/ifxetex/ifxetex.sty
Package: ifxetex 2010/09/12 v0.6 Provides ifxetex conditional
)
\Gm@cnth=\count87
\Gm@cntv=\count88
\c@Gm@tempcnt=\count89
\Gm@bindingoffset=\dimen103
\Gm@wd@mp=\dimen104
\Gm@odd@mp=\dimen105
\Gm@even@mp=\dimen106
\Gm@layoutwidth=\dimen107
\Gm@layoutheight=\dimen108
\Gm@layouthoffset=\dimen109
\Gm@layoutvoffset=\dimen110
\Gm@dimlist=\toks15
)
(/usr/share/texlive/texmf-dist/tex/latex/base/inputenc.sty
Package: inputenc 2008/03/30 v1.1d Input encoding file
\inpenc@prehook=\toks16
\inpenc@posthook=\toks17

(/usr/share/texlive/texmf-dist/tex/latex/base/utf8.def
File: utf8.def 2008/04/05 v1.1m UTF-8 support for inputenc
Now handling font encoding OML ...
... no UTF-8 mapping file for font encoding OML
Now handling font encoding T1 ...
... processing UTF-8 mapping file for font encoding T1

(/usr/share/texlive/texmf-dist/tex/latex/base/t1enc.dfu
File: t1enc.dfu 2008/04/05 v1.1m UTF-8 support for inputenc
   defining Unicode char U+00A1 (decimal 161)
   defining Unicode char U+00A3 (decimal 163)
   defining Unicode char U+00AB (decimal 171)
   defining Unicode char U+00BB (decimal 187)
   defining Unicode char U+00BF (decimal 191)
   defining Unicode char U+00C0 (decimal 192)
   defining Unicode char U+00C1 (decimal 193)
   defining Unicode char U+00C2 (decimal 194)
   defining Unicode char U+00C3 (decimal 195)
   defining Unicode char U+00C4 (decimal 196)
   defining Unicode char U+00C5 (decimal 197)
   defining Unicode char U+00C6 (decimal 198)
   defining Unicode char U+00C7 (decimal 199)
   defining Unicode char U+00C8 (decimal 200)
   defining Unicode char U+00C9 (decimal 201)
   defining Unicode char U+00CA (decimal 202)
   defining Unicode char U+00CB (decimal 203)
   defining Unicode char U+00CC (decimal 204)
   defining Unicode char U+00CD (decimal 205)
   defining Unicode char U+00CE (decimal 206)
   defining Unicode char U+00CF (decimal 207)
   defining Unicode char U+00D0 (decimal 208)
   defining Unicode char U+00D1 (decimal 209)
   defining Unicode char U+00D2 (decimal 210)
   defining Unicode char U+00D3 (decimal 211)
   defining Unicode char U+00D4 (decimal 212)
   defining Unicode char U+00D5 (decimal 213)
   defining Unicode char U+00D6 (decimal 214)
   defining Unicode char U+00D8 (decimal 216)
   defining Unicode char U+00D9 (decimal 217)
   defining Unicode char U+00DA (decimal 218)
   defining Unicode char U+00DB (decimal 219)
   defining Unicode char U+00DC (decimal 220)
   defining Unicode char U+00DD (decimal 221)
   defining Unicode char U+00DE (decimal 222)
   defining Unicode char U+00DF (decimal 223)
   defining Unicode char U+00E0 (decimal 224)
   defining Unicode char U+00E1 (decimal 225)
   defining Unicode char U+00E2 (decimal 226)
   defining Unicode char U+00E3 (decimal 227)
   defining Unicode char U+00E4 (decimal 228)
   defining Unicode char U+00E5 (decimal 229)
   defining Unicode char U+00E6 (decimal 230)
   defining Unicode char U+00E7 (decimal 231)
   defining Unicode char U+00E8 (decimal 232)
   defining Unicode char U+00E9 (decimal 233)
   defining Unicode char U+00EA (decimal 234)
   defining Unicode char U+00EB (decimal 235)
   defining Unicode char U+00EC (decimal 236)
   defining Unicode char U+00ED (decimal 237)
   defining Unicode char U+00EE (decimal 238)
   defining Unicode char U+00EF (decimal 239)
   defining Unicode char U+00F0 (decimal 240)
   defining Unicode char U+00F1 (decimal 241)
   defining Unicode char U+00F2 (decimal 242)
   defining Unicode char U+00F3 (decimal 243)
   defining Unicode char U+00F4 (decimal 244)
   defining Unicode char U+00F5 (decimal 245)
   defining Unicode char U+00F6 (decimal 246)
   defining Unicode char U+00F8 (decimal 248)
   defining Unicode char U+00F9 (decimal 249)
   defining Unicode char U+00FA (decimal 250)
   defining Unicode char U+00FB (decimal 251)
   defining Unicode char U+00FC (decimal 252)
   defining Unicode char U+00FD (decimal 253)
   defining Unicode char U+00FE (decimal 254)
   defining Unicode char U+00FF (decimal 255)
   defining Unicode char U+0102 (decimal 258)
   defining Unicode char U+0103 (decimal 259)
   defining Unicode char U+0104 (decimal 260)
   defining Unicode char U+0105 (decimal 261)
   defining Unicode char U+0106 (decimal 262)
   defining Unicode char U+0107 (decimal 263)
   defining Unicode char U+010C (decimal 268)
   defining Unicode char U+010D (decimal 269)
   defining Unicode char U+010E (decimal 270)
   defining Unicode char U+010F (decimal 271)
   defining Unicode char U+0110 (decimal 272)
   defining Unicode char U+0111 (decimal 273)
   defining Unicode char U+0118 (decimal 280)
   defining Unicode char U+0119 (decimal 281)
   defining Unicode char U+011A (decimal 282)
   defining Unicode char U+011B (decimal 283)
   defining Unicode char U+011E (decimal 286)
   defining Unicode char U+011F (decimal 287)
   defining Unicode char U+0130 (decimal 304)
   defining Unicode char U+0131 (decimal 305)
   defining Unicode char U+0132 (decimal 306)
   defining Unicode char U+0133 (decimal 307)
   defining Unicode char U+0139 (decimal 313)
   defining Unicode char U+013A (decimal 314)
   defining Unicode char U+013D (decimal 317)
   defining Unicode char U+013E (decimal 318)
   defining Unicode char U+0141 (decimal 321)
   defining Unicode char U+0142 (decimal 322)
   defining Unicode char U+0143 (decimal 323)
   defining Unicode char U+0144 (decimal 324)
   defining Unicode char U+0147 (decimal 327)
   defining Unicode char U+0148 (decimal 328)
   defining Unicode char U+014A (decimal 330)
   defining Unicode char U+014B (decimal 331)
   defining Unicode char U+0150 (decimal 336)
   defining Unicode char U+0151 (decimal 337)
   defining Unicode char U+0152 (decimal 338)
   defining Unicode char U+0153 (decimal 339)
   defining Unicode char U+0154 (decimal 340)
   defining Unicode char U+0155 (decimal 341)
   defining Unicode char U+0158 (decimal 344)
   defining Unicode char U+0159 (decimal 345)
   defining Unicode char U+015A (decimal 346)
   defining Unicode char U+015B (decimal 347)
   defining Unicode char U+015E (decimal 350)
   defining Unicode char U+015F (decimal 351)
   defining Unicode char U+0160 (decimal 352)
   defining Unicode char U+0161 (decimal 353)
   defining Unicode char U+0162 (decimal 354)
   defining Unicode char U+0163 (decimal 355)
   defining Unicode char U+0164 (decimal 356)
   defining Unicode char U+0165 (decimal 357)
   defining Unicode char U+016E (decimal 366)
   defining Unicode char U+016F (decimal 367)
   defining Unicode char U+0170 (decimal 368)
   defining Unicode char U+0171 (decimal 369)
   defining Unicode char U+0178 (decimal 376)
   defining Unicode char U+0179 (decimal 377)
   defining Unicode char U+017A (decimal 378)
   defining Unicode char U+017B (decimal 379)
   defining Unicode char U+017C (decimal 380)
   defining Unicode char U+017D (decimal 381)
   defining Unicode char U+017E (decimal 382)
   defining Unicode char U+200C (decimal 8204)
   defining Unicode char U+2013 (decimal 8211)
   defining Unicode char U+2014 (decimal 8212)
   defining Unicode char U+2018 (decimal 8216)
   defining Unicode char U+2019 (decimal 8217)
   defining Unicode char U+201A (decimal 8218)
   defining Unicode char U+201C (decimal 8220)
   defining Unicode char U+201D (decimal 8221)
   defining Unicode char U+201E (decimal 8222)
   defining Unicode char U+2030 (decimal 8240)
   defining Unicode char U+2031 (decimal 8241)
   defining Unicode char U+2039 (decimal 8249)
   defining Unicode char U+203A (decimal 8250)
   defining Unicode char U+2423 (decimal 9251)
)
Now handling font encoding OT1 ...
... processing UTF-8 mapping file for font encoding OT1

(/usr/share/texlive/texmf-dist/tex/latex/base/ot1enc.dfu
File: ot1enc.dfu 2008/04/05 v1.1m UTF-8 support for inputenc
   defining Unicode char U+00A1 (decimal 161)
   defining Unicode char U+00A3 (decimal 163)
   defining Unicode char U+00B8 (decimal 184)
   defining Unicode char U+00BF (decimal 191)
   defining Unicode char U+00C5 (decimal 197)
   defining Unicode char U+00C6 (decimal 198)
   defining Unicode char U+00D8 (decimal 216)
   defining Unicode char U+00DF (decimal 223)
   defining Unicode char U+00E6 (decimal 230)
   defining Unicode char U+00EC (decimal 236)
   defining Unicode char U+00ED (decimal 237)
   defining Unicode char U+00EE (decimal 238)
   defining Unicode char U+00EF (decimal 239)
   defining Unicode char U+00F8 (decimal 248)
   defining Unicode char U+0131 (decimal 305)
   defining Unicode char U+0141 (decimal 321)
   defining Unicode char U+0142 (decimal 322)
   defining Unicode char U+0152 (decimal 338)
   defining Unicode char U+0153 (decimal 339)
   defining Unicode char U+2013 (decimal 8211)
   defining Unicode char U+2014 (decimal 8212)
   defining Unicode char U+2018 (decimal 8216)
   defining Unicode char U+2019 (decimal 8217)
   defining Unicode char U+201C (decimal 8220)
   defining Unicode char U+201D (decimal 8221)
)
Now handling font encoding OMS ...
... processing UTF-8 mapping file for font encoding OMS

(/usr/share/texlive/texmf-dist/tex/latex/base/omsenc.dfu
File: omsenc.dfu 2008/04/05 v1.1m UTF-8 support for inputenc
   defining Unicode char U+00A7 (decimal 167)
   defining Unicode char U+00B6 (decimal 182)
   defining Unicode char U+00B7 (decimal 183)
   defining Unicode char U+2020 (decimal 8224)
   defining Unicode char U+2021 (decimal 8225)
   defining Unicode char U+2022 (decimal 8226)
)
Now handling font encoding OMX ...
... no UTF-8 mapping file for font encoding OMX
Now handling font encoding U ...
... no UTF-8 mapping file for font encoding U
   defining Unicode char U+00A9 (decimal 169)
   defining Unicode char U+00AA (decimal 170)
   defining Unicode char U+00AE (decimal 174)
   defining Unicode char U+00BA (decimal 186)
   defining Unicode char U+02C6 (decimal 710)
   defining Unicode char U+02DC (decimal 732)
   defining Unicode char U+200C (decimal 8204)
   defining Unicode char U+2026 (decimal 8230)
   defining Unicode char U+2122 (decimal 8482)
   defining Unicode char U+2423 (decimal 9251)
))
(/usr/share/texlive/texmf-dist/tex/latex/amsmath/amsmath.sty
Package: amsmath 2013/01/14 v2.14 AMS math features
\@mathmargin=\skip43

For additional information on amsmath, use the `?' option.
(/usr/share/texlive/texmf-dist/tex/latex/amsmath/amstext.sty
Package: amstext 2000/06/29 v2.01

(/usr/share/texlive/texmf-dist/tex/latex/amsmath/amsgen.sty
File: amsgen.sty 1999/11/30 v2.0
\@emptytoks=\toks18
\ex@=\dimen111
))
(/usr/share/texlive/texmf-dist/tex/latex/amsmath/amsbsy.sty
Package: amsbsy 1999/11/29 v1.2d
\pmbraise@=\dimen112
)
(/usr/share/texlive/texmf-dist/tex/latex/amsmath/amsopn.sty
Package: amsopn 1999/12/14 v2.01 operator names
)
\inf@bad=\count90
LaTeX Info: Redefining \frac on input line 210.
\uproot@=\count91
\leftroot@=\count92
LaTeX Info: Redefining \overline on input line 306.
\classnum@=\count93
\DOTSCASE@=\count94
LaTeX Info: Redefining \ldots on input line 378.
LaTeX Info: Redefining \dots on input line 381.
LaTeX Info: Redefining \cdots on input line 466.
\Mathstrutbox@=\box26
\strutbox@=\box27
\big@size=\dimen113
LaTeX Font Info:    Redeclaring font encoding OML on input line 566.
LaTeX Font Info:    Redeclaring font encoding OMS on input line 567.
\macc@depth=\count95
\c@MaxMatrixCols=\count96
\dotsspace@=\muskip10
\c@parentequation=\count97
\dspbrk@lvl=\count98
\tag@help=\toks19
\row@=\count99
\column@=\count100
\maxfields@=\count101
\andhelp@=\toks20
\eqnshift@=\dimen114
\alignsep@=\dimen115
\tagshift@=\dimen116
\tagwidth@=\dimen117
\totwidth@=\dimen118
\lineht@=\dimen119
\@envbody=\toks21
\multlinegap=\skip44
\multlinetaggap=\skip45
\mathdisplay@stack=\toks22
LaTeX Info: Redefining \[ on input line 2665.
LaTeX Info: Redefining \] on input line 2666.
)
(/usr/share/texlive/texmf-dist/tex/latex/amsfonts/amsfonts.sty
Package: amsfonts 2013/01/14 v3.01 Basic AMSFonts support
\symAMSa=\mathgroup4
\symAMSb=\mathgroup5
LaTeX Font Info:    Overwriting math alphabet `\mathfrak' in version `bold'
(Font)                  U/euf/m/n --> U/euf/b/n on input line 106.
)
(/usr/share/texlive/texmf-dist/tex/latex/amsfonts/amssymb.sty
Package: amssymb 2013/01/14 v3.01 AMS font symbols
)
(/usr/share/texlive/texmf-dist/tex/latex/graphics/graphicx.sty
Package: graphicx 1999/02/16 v1.0f Enhanced LaTeX Graphics (DPC,SPQR)

(/usr/share/texlive/texmf-dist/tex/latex/graphics/graphics.sty
Package: graphics 2009/02/05 v1.0o Standard LaTeX Graphics (DPC,SPQR)

(/usr/share/texlive/texmf-dist/tex/latex/graphics/trig.sty
Package: trig 1999/03/16 v1.09 sin cos tan (DPC)
)
(/usr/share/texlive/texmf-dist/tex/latex/latexconfig/graphics.cfg
File: graphics.cfg 2010/04/23 v1.9 graphics configuration of TeX Live
)
Package graphics Info: Driver file: pdftex.def on input line 91.

(/usr/share/texlive/texmf-dist/tex/latex/pdftex-def/pdftex.def
File: pdftex.def 2011/05/27 v0.06d Graphics/color for pdfTeX

(/usr/share/texlive/texmf-dist/tex/generic/oberdiek/infwarerr.sty
Package: infwarerr 2010/04/08 v1.3 Providing info/warning/error messages (HO)
)
(/usr/share/texlive/texmf-dist/tex/generic/oberdiek/ltxcmds.sty
Package: ltxcmds 2011/11/09 v1.22 LaTeX kernel commands for general use (HO)
)
\Gread@gobject=\count102
))
\Gin@req@height=\dimen120
\Gin@req@width=\dimen121
)
(/usr/share/texlive/texmf-dist/tex/latex/caption/subcaption.sty
Package: subcaption 2013/02/03 v1.1-62 Sub-captions (AR)

(/usr/share/texlive/texmf-dist/tex/latex/caption/caption.sty
Package: caption 2013/05/02 v3.3-89 Customizing captions (AR)

(/usr/share/texlive/texmf-dist/tex/latex/caption/caption3.sty
Package: caption3 2013/05/02 v1.6-88 caption3 kernel (AR)
Package caption3 Info: TeX engine: e-TeX on input line 57.
\captionmargin=\dimen122
\captionmargin@=\dimen123
\captionwidth=\dimen124
\caption@tempdima=\dimen125
\caption@indent=\dimen126
\caption@parindent=\dimen127
\caption@hangindent=\dimen128
)
\c@ContinuedFloat=\count103
)
\c@subfigure=\count104
\c@subtable=\count105
)
(./diagnostic_report_OB1.aux

LaTeX Warning: Label `m42' multiply defined.


LaTeX Warning: Label `sub@m42' multiply defined.


LaTeX Warning: Label `m42' multiply defined.


LaTeX Warning: Label `sub@m42' multiply defined.


LaTeX Warning: Label `m42' multiply defined.


LaTeX Warning: Label `sub@m42' multiply defined.


LaTeX Warning: Label `m42' multiply defined.


LaTeX Warning: Label `sub@m42' multiply defined.


LaTeX Warning: Label `m42' multiply defined.


LaTeX Warning: Label `sub@m42' multiply defined.


LaTeX Warning: Label `m42' multiply defined.


LaTeX Warning: Label `sub@m42' multiply defined.


LaTeX Warning: Label `m42' multiply defined.


LaTeX Warning: Label `sub@m42' multiply defined.


LaTeX Warning: Label `m42' multiply defined.


LaTeX Warning: Label `sub@m42' multiply defined.


LaTeX Warning: Label `m42' multiply defined.


LaTeX Warning: Label `sub@m42' multiply defined.


LaTeX Warning: Label `m42' multiply defined.


LaTeX Warning: Label `sub@m42' multiply defined.


LaTeX Warning: Label `m42' multiply defined.


LaTeX Warning: Label `sub@m42' multiply defined.


LaTeX Warning: Label `m42' multiply defined.


LaTeX Warning: Label `sub@m42' multiply defined.


LaTeX Warning: Label `m42' multiply defined.


LaTeX Warning: Label `sub@m42' multiply defined.


LaTeX Warning: Label `m42' multiply defined.


LaTeX Warning: Label `sub@m42' multiply defined.


LaTeX Warning: Label `m42' multiply defined.


LaTeX Warning: Label `sub@m42' multiply defined.


LaTeX Warning: Label `m42' multiply defined.


LaTeX Warning: Label `sub@m42' multiply defined.


LaTeX Warning: Label `m42' multiply defined.


LaTeX Warning: Label `sub@m42' multiply defined.


LaTeX Warning: Label `m42' multiply defined.


LaTeX Warning: Label `sub@m42' multiply defined.


LaTeX Warning: Label `m42' multiply defined.


LaTeX Warning: Label `sub@m42' multiply defined.


LaTeX Warning: Label `m42' multiply defined.


LaTeX Warning: Label `sub@m42' multiply defined.


LaTeX Warning: Label `m42' multiply defined.


LaTeX Warning: Label `sub@m42' multiply defined.


LaTeX Warning: Label `m42' multiply defined.


LaTeX Warning: Label `sub@m42' multiply defined.


LaTeX Warning: Label `m42' multiply defined.


LaTeX Warning: Label `sub@m42' multiply defined.


LaTeX Warning: Label `m42' multiply defined.


LaTeX Warning: Label `sub@m42' multiply defined.


LaTeX Warning: Label `m42' multiply defined.


LaTeX Warning: Label `sub@m42' multiply defined.

)
\openout1 = `diagnostic_report_OB1.aux'.

LaTeX Font Info:    Checking defaults for OML/cmm/m/it on input line 10.
LaTeX Font Info:    ... okay on input line 10.
LaTeX Font Info:    Checking defaults for T1/cmr/m/n on input line 10.
LaTeX Font Info:    ... okay on input line 10.
LaTeX Font Info:    Checking defaults for OT1/cmr/m/n on input line 10.
LaTeX Font Info:    ... okay on input line 10.
LaTeX Font Info:    Checking defaults for OMS/cmsy/m/n on input line 10.
LaTeX Font Info:    ... okay on input line 10.
LaTeX Font Info:    Checking defaults for OMX/cmex/m/n on input line 10.
LaTeX Font Info:    ... okay on input line 10.
LaTeX Font Info:    Checking defaults for U/cmr/m/n on input line 10.
LaTeX Font Info:    ... okay on input line 10.

*geometry* driver: auto-detecting
*geometry* detected driver: pdftex
*geometry* verbose mode - [ preamble ] result:
* driver: pdftex
* paper: legalpaper
* layout: <same size as paper>
* layoutoffset:(h,v)=(0.0pt,0.0pt)
* modes: landscape 
* h-part:(L,W,R)=(36.135pt, 939.51001pt, 36.135pt)
* v-part:(T,H,B)=(36.135pt, 542.02501pt, 36.135pt)
* \paperwidth=1011.78pt
* \paperheight=614.295pt
* \textwidth=939.51001pt
* \textheight=542.02501pt
* \oddsidemargin=-36.135pt
* \evensidemargin=-36.135pt
* \topmargin=-73.135pt
* \headheight=12.0pt
* \headsep=25.0pt
* \topskip=10.0pt
* \footskip=30.0pt
* \marginparwidth=65.0pt
* \marginparsep=11.0pt
* \columnsep=10.0pt
* \skip\footins=9.0pt plus 4.0pt minus 2.0pt
* \hoffset=0.0pt
* \voffset=0.0pt
* \mag=1000
* \@twocolumnfalse
* \@twosidefalse
* \@mparswitchfalse
* \@reversemarginfalse
* (1in=72.27pt=25.4mm, 1cm=28.453pt)

(/usr/share/texlive/texmf-dist/tex/context/base/supp-pdf.mkii
[Loading MPS to PDF converter (version 2006.09.02).]
\scratchcounter=\count106
\scratchdimen=\dimen129
\scratchbox=\box28
\nofMPsegments=\count107
\nofMParguments=\count108
\everyMPshowfont=\toks23
\MPscratchCnt=\count109
\MPscratchDim=\dimen130
\MPnumerator=\count110
\makeMPintoPDFobject=\count111
\everyMPtoPDFconversion=\toks24
) (/usr/share/texlive/texmf-dist/tex/generic/oberdiek/pdftexcmds.sty
Package: pdftexcmds 2011/11/29 v0.20 Utility functions of pdfTeX for LuaTeX (HO
)

(/usr/share/texlive/texmf-dist/tex/generic/oberdiek/ifluatex.sty
Package: ifluatex 2010/03/01 v1.3 Provides the ifluatex switch (HO)
Package ifluatex Info: LuaTeX not detected.
)
Package pdftexcmds Info: LuaTeX not detected.
Package pdftexcmds Info: \pdf@primitive is available.
Package pdftexcmds Info: \pdf@ifprimitive is available.
Package pdftexcmds Info: \pdfdraftmode found.
)
(/usr/share/texlive/texmf-dist/tex/latex/oberdiek/epstopdf-base.sty
Package: epstopdf-base 2010/02/09 v2.5 Base part for package epstopdf

(/usr/share/texlive/texmf-dist/tex/latex/oberdiek/grfext.sty
Package: grfext 2010/08/19 v1.1 Manage graphics extensions (HO)

(/usr/share/texlive/texmf-dist/tex/generic/oberdiek/kvdefinekeys.sty
Package: kvdefinekeys 2011/04/07 v1.3 Define keys (HO)
))
(/usr/share/texlive/texmf-dist/tex/latex/oberdiek/kvoptions.sty
Package: kvoptions 2011/06/30 v3.11 Key value format for package options (HO)

(/usr/share/texlive/texmf-dist/tex/generic/oberdiek/kvsetkeys.sty
Package: kvsetkeys 2012/04/25 v1.16 Key value parser (HO)

(/usr/share/texlive/texmf-dist/tex/generic/oberdiek/etexcmds.sty
Package: etexcmds 2011/02/16 v1.5 Avoid name clashes with e-TeX commands (HO)
Package etexcmds Info: Could not find \expanded.
(etexcmds)             That can mean that you are not using pdfTeX 1.50 or
(etexcmds)             that some package has redefined \expanded.
(etexcmds)             In the latter case, load this package earlier.
)))
Package grfext Info: Graphics extension search list:
(grfext)             [.png,.pdf,.jpg,.mps,.jpeg,.jbig2,.jb2,.PNG,.PDF,.JPG,.JPE
G,.JBIG2,.JB2,.eps]
(grfext)             \AppendGraphicsExtensions on input line 452.

(/usr/share/texlive/texmf-dist/tex/latex/latexconfig/epstopdf-sys.cfg
File: epstopdf-sys.cfg 2010/07/13 v1.3 Configuration of (r)epstopdf for TeX Liv
e
))
Package caption Info: Begin \AtBeginDocument code.
Package caption Info: End \AtBeginDocument code.

Underfull \hbox (badness 10000) in paragraph at lines 11--12

 []


</home/rburnet/S16work/diagnostic_of_objects/figures/HST_images/CL0034/CL0034-T
arget_5.png, id=1, 449.68pt x 451.6875pt>
File: /home/rburnet/S16work/diagnostic_of_objects/figures/HST_images/CL0034/CL0
034-Target_5.png Graphic file (type png)

<use /home/rburnet/S16work/diagnostic_of_objects/figures/HST_images/CL0034/CL00
34-Target_5.png>
Package pdftex.def Info: /home/rburnet/S16work/diagnostic_of_objects/figures/HS
T_images/CL0034/CL0034-Target_5.png used on input line 17.
(pdftex.def)             Requested size: 224.83945pt x 225.84319pt.
LaTeX Font Info:    Try loading font information for U+msa on input line 21.
 (/usr/share/texlive/texmf-dist/tex/latex/amsfonts/umsa.fd
File: umsa.fd 2013/01/14 v3.01 AMS symbols A
)
LaTeX Font Info:    Try loading font information for U+msb on input line 21.

(/usr/share/texlive/texmf-dist/tex/latex/amsfonts/umsb.fd
File: umsb.fd 2013/01/14 v3.01 AMS symbols B
)
</home/rburnet/S16work/diagnostic_of_objects/figures/CL0034-IZ-OB-1_COMBINE_SCI
_RECONSTRUCTED_COLL_5.fits.png, id=3, 762.85pt x 306.14375pt>
File: /home/rburnet/S16work/diagnostic_of_objects/figures/CL0034-IZ-OB-1_COMBIN
E_SCI_RECONSTRUCTED_COLL_5.fits.png Graphic file (type png)

<use /home/rburnet/S16work/diagnostic_of_objects/figures/CL0034-IZ-OB-1_COMBINE
_SCI_RECONSTRUCTED_COLL_5.fits.png>
Package pdftex.def Info: /home/rburnet/S16work/diagnostic_of_objects/figures/CL
0034-IZ-OB-1_COMBINE_SCI_RECONSTRUCTED_COLL_5.fits.png used on input line 24.
(pdftex.def)             Requested size: 701.8189pt x 281.65099pt.

Overfull \hbox (232.06389pt too wide) in paragraph at lines 24--27
 [][] 
 []

[1

{/usr/share/texlive/texmf-dist/fonts/map/pdftex/updmap/pdftex.map} </home/rburn
et/S16work/diagnostic_of_objects/figures/HST_images/CL0034/CL0034-Target_5.png>
 </home/rburnet/S16work/diagnostic_of_objects/figures/CL0034-IZ-OB-1_COMBINE_SC
I_RECONSTRUCTED_COLL_5.fits.png>]
Underfull \hbox (badness 10000) in paragraph at lines 33--34

 []


</home/rburnet/S16work/diagnostic_of_objects/figures/HST_images/CL0034/CL0034-T
arget_6.png, id=13, 450.68375pt x 450.68375pt>
File: /home/rburnet/S16work/diagnostic_of_objects/figures/HST_images/CL0034/CL0
034-Target_6.png Graphic file (type png)

<use /home/rburnet/S16work/diagnostic_of_objects/figures/HST_images/CL0034/CL00
34-Target_6.png>
Package pdftex.def Info: /home/rburnet/S16work/diagnostic_of_objects/figures/HS
T_images/CL0034/CL0034-Target_6.png used on input line 39.
(pdftex.def)             Requested size: 225.34131pt x 225.34131pt.

</home/rburnet/S16work/diagnostic_of_objects/figures/CL0034-IZ-OB-1_COMBINE_SCI
_RECONSTRUCTED_COLL_6.fits.png, id=14, 762.85pt x 306.14375pt>
File: /home/rburnet/S16work/diagnostic_of_objects/figures/CL0034-IZ-OB-1_COMBIN
E_SCI_RECONSTRUCTED_COLL_6.fits.png Graphic file (type png)

<use /home/rburnet/S16work/diagnostic_of_objects/figures/CL0034-IZ-OB-1_COMBINE
_SCI_RECONSTRUCTED_COLL_6.fits.png>
Package pdftex.def Info: /home/rburnet/S16work/diagnostic_of_objects/figures/CL
0034-IZ-OB-1_COMBINE_SCI_RECONSTRUCTED_COLL_6.fits.png used on input line 46.
(pdftex.def)             Requested size: 701.8189pt x 281.65099pt.

Overfull \hbox (232.06389pt too wide) in paragraph at lines 46--49
 [][] 
 []

[2 </home/rburnet/S16work/diagnostic_of_objects/figures/HST_images/CL0034/CL003
4-Target_6.png> </home/rburnet/S16work/diagnostic_of_objects/figures/CL0034-IZ-
OB-1_COMBINE_SCI_RECONSTRUCTED_COLL_6.fits.png>]
Underfull \hbox (badness 10000) in paragraph at lines 55--56

 []


</home/rburnet/S16work/diagnostic_of_objects/figures/HST_images/CL0034/CL0034-T
arget_7.png, id=20, 449.68pt x 450.68375pt>
File: /home/rburnet/S16work/diagnostic_of_objects/figures/HST_images/CL0034/CL0
034-Target_7.png Graphic file (type png)

<use /home/rburnet/S16work/diagnostic_of_objects/figures/HST_images/CL0034/CL00
34-Target_7.png>
Package pdftex.def Info: /home/rburnet/S16work/diagnostic_of_objects/figures/HS
T_images/CL0034/CL0034-Target_7.png used on input line 61.
(pdftex.def)             Requested size: 224.83945pt x 225.34131pt.

</home/rburnet/S16work/diagnostic_of_objects/figures/CL0034-IZ-OB-1_COMBINE_SCI
_RECONSTRUCTED_COLL_7.fits.png, id=21, 762.85pt x 306.14375pt>
File: /home/rburnet/S16work/diagnostic_of_objects/figures/CL0034-IZ-OB-1_COMBIN
E_SCI_RECONSTRUCTED_COLL_7.fits.png Graphic file (type png)

<use /home/rburnet/S16work/diagnostic_of_objects/figures/CL0034-IZ-OB-1_COMBINE
_SCI_RECONSTRUCTED_COLL_7.fits.png>
Package pdftex.def Info: /home/rburnet/S16work/diagnostic_of_objects/figures/CL
0034-IZ-OB-1_COMBINE_SCI_RECONSTRUCTED_COLL_7.fits.png used on input line 68.
(pdftex.def)             Requested size: 701.8189pt x 281.65099pt.

Overfull \hbox (232.06389pt too wide) in paragraph at lines 68--71
 [][] 
 []

[3 </home/rburnet/S16work/diagnostic_of_objects/figures/HST_images/CL0034/CL003
4-Target_7.png> </home/rburnet/S16work/diagnostic_of_objects/figures/CL0034-IZ-
OB-1_COMBINE_SCI_RECONSTRUCTED_COLL_7.fits.png>]
Underfull \hbox (badness 10000) in paragraph at lines 77--78

 []


</home/rburnet/S16work/diagnostic_of_objects/figures/HST_images/CL0034/CL0034-T
arget_11.png, id=27, 449.68pt x 449.68pt>
File: /home/rburnet/S16work/diagnostic_of_objects/figures/HST_images/CL0034/CL0
034-Target_11.png Graphic file (type png)

<use /home/rburnet/S16work/diagnostic_of_objects/figures/HST_images/CL0034/CL00
34-Target_11.png>
Package pdftex.def Info: /home/rburnet/S16work/diagnostic_of_objects/figures/HS
T_images/CL0034/CL0034-Target_11.png used on input line 83.
(pdftex.def)             Requested size: 224.83945pt x 224.83945pt.

</home/rburnet/S16work/diagnostic_of_objects/figures/CL0034-IZ-OB-1_COMBINE_SCI
_RECONSTRUCTED_COLL_11.fits.png, id=28, 762.85pt x 306.14375pt>
File: /home/rburnet/S16work/diagnostic_of_objects/figures/CL0034-IZ-OB-1_COMBIN
E_SCI_RECONSTRUCTED_COLL_11.fits.png Graphic file (type png)

<use /home/rburnet/S16work/diagnostic_of_objects/figures/CL0034-IZ-OB-1_COMBINE
_SCI_RECONSTRUCTED_COLL_11.fits.png>
Package pdftex.def Info: /home/rburnet/S16work/diagnostic_of_objects/figures/CL
0034-IZ-OB-1_COMBINE_SCI_RECONSTRUCTED_COLL_11.fits.png used on input line 90.
(pdftex.def)             Requested size: 701.8189pt x 281.65099pt.

Overfull \hbox (232.06389pt too wide) in paragraph at lines 90--93
 [][] 
 []

[4 </home/rburnet/S16work/diagnostic_of_objects/figures/HST_images/CL0034/CL003
4-Target_11.png> </home/rburnet/S16work/diagnostic_of_objects/figures/CL0034-IZ
-OB-1_COMBINE_SCI_RECONSTRUCTED_COLL_11.fits.png>]
Underfull \hbox (badness 10000) in paragraph at lines 99--100

 []


</home/rburnet/S16work/diagnostic_of_objects/figures/HST_images/CL0034/CL0034-T
arget_12.png, id=34, 448.67625pt x 450.68375pt>
File: /home/rburnet/S16work/diagnostic_of_objects/figures/HST_images/CL0034/CL0
034-Target_12.png Graphic file (type png)

<use /home/rburnet/S16work/diagnostic_of_objects/figures/HST_images/CL0034/CL00
34-Target_12.png>
Package pdftex.def Info: /home/rburnet/S16work/diagnostic_of_objects/figures/HS
T_images/CL0034/CL0034-Target_12.png used on input line 105.
(pdftex.def)             Requested size: 224.33757pt x 225.34131pt.

</home/rburnet/S16work/diagnostic_of_objects/figures/CL0034-IZ-OB-1_COMBINE_SCI
_RECONSTRUCTED_COLL_12.fits.png, id=35, 762.85pt x 306.14375pt>
File: /home/rburnet/S16work/diagnostic_of_objects/figures/CL0034-IZ-OB-1_COMBIN
E_SCI_RECONSTRUCTED_COLL_12.fits.png Graphic file (type png)

<use /home/rburnet/S16work/diagnostic_of_objects/figures/CL0034-IZ-OB-1_COMBINE
_SCI_RECONSTRUCTED_COLL_12.fits.png>
Package pdftex.def Info: /home/rburnet/S16work/diagnostic_of_objects/figures/CL
0034-IZ-OB-1_COMBINE_SCI_RECONSTRUCTED_COLL_12.fits.png used on input line 112.

(pdftex.def)             Requested size: 701.8189pt x 281.65099pt.

Overfull \hbox (232.06389pt too wide) in paragraph at lines 112--115
 [][] 
 []

[5 </home/rburnet/S16work/diagnostic_of_objects/figures/HST_images/CL0034/CL003
4-Target_12.png> </home/rburnet/S16work/diagnostic_of_objects/figures/CL0034-IZ
-OB-1_COMBINE_SCI_RECONSTRUCTED_COLL_12.fits.png>]
Underfull \hbox (badness 10000) in paragraph at lines 121--122

 []


</home/rburnet/S16work/diagnostic_of_objects/figures/HST_images/CL0034/CL0034-T
arget_14.png, id=41, 448.67625pt x 449.68pt>
File: /home/rburnet/S16work/diagnostic_of_objects/figures/HST_images/CL0034/CL0
034-Target_14.png Graphic file (type png)

<use /home/rburnet/S16work/diagnostic_of_objects/figures/HST_images/CL0034/CL00
34-Target_14.png>
Package pdftex.def Info: /home/rburnet/S16work/diagnostic_of_objects/figures/HS
T_images/CL0034/CL0034-Target_14.png used on input line 127.
(pdftex.def)             Requested size: 224.33757pt x 224.83945pt.

</home/rburnet/S16work/diagnostic_of_objects/figures/CL0034-IZ-OB-1_COMBINE_SCI
_RECONSTRUCTED_COLL_14.fits.png, id=42, 762.85pt x 306.14375pt>
File: /home/rburnet/S16work/diagnostic_of_objects/figures/CL0034-IZ-OB-1_COMBIN
E_SCI_RECONSTRUCTED_COLL_14.fits.png Graphic file (type png)

<use /home/rburnet/S16work/diagnostic_of_objects/figures/CL0034-IZ-OB-1_COMBINE
_SCI_RECONSTRUCTED_COLL_14.fits.png>
Package pdftex.def Info: /home/rburnet/S16work/diagnostic_of_objects/figures/CL
0034-IZ-OB-1_COMBINE_SCI_RECONSTRUCTED_COLL_14.fits.png used on input line 134.

(pdftex.def)             Requested size: 701.8189pt x 281.65099pt.

Overfull \hbox (232.06389pt too wide) in paragraph at lines 134--137
 [][] 
 []

[6 </home/rburnet/S16work/diagnostic_of_objects/figures/HST_images/CL0034/CL003
4-Target_14.png> </home/rburnet/S16work/diagnostic_of_objects/figures/CL0034-IZ
-OB-1_COMBINE_SCI_RECONSTRUCTED_COLL_14.fits.png>]
Underfull \hbox (badness 10000) in paragraph at lines 143--144

 []


</home/rburnet/S16work/diagnostic_of_objects/figures/HST_images/CL0034/CL0034-T
arget_16.png, id=48, 449.68pt x 450.68375pt>
File: /home/rburnet/S16work/diagnostic_of_objects/figures/HST_images/CL0034/CL0
034-Target_16.png Graphic file (type png)

<use /home/rburnet/S16work/diagnostic_of_objects/figures/HST_images/CL0034/CL00
34-Target_16.png>
Package pdftex.def Info: /home/rburnet/S16work/diagnostic_of_objects/figures/HS
T_images/CL0034/CL0034-Target_16.png used on input line 149.
(pdftex.def)             Requested size: 224.83945pt x 225.34131pt.

</home/rburnet/S16work/diagnostic_of_objects/figures/CL0034-IZ-OB-1_COMBINE_SCI
_RECONSTRUCTED_COLL_16.fits.png, id=49, 762.85pt x 306.14375pt>
File: /home/rburnet/S16work/diagnostic_of_objects/figures/CL0034-IZ-OB-1_COMBIN
E_SCI_RECONSTRUCTED_COLL_16.fits.png Graphic file (type png)

<use /home/rburnet/S16work/diagnostic_of_objects/figures/CL0034-IZ-OB-1_COMBINE
_SCI_RECONSTRUCTED_COLL_16.fits.png>
Package pdftex.def Info: /home/rburnet/S16work/diagnostic_of_objects/figures/CL
0034-IZ-OB-1_COMBINE_SCI_RECONSTRUCTED_COLL_16.fits.png used on input line 156.

(pdftex.def)             Requested size: 701.8189pt x 281.65099pt.

Overfull \hbox (232.06389pt too wide) in paragraph at lines 156--159
 [][] 
 []

[7 </home/rburnet/S16work/diagnostic_of_objects/figures/HST_images/CL0034/CL003
4-Target_16.png> </home/rburnet/S16work/diagnostic_of_objects/figures/CL0034-IZ
-OB-1_COMBINE_SCI_RECONSTRUCTED_COLL_16.fits.png>]
Underfull \hbox (badness 10000) in paragraph at lines 165--166

 []


</home/rburnet/S16work/diagnostic_of_objects/figures/HST_images/CL0034/CL0034-T
arget_20.png, id=56, 448.67625pt x 449.68pt>
File: /home/rburnet/S16work/diagnostic_of_objects/figures/HST_images/CL0034/CL0
034-Target_20.png Graphic file (type png)

<use /home/rburnet/S16work/diagnostic_of_objects/figures/HST_images/CL0034/CL00
34-Target_20.png>
Package pdftex.def Info: /home/rburnet/S16work/diagnostic_of_objects/figures/HS
T_images/CL0034/CL0034-Target_20.png used on input line 171.
(pdftex.def)             Requested size: 224.33757pt x 224.83945pt.

</home/rburnet/S16work/diagnostic_of_objects/figures/CL0034-IZ-OB-1_COMBINE_SCI
_RECONSTRUCTED_COLL_20.fits.png, id=57, 762.85pt x 306.14375pt>
File: /home/rburnet/S16work/diagnostic_of_objects/figures/CL0034-IZ-OB-1_COMBIN
E_SCI_RECONSTRUCTED_COLL_20.fits.png Graphic file (type png)

<use /home/rburnet/S16work/diagnostic_of_objects/figures/CL0034-IZ-OB-1_COMBINE
_SCI_RECONSTRUCTED_COLL_20.fits.png>
Package pdftex.def Info: /home/rburnet/S16work/diagnostic_of_objects/figures/CL
0034-IZ-OB-1_COMBINE_SCI_RECONSTRUCTED_COLL_20.fits.png used on input line 178.

(pdftex.def)             Requested size: 701.8189pt x 281.65099pt.

Overfull \hbox (232.06389pt too wide) in paragraph at lines 178--181
 [][] 
 []

[8 </home/rburnet/S16work/diagnostic_of_objects/figures/HST_images/CL0034/CL003
4-Target_20.png> </home/rburnet/S16work/diagnostic_of_objects/figures/CL0034-IZ
-OB-1_COMBINE_SCI_RECONSTRUCTED_COLL_20.fits.png>]
Underfull \hbox (badness 10000) in paragraph at lines 187--188

 []


</home/rburnet/S16work/diagnostic_of_objects/figures/HST_images/CL0034/CL0034-T
arget_21.png, id=63, 449.68pt x 450.68375pt>
File: /home/rburnet/S16work/diagnostic_of_objects/figures/HST_images/CL0034/CL0
034-Target_21.png Graphic file (type png)

<use /home/rburnet/S16work/diagnostic_of_objects/figures/HST_images/CL0034/CL00
34-Target_21.png>
Package pdftex.def Info: /home/rburnet/S16work/diagnostic_of_objects/figures/HS
T_images/CL0034/CL0034-Target_21.png used on input line 193.
(pdftex.def)             Requested size: 224.83945pt x 225.34131pt.

</home/rburnet/S16work/diagnostic_of_objects/figures/CL0034-IZ-OB-1_COMBINE_SCI
_RECONSTRUCTED_COLL_21.fits.png, id=64, 762.85pt x 306.14375pt>
File: /home/rburnet/S16work/diagnostic_of_objects/figures/CL0034-IZ-OB-1_COMBIN
E_SCI_RECONSTRUCTED_COLL_21.fits.png Graphic file (type png)

<use /home/rburnet/S16work/diagnostic_of_objects/figures/CL0034-IZ-OB-1_COMBINE
_SCI_RECONSTRUCTED_COLL_21.fits.png>
Package pdftex.def Info: /home/rburnet/S16work/diagnostic_of_objects/figures/CL
0034-IZ-OB-1_COMBINE_SCI_RECONSTRUCTED_COLL_21.fits.png used on input line 200.

(pdftex.def)             Requested size: 701.8189pt x 281.65099pt.

Overfull \hbox (232.06389pt too wide) in paragraph at lines 200--203
 [][] 
 []

[9 </home/rburnet/S16work/diagnostic_of_objects/figures/HST_images/CL0034/CL003
4-Target_21.png> </home/rburnet/S16work/diagnostic_of_objects/figures/CL0034-IZ
-OB-1_COMBINE_SCI_RECONSTRUCTED_COLL_21.fits.png>]
Underfull \hbox (badness 10000) in paragraph at lines 209--210

 []


</home/rburnet/S16work/diagnostic_of_objects/figures/HST_images/CL0034/CL0034-T
arget_22.png, id=70, 449.68pt x 450.68375pt>
File: /home/rburnet/S16work/diagnostic_of_objects/figures/HST_images/CL0034/CL0
034-Target_22.png Graphic file (type png)

<use /home/rburnet/S16work/diagnostic_of_objects/figures/HST_images/CL0034/CL00
34-Target_22.png>
Package pdftex.def Info: /home/rburnet/S16work/diagnostic_of_objects/figures/HS
T_images/CL0034/CL0034-Target_22.png used on input line 215.
(pdftex.def)             Requested size: 224.83945pt x 225.34131pt.

</home/rburnet/S16work/diagnostic_of_objects/figures/CL0034-IZ-OB-1_COMBINE_SCI
_RECONSTRUCTED_COLL_22.fits.png, id=71, 762.85pt x 306.14375pt>
File: /home/rburnet/S16work/diagnostic_of_objects/figures/CL0034-IZ-OB-1_COMBIN
E_SCI_RECONSTRUCTED_COLL_22.fits.png Graphic file (type png)

<use /home/rburnet/S16work/diagnostic_of_objects/figures/CL0034-IZ-OB-1_COMBINE
_SCI_RECONSTRUCTED_COLL_22.fits.png>
Package pdftex.def Info: /home/rburnet/S16work/diagnostic_of_objects/figures/CL
0034-IZ-OB-1_COMBINE_SCI_RECONSTRUCTED_COLL_22.fits.png used on input line 222.

(pdftex.def)             Requested size: 701.8189pt x 281.65099pt.

Overfull \hbox (232.06389pt too wide) in paragraph at lines 222--225
 [][] 
 []

[10 </home/rburnet/S16work/diagnostic_of_objects/figures/HST_images/CL0034/CL00
34-Target_22.png> </home/rburnet/S16work/diagnostic_of_objects/figures/CL0034-I
Z-OB-1_COMBINE_SCI_RECONSTRUCTED_COLL_22.fits.png>]
Underfull \hbox (badness 10000) in paragraph at lines 231--232

 []


</home/rburnet/S16work/diagnostic_of_objects/figures/HST_images/CL0034/CL0034-T
arget_23.png, id=77, 449.68pt x 450.68375pt>
File: /home/rburnet/S16work/diagnostic_of_objects/figures/HST_images/CL0034/CL0
034-Target_23.png Graphic file (type png)

<use /home/rburnet/S16work/diagnostic_of_objects/figures/HST_images/CL0034/CL00
34-Target_23.png>
Package pdftex.def Info: /home/rburnet/S16work/diagnostic_of_objects/figures/HS
T_images/CL0034/CL0034-Target_23.png used on input line 237.
(pdftex.def)             Requested size: 224.83945pt x 225.34131pt.

</home/rburnet/S16work/diagnostic_of_objects/figures/CL0034-IZ-OB-1_COMBINE_SCI
_RECONSTRUCTED_COLL_23.fits.png, id=78, 762.85pt x 306.14375pt>
File: /home/rburnet/S16work/diagnostic_of_objects/figures/CL0034-IZ-OB-1_COMBIN
E_SCI_RECONSTRUCTED_COLL_23.fits.png Graphic file (type png)

<use /home/rburnet/S16work/diagnostic_of_objects/figures/CL0034-IZ-OB-1_COMBINE
_SCI_RECONSTRUCTED_COLL_23.fits.png>
Package pdftex.def Info: /home/rburnet/S16work/diagnostic_of_objects/figures/CL
0034-IZ-OB-1_COMBINE_SCI_RECONSTRUCTED_COLL_23.fits.png used on input line 244.

(pdftex.def)             Requested size: 701.8189pt x 281.65099pt.

Overfull \hbox (232.06389pt too wide) in paragraph at lines 244--247
 [][] 
 []

[11 </home/rburnet/S16work/diagnostic_of_objects/figures/HST_images/CL0034/CL00
34-Target_23.png> </home/rburnet/S16work/diagnostic_of_objects/figures/CL0034-I
Z-OB-1_COMBINE_SCI_RECONSTRUCTED_COLL_23.fits.png>]
Underfull \hbox (badness 10000) in paragraph at lines 253--254

 []


</home/rburnet/S16work/diagnostic_of_objects/figures/HST_images/CL0034/CL0034-T
arget_26.png, id=84, 449.68pt x 450.68375pt>
File: /home/rburnet/S16work/diagnostic_of_objects/figures/HST_images/CL0034/CL0
034-Target_26.png Graphic file (type png)

<use /home/rburnet/S16work/diagnostic_of_objects/figures/HST_images/CL0034/CL00
34-Target_26.png>
Package pdftex.def Info: /home/rburnet/S16work/diagnostic_of_objects/figures/HS
T_images/CL0034/CL0034-Target_26.png used on input line 259.
(pdftex.def)             Requested size: 224.83945pt x 225.34131pt.

</home/rburnet/S16work/diagnostic_of_objects/figures/CL0034-IZ-OB-1_COMBINE_SCI
_RECONSTRUCTED_COLL_26.fits.png, id=85, 762.85pt x 306.14375pt>
File: /home/rburnet/S16work/diagnostic_of_objects/figures/CL0034-IZ-OB-1_COMBIN
E_SCI_RECONSTRUCTED_COLL_26.fits.png Graphic file (type png)

<use /home/rburnet/S16work/diagnostic_of_objects/figures/CL0034-IZ-OB-1_COMBINE
_SCI_RECONSTRUCTED_COLL_26.fits.png>
Package pdftex.def Info: /home/rburnet/S16work/diagnostic_of_objects/figures/CL
0034-IZ-OB-1_COMBINE_SCI_RECONSTRUCTED_COLL_26.fits.png used on input line 266.

(pdftex.def)             Requested size: 701.8189pt x 281.65099pt.

Overfull \hbox (232.06389pt too wide) in paragraph at lines 266--269
 [][] 
 []

[12 </home/rburnet/S16work/diagnostic_of_objects/figures/HST_images/CL0034/CL00
34-Target_26.png> </home/rburnet/S16work/diagnostic_of_objects/figures/CL0034-I
Z-OB-1_COMBINE_SCI_RECONSTRUCTED_COLL_26.fits.png>]
Underfull \hbox (badness 10000) in paragraph at lines 275--276

 []


</home/rburnet/S16work/diagnostic_of_objects/figures/HST_images/CL0034/CL0034-T
arget_30.png, id=91, 449.68pt x 450.68375pt>
File: /home/rburnet/S16work/diagnostic_of_objects/figures/HST_images/CL0034/CL0
034-Target_30.png Graphic file (type png)

<use /home/rburnet/S16work/diagnostic_of_objects/figures/HST_images/CL0034/CL00
34-Target_30.png>
Package pdftex.def Info: /home/rburnet/S16work/diagnostic_of_objects/figures/HS
T_images/CL0034/CL0034-Target_30.png used on input line 281.
(pdftex.def)             Requested size: 224.83945pt x 225.34131pt.

</home/rburnet/S16work/diagnostic_of_objects/figures/CL0034-IZ-OB-1_COMBINE_SCI
_RECONSTRUCTED_COLL_30.fits.png, id=92, 762.85pt x 306.14375pt>
File: /home/rburnet/S16work/diagnostic_of_objects/figures/CL0034-IZ-OB-1_COMBIN
E_SCI_RECONSTRUCTED_COLL_30.fits.png Graphic file (type png)

<use /home/rburnet/S16work/diagnostic_of_objects/figures/CL0034-IZ-OB-1_COMBINE
_SCI_RECONSTRUCTED_COLL_30.fits.png>
Package pdftex.def Info: /home/rburnet/S16work/diagnostic_of_objects/figures/CL
0034-IZ-OB-1_COMBINE_SCI_RECONSTRUCTED_COLL_30.fits.png used on input line 288.

(pdftex.def)             Requested size: 701.8189pt x 281.65099pt.

Overfull \hbox (232.06389pt too wide) in paragraph at lines 288--291
 [][] 
 []

[13 </home/rburnet/S16work/diagnostic_of_objects/figures/HST_images/CL0034/CL00
34-Target_30.png> </home/rburnet/S16work/diagnostic_of_objects/figures/CL0034-I
Z-OB-1_COMBINE_SCI_RECONSTRUCTED_COLL_30.fits.png>]
Underfull \hbox (badness 10000) in paragraph at lines 297--298

 []


</home/rburnet/S16work/diagnostic_of_objects/figures/HST_images/CL0034/CL0034-T
arget_31.png, id=99, 374.39874pt x 375.4025pt>
File: /home/rburnet/S16work/diagnostic_of_objects/figures/HST_images/CL0034/CL0
034-Target_31.png Graphic file (type png)

<use /home/rburnet/S16work/diagnostic_of_objects/figures/HST_images/CL0034/CL00
34-Target_31.png>
Package pdftex.def Info: /home/rburnet/S16work/diagnostic_of_objects/figures/HS
T_images/CL0034/CL0034-Target_31.png used on input line 303.
(pdftex.def)             Requested size: 224.64098pt x 225.24323pt.

</home/rburnet/S16work/diagnostic_of_objects/figures/CL0034-IZ-OB-1_COMBINE_SCI
_RECONSTRUCTED_COLL_31.fits.png, id=100, 762.85pt x 306.14375pt>
File: /home/rburnet/S16work/diagnostic_of_objects/figures/CL0034-IZ-OB-1_COMBIN
E_SCI_RECONSTRUCTED_COLL_31.fits.png Graphic file (type png)

<use /home/rburnet/S16work/diagnostic_of_objects/figures/CL0034-IZ-OB-1_COMBINE
_SCI_RECONSTRUCTED_COLL_31.fits.png>
Package pdftex.def Info: /home/rburnet/S16work/diagnostic_of_objects/figures/CL
0034-IZ-OB-1_COMBINE_SCI_RECONSTRUCTED_COLL_31.fits.png used on input line 310.

(pdftex.def)             Requested size: 701.8189pt x 281.65099pt.

Overfull \hbox (232.06389pt too wide) in paragraph at lines 310--313
 [][] 
 []

[14 </home/rburnet/S16work/diagnostic_of_objects/figures/HST_images/CL0034/CL00
34-Target_31.png> </home/rburnet/S16work/diagnostic_of_objects/figures/CL0034-I
Z-OB-1_COMBINE_SCI_RECONSTRUCTED_COLL_31.fits.png>]
Underfull \hbox (badness 10000) in paragraph at lines 319--320

 []


</home/rburnet/S16work/diagnostic_of_objects/figures/HST_images/CL0036/CL0036-T
arget_3.png, id=106, 449.68pt x 449.68pt>
File: /home/rburnet/S16work/diagnostic_of_objects/figures/HST_images/CL0036/CL0
036-Target_3.png Graphic file (type png)

<use /home/rburnet/S16work/diagnostic_of_objects/figures/HST_images/CL0036/CL00
36-Target_3.png>
Package pdftex.def Info: /home/rburnet/S16work/diagnostic_of_objects/figures/HS
T_images/CL0036/CL0036-Target_3.png used on input line 325.
(pdftex.def)             Requested size: 269.81007pt x 269.81007pt.

</home/rburnet/S16work/diagnostic_of_objects/figures/CL0036-IZ-OB-1_COMBINE_SCI
_RECONSTRUCTED_COLL_3.fits.png, id=107, 762.85pt x 306.14375pt>
File: /home/rburnet/S16work/diagnostic_of_objects/figures/CL0036-IZ-OB-1_COMBIN
E_SCI_RECONSTRUCTED_COLL_3.fits.png Graphic file (type png)

<use /home/rburnet/S16work/diagnostic_of_objects/figures/CL0036-IZ-OB-1_COMBINE
_SCI_RECONSTRUCTED_COLL_3.fits.png>
Package pdftex.def Info: /home/rburnet/S16work/diagnostic_of_objects/figures/CL
0036-IZ-OB-1_COMBINE_SCI_RECONSTRUCTED_COLL_3.fits.png used on input line 332.
(pdftex.def)             Requested size: 701.8189pt x 281.65099pt.

Overfull \hbox (232.06389pt too wide) in paragraph at lines 332--335
 [][] 
 []

[15 </home/rburnet/S16work/diagnostic_of_objects/figures/HST_images/CL0036/CL00
36-Target_3.png> </home/rburnet/S16work/diagnostic_of_objects/figures/CL0036-IZ
-OB-1_COMBINE_SCI_RECONSTRUCTED_COLL_3.fits.png>]
Underfull \hbox (badness 10000) in paragraph at lines 341--342

 []


</home/rburnet/S16work/diagnostic_of_objects/figures/HST_images/CL0036/CL0036-T
arget_4.png, id=113, 449.68pt x 449.68pt>
File: /home/rburnet/S16work/diagnostic_of_objects/figures/HST_images/CL0036/CL0
036-Target_4.png Graphic file (type png)

<use /home/rburnet/S16work/diagnostic_of_objects/figures/HST_images/CL0036/CL00
36-Target_4.png>
Package pdftex.def Info: /home/rburnet/S16work/diagnostic_of_objects/figures/HS
T_images/CL0036/CL0036-Target_4.png used on input line 347.
(pdftex.def)             Requested size: 269.81007pt x 269.81007pt.

</home/rburnet/S16work/diagnostic_of_objects/figures/CL0036-IZ-OB-1_COMBINE_SCI
_RECONSTRUCTED_COLL_4.fits.png, id=114, 762.85pt x 306.14375pt>
File: /home/rburnet/S16work/diagnostic_of_objects/figures/CL0036-IZ-OB-1_COMBIN
E_SCI_RECONSTRUCTED_COLL_4.fits.png Graphic file (type png)

<use /home/rburnet/S16work/diagnostic_of_objects/figures/CL0036-IZ-OB-1_COMBINE
_SCI_RECONSTRUCTED_COLL_4.fits.png>
Package pdftex.def Info: /home/rburnet/S16work/diagnostic_of_objects/figures/CL
0036-IZ-OB-1_COMBINE_SCI_RECONSTRUCTED_COLL_4.fits.png used on input line 354.
(pdftex.def)             Requested size: 701.8189pt x 281.65099pt.

Overfull \hbox (232.06389pt too wide) in paragraph at lines 354--357
 [][] 
 []

[16 </home/rburnet/S16work/diagnostic_of_objects/figures/HST_images/CL0036/CL00
36-Target_4.png> </home/rburnet/S16work/diagnostic_of_objects/figures/CL0036-IZ
-OB-1_COMBINE_SCI_RECONSTRUCTED_COLL_4.fits.png>]
Underfull \hbox (badness 10000) in paragraph at lines 363--364

 []


</home/rburnet/S16work/diagnostic_of_objects/figures/HST_images/CL0036/CL0036-T
arget_5.png, id=120, 449.68pt x 449.68pt>
File: /home/rburnet/S16work/diagnostic_of_objects/figures/HST_images/CL0036/CL0
036-Target_5.png Graphic file (type png)

<use /home/rburnet/S16work/diagnostic_of_objects/figures/HST_images/CL0036/CL00
36-Target_5.png>
Package pdftex.def Info: /home/rburnet/S16work/diagnostic_of_objects/figures/HS
T_images/CL0036/CL0036-Target_5.png used on input line 369.
(pdftex.def)             Requested size: 269.81007pt x 269.81007pt.

</home/rburnet/S16work/diagnostic_of_objects/figures/CL0036-IZ-OB-1_COMBINE_SCI
_RECONSTRUCTED_COLL_5.fits.png, id=121, 762.85pt x 306.14375pt>
File: /home/rburnet/S16work/diagnostic_of_objects/figures/CL0036-IZ-OB-1_COMBIN
E_SCI_RECONSTRUCTED_COLL_5.fits.png Graphic file (type png)

<use /home/rburnet/S16work/diagnostic_of_objects/figures/CL0036-IZ-OB-1_COMBINE
_SCI_RECONSTRUCTED_COLL_5.fits.png>
Package pdftex.def Info: /home/rburnet/S16work/diagnostic_of_objects/figures/CL
0036-IZ-OB-1_COMBINE_SCI_RECONSTRUCTED_COLL_5.fits.png used on input line 376.
(pdftex.def)             Requested size: 701.8189pt x 281.65099pt.

Overfull \hbox (232.06389pt too wide) in paragraph at lines 376--379
 [][] 
 []

[17 </home/rburnet/S16work/diagnostic_of_objects/figures/HST_images/CL0036/CL00
36-Target_5.png> </home/rburnet/S16work/diagnostic_of_objects/figures/CL0036-IZ
-OB-1_COMBINE_SCI_RECONSTRUCTED_COLL_5.fits.png>]
Underfull \hbox (badness 10000) in paragraph at lines 385--386

 []


</home/rburnet/S16work/diagnostic_of_objects/figures/HST_images/CL0036/CL0036-T
arget_6.png, id=127, 449.68pt x 449.68pt>
File: /home/rburnet/S16work/diagnostic_of_objects/figures/HST_images/CL0036/CL0
036-Target_6.png Graphic file (type png)

<use /home/rburnet/S16work/diagnostic_of_objects/figures/HST_images/CL0036/CL00
36-Target_6.png>
Package pdftex.def Info: /home/rburnet/S16work/diagnostic_of_objects/figures/HS
T_images/CL0036/CL0036-Target_6.png used on input line 391.
(pdftex.def)             Requested size: 269.81007pt x 269.81007pt.

</home/rburnet/S16work/diagnostic_of_objects/figures/CL0036-IZ-OB-1_COMBINE_SCI
_RECONSTRUCTED_COLL_6.fits.png, id=128, 762.85pt x 306.14375pt>
File: /home/rburnet/S16work/diagnostic_of_objects/figures/CL0036-IZ-OB-1_COMBIN
E_SCI_RECONSTRUCTED_COLL_6.fits.png Graphic file (type png)

<use /home/rburnet/S16work/diagnostic_of_objects/figures/CL0036-IZ-OB-1_COMBINE
_SCI_RECONSTRUCTED_COLL_6.fits.png>
Package pdftex.def Info: /home/rburnet/S16work/diagnostic_of_objects/figures/CL
0036-IZ-OB-1_COMBINE_SCI_RECONSTRUCTED_COLL_6.fits.png used on input line 398.
(pdftex.def)             Requested size: 701.8189pt x 281.65099pt.

Overfull \hbox (232.06389pt too wide) in paragraph at lines 398--401
 [][] 
 []

[18 </home/rburnet/S16work/diagnostic_of_objects/figures/HST_images/CL0036/CL00
36-Target_6.png> </home/rburnet/S16work/diagnostic_of_objects/figures/CL0036-IZ
-OB-1_COMBINE_SCI_RECONSTRUCTED_COLL_6.fits.png>]
Underfull \hbox (badness 10000) in paragraph at lines 407--408

 []


</home/rburnet/S16work/diagnostic_of_objects/figures/HST_images/CL0036/CL0036-T
arget_7.png, id=134, 449.68pt x 449.68pt>
File: /home/rburnet/S16work/diagnostic_of_objects/figures/HST_images/CL0036/CL0
036-Target_7.png Graphic file (type png)

<use /home/rburnet/S16work/diagnostic_of_objects/figures/HST_images/CL0036/CL00
36-Target_7.png>
Package pdftex.def Info: /home/rburnet/S16work/diagnostic_of_objects/figures/HS
T_images/CL0036/CL0036-Target_7.png used on input line 413.
(pdftex.def)             Requested size: 269.81007pt x 269.81007pt.

</home/rburnet/S16work/diagnostic_of_objects/figures/CL0036-IZ-OB-1_COMBINE_SCI
_RECONSTRUCTED_COLL_7.fits.png, id=135, 762.85pt x 306.14375pt>
File: /home/rburnet/S16work/diagnostic_of_objects/figures/CL0036-IZ-OB-1_COMBIN
E_SCI_RECONSTRUCTED_COLL_7.fits.png Graphic file (type png)

<use /home/rburnet/S16work/diagnostic_of_objects/figures/CL0036-IZ-OB-1_COMBINE
_SCI_RECONSTRUCTED_COLL_7.fits.png>
Package pdftex.def Info: /home/rburnet/S16work/diagnostic_of_objects/figures/CL
0036-IZ-OB-1_COMBINE_SCI_RECONSTRUCTED_COLL_7.fits.png used on input line 420.
(pdftex.def)             Requested size: 701.8189pt x 281.65099pt.

Overfull \hbox (232.06389pt too wide) in paragraph at lines 420--423
 [][] 
 []

[19 </home/rburnet/S16work/diagnostic_of_objects/figures/HST_images/CL0036/CL00
36-Target_7.png> </home/rburnet/S16work/diagnostic_of_objects/figures/CL0036-IZ
-OB-1_COMBINE_SCI_RECONSTRUCTED_COLL_7.fits.png>]
Underfull \hbox (badness 10000) in paragraph at lines 429--430

 []


</home/rburnet/S16work/diagnostic_of_objects/figures/HST_images/CL0036/CL0036-T
arget_8.png, id=142, 449.68pt x 449.68pt>
File: /home/rburnet/S16work/diagnostic_of_objects/figures/HST_images/CL0036/CL0
036-Target_8.png Graphic file (type png)

<use /home/rburnet/S16work/diagnostic_of_objects/figures/HST_images/CL0036/CL00
36-Target_8.png>
Package pdftex.def Info: /home/rburnet/S16work/diagnostic_of_objects/figures/HS
T_images/CL0036/CL0036-Target_8.png used on input line 435.
(pdftex.def)             Requested size: 269.81007pt x 269.81007pt.

</home/rburnet/S16work/diagnostic_of_objects/figures/CL0036-IZ-OB-1_COMBINE_SCI
_RECONSTRUCTED_COLL_8.fits.png, id=143, 762.85pt x 306.14375pt>
File: /home/rburnet/S16work/diagnostic_of_objects/figures/CL0036-IZ-OB-1_COMBIN
E_SCI_RECONSTRUCTED_COLL_8.fits.png Graphic file (type png)

<use /home/rburnet/S16work/diagnostic_of_objects/figures/CL0036-IZ-OB-1_COMBINE
_SCI_RECONSTRUCTED_COLL_8.fits.png>
Package pdftex.def Info: /home/rburnet/S16work/diagnostic_of_objects/figures/CL
0036-IZ-OB-1_COMBINE_SCI_RECONSTRUCTED_COLL_8.fits.png used on input line 442.
(pdftex.def)             Requested size: 701.8189pt x 281.65099pt.

Overfull \hbox (232.06389pt too wide) in paragraph at lines 442--445
 [][] 
 []

[20 </home/rburnet/S16work/diagnostic_of_objects/figures/HST_images/CL0036/CL00
36-Target_8.png> </home/rburnet/S16work/diagnostic_of_objects/figures/CL0036-IZ
-OB-1_COMBINE_SCI_RECONSTRUCTED_COLL_8.fits.png>]
Underfull \hbox (badness 10000) in paragraph at lines 451--452

 []


</home/rburnet/S16work/diagnostic_of_objects/figures/HST_images/CL0036/CL0036-T
arget_10.png, id=149, 449.68pt x 449.68pt>
File: /home/rburnet/S16work/diagnostic_of_objects/figures/HST_images/CL0036/CL0
036-Target_10.png Graphic file (type png)

<use /home/rburnet/S16work/diagnostic_of_objects/figures/HST_images/CL0036/CL00
36-Target_10.png>
Package pdftex.def Info: /home/rburnet/S16work/diagnostic_of_objects/figures/HS
T_images/CL0036/CL0036-Target_10.png used on input line 457.
(pdftex.def)             Requested size: 269.81007pt x 269.81007pt.

</home/rburnet/S16work/diagnostic_of_objects/figures/CL0036-IZ-OB-1_COMBINE_SCI
_RECONSTRUCTED_COLL_10.fits.png, id=150, 762.85pt x 306.14375pt>
File: /home/rburnet/S16work/diagnostic_of_objects/figures/CL0036-IZ-OB-1_COMBIN
E_SCI_RECONSTRUCTED_COLL_10.fits.png Graphic file (type png)

<use /home/rburnet/S16work/diagnostic_of_objects/figures/CL0036-IZ-OB-1_COMBINE
_SCI_RECONSTRUCTED_COLL_10.fits.png>
Package pdftex.def Info: /home/rburnet/S16work/diagnostic_of_objects/figures/CL
0036-IZ-OB-1_COMBINE_SCI_RECONSTRUCTED_COLL_10.fits.png used on input line 464.

(pdftex.def)             Requested size: 701.8189pt x 281.65099pt.

Overfull \hbox (232.06389pt too wide) in paragraph at lines 464--467
 [][] 
 []

[21 </home/rburnet/S16work/diagnostic_of_objects/figures/HST_images/CL0036/CL00
36-Target_10.png> </home/rburnet/S16work/diagnostic_of_objects/figures/CL0036-I
Z-OB-1_COMBINE_SCI_RECONSTRUCTED_COLL_10.fits.png>]
Underfull \hbox (badness 10000) in paragraph at lines 473--474

 []


</home/rburnet/S16work/diagnostic_of_objects/figures/HST_images/CL0036/CL0036-T
arget_17.png, id=156, 449.68pt x 449.68pt>
File: /home/rburnet/S16work/diagnostic_of_objects/figures/HST_images/CL0036/CL0
036-Target_17.png Graphic file (type png)

<use /home/rburnet/S16work/diagnostic_of_objects/figures/HST_images/CL0036/CL00
36-Target_17.png>
Package pdftex.def Info: /home/rburnet/S16work/diagnostic_of_objects/figures/HS
T_images/CL0036/CL0036-Target_17.png used on input line 479.
(pdftex.def)             Requested size: 269.81007pt x 269.81007pt.

</home/rburnet/S16work/diagnostic_of_objects/figures/CL0036-IZ-OB-1_COMBINE_SCI
_RECONSTRUCTED_COLL_17.fits.png, id=157, 762.85pt x 306.14375pt>
File: /home/rburnet/S16work/diagnostic_of_objects/figures/CL0036-IZ-OB-1_COMBIN
E_SCI_RECONSTRUCTED_COLL_17.fits.png Graphic file (type png)

<use /home/rburnet/S16work/diagnostic_of_objects/figures/CL0036-IZ-OB-1_COMBINE
_SCI_RECONSTRUCTED_COLL_17.fits.png>
Package pdftex.def Info: /home/rburnet/S16work/diagnostic_of_objects/figures/CL
0036-IZ-OB-1_COMBINE_SCI_RECONSTRUCTED_COLL_17.fits.png used on input line 486.

(pdftex.def)             Requested size: 701.8189pt x 281.65099pt.

Overfull \hbox (232.06389pt too wide) in paragraph at lines 486--489
 [][] 
 []

[22 </home/rburnet/S16work/diagnostic_of_objects/figures/HST_images/CL0036/CL00
36-Target_17.png> </home/rburnet/S16work/diagnostic_of_objects/figures/CL0036-I
Z-OB-1_COMBINE_SCI_RECONSTRUCTED_COLL_17.fits.png>]
Underfull \hbox (badness 10000) in paragraph at lines 495--496

 []


</home/rburnet/S16work/diagnostic_of_objects/figures/HST_images/CL0036/CL0036-T
arget_19.png, id=163, 449.68pt x 449.68pt>
File: /home/rburnet/S16work/diagnostic_of_objects/figures/HST_images/CL0036/CL0
036-Target_19.png Graphic file (type png)

<use /home/rburnet/S16work/diagnostic_of_objects/figures/HST_images/CL0036/CL00
36-Target_19.png>
Package pdftex.def Info: /home/rburnet/S16work/diagnostic_of_objects/figures/HS
T_images/CL0036/CL0036-Target_19.png used on input line 501.
(pdftex.def)             Requested size: 269.81007pt x 269.81007pt.

</home/rburnet/S16work/diagnostic_of_objects/figures/CL0036-IZ-OB-1_COMBINE_SCI
_RECONSTRUCTED_COLL_19.fits.png, id=164, 762.85pt x 306.14375pt>
File: /home/rburnet/S16work/diagnostic_of_objects/figures/CL0036-IZ-OB-1_COMBIN
E_SCI_RECONSTRUCTED_COLL_19.fits.png Graphic file (type png)

<use /home/rburnet/S16work/diagnostic_of_objects/figures/CL0036-IZ-OB-1_COMBINE
_SCI_RECONSTRUCTED_COLL_19.fits.png>
Package pdftex.def Info: /home/rburnet/S16work/diagnostic_of_objects/figures/CL
0036-IZ-OB-1_COMBINE_SCI_RECONSTRUCTED_COLL_19.fits.png used on input line 508.

(pdftex.def)             Requested size: 701.8189pt x 281.65099pt.

Overfull \hbox (232.06389pt too wide) in paragraph at lines 508--511
 [][] 
 []

[23 </home/rburnet/S16work/diagnostic_of_objects/figures/HST_images/CL0036/CL00
36-Target_19.png> </home/rburnet/S16work/diagnostic_of_objects/figures/CL0036-I
Z-OB-1_COMBINE_SCI_RECONSTRUCTED_COLL_19.fits.png>]
Underfull \hbox (badness 10000) in paragraph at lines 517--518

 []


</home/rburnet/S16work/diagnostic_of_objects/figures/HST_images/CL0036/CL0036-T
arget_26.png, id=170, 449.68pt x 450.68375pt>
File: /home/rburnet/S16work/diagnostic_of_objects/figures/HST_images/CL0036/CL0
036-Target_26.png Graphic file (type png)

<use /home/rburnet/S16work/diagnostic_of_objects/figures/HST_images/CL0036/CL00
36-Target_26.png>
Package pdftex.def Info: /home/rburnet/S16work/diagnostic_of_objects/figures/HS
T_images/CL0036/CL0036-Target_26.png used on input line 523.
(pdftex.def)             Requested size: 269.81007pt x 270.41232pt.

</home/rburnet/S16work/diagnostic_of_objects/figures/CL0036-IZ-OB-1_COMBINE_SCI
_RECONSTRUCTED_COLL_26.fits.png, id=171, 762.85pt x 306.14375pt>
File: /home/rburnet/S16work/diagnostic_of_objects/figures/CL0036-IZ-OB-1_COMBIN
E_SCI_RECONSTRUCTED_COLL_26.fits.png Graphic file (type png)

<use /home/rburnet/S16work/diagnostic_of_objects/figures/CL0036-IZ-OB-1_COMBINE
_SCI_RECONSTRUCTED_COLL_26.fits.png>
Package pdftex.def Info: /home/rburnet/S16work/diagnostic_of_objects/figures/CL
0036-IZ-OB-1_COMBINE_SCI_RECONSTRUCTED_COLL_26.fits.png used on input line 530.

(pdftex.def)             Requested size: 701.8189pt x 281.65099pt.

Overfull \hbox (232.06389pt too wide) in paragraph at lines 530--533
 [][] 
 []

[24 </home/rburnet/S16work/diagnostic_of_objects/figures/HST_images/CL0036/CL00
36-Target_26.png> </home/rburnet/S16work/diagnostic_of_objects/figures/CL0036-I
Z-OB-1_COMBINE_SCI_RECONSTRUCTED_COLL_26.fits.png>]
Underfull \hbox (badness 10000) in paragraph at lines 539--540

 []


</home/rburnet/S16work/diagnostic_of_objects/figures/HST_images/CL0036/CL0036-T
arget_28.png, id=177, 449.68pt x 449.68pt>
File: /home/rburnet/S16work/diagnostic_of_objects/figures/HST_images/CL0036/CL0
036-Target_28.png Graphic file (type png)

<use /home/rburnet/S16work/diagnostic_of_objects/figures/HST_images/CL0036/CL00
36-Target_28.png>
Package pdftex.def Info: /home/rburnet/S16work/diagnostic_of_objects/figures/HS
T_images/CL0036/CL0036-Target_28.png used on input line 545.
(pdftex.def)             Requested size: 269.81007pt x 269.81007pt.

</home/rburnet/S16work/diagnostic_of_objects/figures/CL0036-IZ-OB-1_COMBINE_SCI
_RECONSTRUCTED_COLL_28.fits.png, id=178, 762.85pt x 306.14375pt>
File: /home/rburnet/S16work/diagnostic_of_objects/figures/CL0036-IZ-OB-1_COMBIN
E_SCI_RECONSTRUCTED_COLL_28.fits.png Graphic file (type png)

<use /home/rburnet/S16work/diagnostic_of_objects/figures/CL0036-IZ-OB-1_COMBINE
_SCI_RECONSTRUCTED_COLL_28.fits.png>
Package pdftex.def Info: /home/rburnet/S16work/diagnostic_of_objects/figures/CL
0036-IZ-OB-1_COMBINE_SCI_RECONSTRUCTED_COLL_28.fits.png used on input line 552.

(pdftex.def)             Requested size: 701.8189pt x 281.65099pt.

Overfull \hbox (232.06389pt too wide) in paragraph at lines 552--555
 [][] 
 []

[25 </home/rburnet/S16work/diagnostic_of_objects/figures/HST_images/CL0036/CL00
36-Target_28.png> </home/rburnet/S16work/diagnostic_of_objects/figures/CL0036-I
Z-OB-1_COMBINE_SCI_RECONSTRUCTED_COLL_28.fits.png>]
Underfull \hbox (badness 10000) in paragraph at lines 561--562

 []


</home/rburnet/S16work/diagnostic_of_objects/figures/HST_images/CL0036/CL0036-T
arget_30.png, id=185, 449.68pt x 449.68pt>
File: /home/rburnet/S16work/diagnostic_of_objects/figures/HST_images/CL0036/CL0
036-Target_30.png Graphic file (type png)

<use /home/rburnet/S16work/diagnostic_of_objects/figures/HST_images/CL0036/CL00
36-Target_30.png>
Package pdftex.def Info: /home/rburnet/S16work/diagnostic_of_objects/figures/HS
T_images/CL0036/CL0036-Target_30.png used on input line 567.
(pdftex.def)             Requested size: 269.81007pt x 269.81007pt.

</home/rburnet/S16work/diagnostic_of_objects/figures/CL0036-IZ-OB-1_COMBINE_SCI
_RECONSTRUCTED_COLL_30.fits.png, id=186, 762.85pt x 306.14375pt>
File: /home/rburnet/S16work/diagnostic_of_objects/figures/CL0036-IZ-OB-1_COMBIN
E_SCI_RECONSTRUCTED_COLL_30.fits.png Graphic file (type png)

<use /home/rburnet/S16work/diagnostic_of_objects/figures/CL0036-IZ-OB-1_COMBINE
_SCI_RECONSTRUCTED_COLL_30.fits.png>
Package pdftex.def Info: /home/rburnet/S16work/diagnostic_of_objects/figures/CL
0036-IZ-OB-1_COMBINE_SCI_RECONSTRUCTED_COLL_30.fits.png used on input line 574.

(pdftex.def)             Requested size: 701.8189pt x 281.65099pt.

Overfull \hbox (232.06389pt too wide) in paragraph at lines 574--577
 [][] 
 []

[26 </home/rburnet/S16work/diagnostic_of_objects/figures/HST_images/CL0036/CL00
36-Target_30.png> </home/rburnet/S16work/diagnostic_of_objects/figures/CL0036-I
Z-OB-1_COMBINE_SCI_RECONSTRUCTED_COLL_30.fits.png>]
(./diagnostic_report_OB1.aux)

LaTeX Warning: There were multiply-defined labels.

 ) 
Here is how much of TeX's memory you used:
 4390 strings out of 493339
 83379 string characters out of 6141383
 125179 words of memory out of 5000000
 7737 multiletter control sequences out of 15000+600000
 5638 words of font info for 23 fonts, out of 8000000 for 9000
 953 hyphenation exceptions out of 8191
 42i,8n,40p,288b,425s stack positions out of 5000i,500n,10000p,200000b,80000s
</usr/share/texlive/texmf-dist/fonts/type1/public/amsfonts/cm/cmr10.pfb></usr
/share/texlive/texmf-dist/fonts/type1/public/amsfonts/cm/cmr9.pfb>
Output written on diagnostic_report_OB1.pdf (26 pages, 2040522 bytes).
PDF statistics:
 201 PDF objects out of 1000 (max. 8388607)
 66 compressed objects within 1 object stream
 0 named destinations out of 1000 (max. 500000)
 261 words of extra memory for PDF output out of 10000 (max. 10000000)

