This is pdfTeX, Version 3.14159265-2.6-1.40.15 (TeX Live 2014) (preloaded format=pdflatex 2016.6.6)  21 JUL 2016 10:15
entering extended mode
 restricted \write18 enabled.
 %&-line parsing enabled.
**CL0034_diagnostic_report.tex
(./CL0034_diagnostic_report.tex
LaTeX2e <2011/06/27>
Babel <3.9k> and hyphenation patterns for 75 languages loaded.
(/usr/share/texlive/texmf-dist/tex/latex/base/article.cls
Document Class: article 2007/10/19 v1.4h Standard LaTeX document class
(/usr/share/texlive/texmf-dist/tex/latex/base/size10.clo
File: size10.clo 2007/10/19 v1.4h Standard LaTeX file (size option)
)
\c@part=\count79
\c@section=\count80
\c@subsection=\count81
\c@subsubsection=\count82
\c@paragraph=\count83
\c@subparagraph=\count84
\c@figure=\count85
\c@table=\count86
\abovecaptionskip=\skip41
\belowcaptionskip=\skip42
\bibindent=\dimen102
)
(/usr/share/texlive/texmf-dist/tex/latex/geometry/geometry.sty
Package: geometry 2010/09/12 v5.6 Page Geometry

(/usr/share/texlive/texmf-dist/tex/latex/graphics/keyval.sty
Package: keyval 1999/03/16 v1.13 key=value parser (DPC)
\KV@toks@=\toks14
)
(/usr/share/texlive/texmf-dist/tex/generic/oberdiek/ifpdf.sty
Package: ifpdf 2011/01/30 v2.3 Provides the ifpdf switch (HO)
Package ifpdf Info: pdfTeX in PDF mode is detected.
)
(/usr/share/texlive/texmf-dist/tex/generic/oberdiek/ifvtex.sty
Package: ifvtex 2010/03/01 v1.5 Detect VTeX and its facilities (HO)
Package ifvtex Info: VTeX not detected.
)
(/usr/share/texlive/texmf-dist/tex/generic/ifxetex/ifxetex.sty
Package: ifxetex 2010/09/12 v0.6 Provides ifxetex conditional
)
\Gm@cnth=\count87
\Gm@cntv=\count88
\c@Gm@tempcnt=\count89
\Gm@bindingoffset=\dimen103
\Gm@wd@mp=\dimen104
\Gm@odd@mp=\dimen105
\Gm@even@mp=\dimen106
\Gm@layoutwidth=\dimen107
\Gm@layoutheight=\dimen108
\Gm@layouthoffset=\dimen109
\Gm@layoutvoffset=\dimen110
\Gm@dimlist=\toks15
)
(/usr/share/texlive/texmf-dist/tex/latex/base/inputenc.sty
Package: inputenc 2008/03/30 v1.1d Input encoding file
\inpenc@prehook=\toks16
\inpenc@posthook=\toks17

(/usr/share/texlive/texmf-dist/tex/latex/base/utf8.def
File: utf8.def 2008/04/05 v1.1m UTF-8 support for inputenc
Now handling font encoding OML ...
... no UTF-8 mapping file for font encoding OML
Now handling font encoding T1 ...
... processing UTF-8 mapping file for font encoding T1

(/usr/share/texlive/texmf-dist/tex/latex/base/t1enc.dfu
File: t1enc.dfu 2008/04/05 v1.1m UTF-8 support for inputenc
   defining Unicode char U+00A1 (decimal 161)
   defining Unicode char U+00A3 (decimal 163)
   defining Unicode char U+00AB (decimal 171)
   defining Unicode char U+00BB (decimal 187)
   defining Unicode char U+00BF (decimal 191)
   defining Unicode char U+00C0 (decimal 192)
   defining Unicode char U+00C1 (decimal 193)
   defining Unicode char U+00C2 (decimal 194)
   defining Unicode char U+00C3 (decimal 195)
   defining Unicode char U+00C4 (decimal 196)
   defining Unicode char U+00C5 (decimal 197)
   defining Unicode char U+00C6 (decimal 198)
   defining Unicode char U+00C7 (decimal 199)
   defining Unicode char U+00C8 (decimal 200)
   defining Unicode char U+00C9 (decimal 201)
   defining Unicode char U+00CA (decimal 202)
   defining Unicode char U+00CB (decimal 203)
   defining Unicode char U+00CC (decimal 204)
   defining Unicode char U+00CD (decimal 205)
   defining Unicode char U+00CE (decimal 206)
   defining Unicode char U+00CF (decimal 207)
   defining Unicode char U+00D0 (decimal 208)
   defining Unicode char U+00D1 (decimal 209)
   defining Unicode char U+00D2 (decimal 210)
   defining Unicode char U+00D3 (decimal 211)
   defining Unicode char U+00D4 (decimal 212)
   defining Unicode char U+00D5 (decimal 213)
   defining Unicode char U+00D6 (decimal 214)
   defining Unicode char U+00D8 (decimal 216)
   defining Unicode char U+00D9 (decimal 217)
   defining Unicode char U+00DA (decimal 218)
   defining Unicode char U+00DB (decimal 219)
   defining Unicode char U+00DC (decimal 220)
   defining Unicode char U+00DD (decimal 221)
   defining Unicode char U+00DE (decimal 222)
   defining Unicode char U+00DF (decimal 223)
   defining Unicode char U+00E0 (decimal 224)
   defining Unicode char U+00E1 (decimal 225)
   defining Unicode char U+00E2 (decimal 226)
   defining Unicode char U+00E3 (decimal 227)
   defining Unicode char U+00E4 (decimal 228)
   defining Unicode char U+00E5 (decimal 229)
   defining Unicode char U+00E6 (decimal 230)
   defining Unicode char U+00E7 (decimal 231)
   defining Unicode char U+00E8 (decimal 232)
   defining Unicode char U+00E9 (decimal 233)
   defining Unicode char U+00EA (decimal 234)
   defining Unicode char U+00EB (decimal 235)
   defining Unicode char U+00EC (decimal 236)
   defining Unicode char U+00ED (decimal 237)
   defining Unicode char U+00EE (decimal 238)
   defining Unicode char U+00EF (decimal 239)
   defining Unicode char U+00F0 (decimal 240)
   defining Unicode char U+00F1 (decimal 241)
   defining Unicode char U+00F2 (decimal 242)
   defining Unicode char U+00F3 (decimal 243)
   defining Unicode char U+00F4 (decimal 244)
   defining Unicode char U+00F5 (decimal 245)
   defining Unicode char U+00F6 (decimal 246)
   defining Unicode char U+00F8 (decimal 248)
   defining Unicode char U+00F9 (decimal 249)
   defining Unicode char U+00FA (decimal 250)
   defining Unicode char U+00FB (decimal 251)
   defining Unicode char U+00FC (decimal 252)
   defining Unicode char U+00FD (decimal 253)
   defining Unicode char U+00FE (decimal 254)
   defining Unicode char U+00FF (decimal 255)
   defining Unicode char U+0102 (decimal 258)
   defining Unicode char U+0103 (decimal 259)
   defining Unicode char U+0104 (decimal 260)
   defining Unicode char U+0105 (decimal 261)
   defining Unicode char U+0106 (decimal 262)
   defining Unicode char U+0107 (decimal 263)
   defining Unicode char U+010C (decimal 268)
   defining Unicode char U+010D (decimal 269)
   defining Unicode char U+010E (decimal 270)
   defining Unicode char U+010F (decimal 271)
   defining Unicode char U+0110 (decimal 272)
   defining Unicode char U+0111 (decimal 273)
   defining Unicode char U+0118 (decimal 280)
   defining Unicode char U+0119 (decimal 281)
   defining Unicode char U+011A (decimal 282)
   defining Unicode char U+011B (decimal 283)
   defining Unicode char U+011E (decimal 286)
   defining Unicode char U+011F (decimal 287)
   defining Unicode char U+0130 (decimal 304)
   defining Unicode char U+0131 (decimal 305)
   defining Unicode char U+0132 (decimal 306)
   defining Unicode char U+0133 (decimal 307)
   defining Unicode char U+0139 (decimal 313)
   defining Unicode char U+013A (decimal 314)
   defining Unicode char U+013D (decimal 317)
   defining Unicode char U+013E (decimal 318)
   defining Unicode char U+0141 (decimal 321)
   defining Unicode char U+0142 (decimal 322)
   defining Unicode char U+0143 (decimal 323)
   defining Unicode char U+0144 (decimal 324)
   defining Unicode char U+0147 (decimal 327)
   defining Unicode char U+0148 (decimal 328)
   defining Unicode char U+014A (decimal 330)
   defining Unicode char U+014B (decimal 331)
   defining Unicode char U+0150 (decimal 336)
   defining Unicode char U+0151 (decimal 337)
   defining Unicode char U+0152 (decimal 338)
   defining Unicode char U+0153 (decimal 339)
   defining Unicode char U+0154 (decimal 340)
   defining Unicode char U+0155 (decimal 341)
   defining Unicode char U+0158 (decimal 344)
   defining Unicode char U+0159 (decimal 345)
   defining Unicode char U+015A (decimal 346)
   defining Unicode char U+015B (decimal 347)
   defining Unicode char U+015E (decimal 350)
   defining Unicode char U+015F (decimal 351)
   defining Unicode char U+0160 (decimal 352)
   defining Unicode char U+0161 (decimal 353)
   defining Unicode char U+0162 (decimal 354)
   defining Unicode char U+0163 (decimal 355)
   defining Unicode char U+0164 (decimal 356)
   defining Unicode char U+0165 (decimal 357)
   defining Unicode char U+016E (decimal 366)
   defining Unicode char U+016F (decimal 367)
   defining Unicode char U+0170 (decimal 368)
   defining Unicode char U+0171 (decimal 369)
   defining Unicode char U+0178 (decimal 376)
   defining Unicode char U+0179 (decimal 377)
   defining Unicode char U+017A (decimal 378)
   defining Unicode char U+017B (decimal 379)
   defining Unicode char U+017C (decimal 380)
   defining Unicode char U+017D (decimal 381)
   defining Unicode char U+017E (decimal 382)
   defining Unicode char U+200C (decimal 8204)
   defining Unicode char U+2013 (decimal 8211)
   defining Unicode char U+2014 (decimal 8212)
   defining Unicode char U+2018 (decimal 8216)
   defining Unicode char U+2019 (decimal 8217)
   defining Unicode char U+201A (decimal 8218)
   defining Unicode char U+201C (decimal 8220)
   defining Unicode char U+201D (decimal 8221)
   defining Unicode char U+201E (decimal 8222)
   defining Unicode char U+2030 (decimal 8240)
   defining Unicode char U+2031 (decimal 8241)
   defining Unicode char U+2039 (decimal 8249)
   defining Unicode char U+203A (decimal 8250)
   defining Unicode char U+2423 (decimal 9251)
)
Now handling font encoding OT1 ...
... processing UTF-8 mapping file for font encoding OT1

(/usr/share/texlive/texmf-dist/tex/latex/base/ot1enc.dfu
File: ot1enc.dfu 2008/04/05 v1.1m UTF-8 support for inputenc
   defining Unicode char U+00A1 (decimal 161)
   defining Unicode char U+00A3 (decimal 163)
   defining Unicode char U+00B8 (decimal 184)
   defining Unicode char U+00BF (decimal 191)
   defining Unicode char U+00C5 (decimal 197)
   defining Unicode char U+00C6 (decimal 198)
   defining Unicode char U+00D8 (decimal 216)
   defining Unicode char U+00DF (decimal 223)
   defining Unicode char U+00E6 (decimal 230)
   defining Unicode char U+00EC (decimal 236)
   defining Unicode char U+00ED (decimal 237)
   defining Unicode char U+00EE (decimal 238)
   defining Unicode char U+00EF (decimal 239)
   defining Unicode char U+00F8 (decimal 248)
   defining Unicode char U+0131 (decimal 305)
   defining Unicode char U+0141 (decimal 321)
   defining Unicode char U+0142 (decimal 322)
   defining Unicode char U+0152 (decimal 338)
   defining Unicode char U+0153 (decimal 339)
   defining Unicode char U+2013 (decimal 8211)
   defining Unicode char U+2014 (decimal 8212)
   defining Unicode char U+2018 (decimal 8216)
   defining Unicode char U+2019 (decimal 8217)
   defining Unicode char U+201C (decimal 8220)
   defining Unicode char U+201D (decimal 8221)
)
Now handling font encoding OMS ...
... processing UTF-8 mapping file for font encoding OMS

(/usr/share/texlive/texmf-dist/tex/latex/base/omsenc.dfu
File: omsenc.dfu 2008/04/05 v1.1m UTF-8 support for inputenc
   defining Unicode char U+00A7 (decimal 167)
   defining Unicode char U+00B6 (decimal 182)
   defining Unicode char U+00B7 (decimal 183)
   defining Unicode char U+2020 (decimal 8224)
   defining Unicode char U+2021 (decimal 8225)
   defining Unicode char U+2022 (decimal 8226)
)
Now handling font encoding OMX ...
... no UTF-8 mapping file for font encoding OMX
Now handling font encoding U ...
... no UTF-8 mapping file for font encoding U
   defining Unicode char U+00A9 (decimal 169)
   defining Unicode char U+00AA (decimal 170)
   defining Unicode char U+00AE (decimal 174)
   defining Unicode char U+00BA (decimal 186)
   defining Unicode char U+02C6 (decimal 710)
   defining Unicode char U+02DC (decimal 732)
   defining Unicode char U+200C (decimal 8204)
   defining Unicode char U+2026 (decimal 8230)
   defining Unicode char U+2122 (decimal 8482)
   defining Unicode char U+2423 (decimal 9251)
))
(/usr/share/texlive/texmf-dist/tex/latex/amsmath/amsmath.sty
Package: amsmath 2013/01/14 v2.14 AMS math features
\@mathmargin=\skip43

For additional information on amsmath, use the `?' option.
(/usr/share/texlive/texmf-dist/tex/latex/amsmath/amstext.sty
Package: amstext 2000/06/29 v2.01

(/usr/share/texlive/texmf-dist/tex/latex/amsmath/amsgen.sty
File: amsgen.sty 1999/11/30 v2.0
\@emptytoks=\toks18
\ex@=\dimen111
))
(/usr/share/texlive/texmf-dist/tex/latex/amsmath/amsbsy.sty
Package: amsbsy 1999/11/29 v1.2d
\pmbraise@=\dimen112
)
(/usr/share/texlive/texmf-dist/tex/latex/amsmath/amsopn.sty
Package: amsopn 1999/12/14 v2.01 operator names
)
\inf@bad=\count90
LaTeX Info: Redefining \frac on input line 210.
\uproot@=\count91
\leftroot@=\count92
LaTeX Info: Redefining \overline on input line 306.
\classnum@=\count93
\DOTSCASE@=\count94
LaTeX Info: Redefining \ldots on input line 378.
LaTeX Info: Redefining \dots on input line 381.
LaTeX Info: Redefining \cdots on input line 466.
\Mathstrutbox@=\box26
\strutbox@=\box27
\big@size=\dimen113
LaTeX Font Info:    Redeclaring font encoding OML on input line 566.
LaTeX Font Info:    Redeclaring font encoding OMS on input line 567.
\macc@depth=\count95
\c@MaxMatrixCols=\count96
\dotsspace@=\muskip10
\c@parentequation=\count97
\dspbrk@lvl=\count98
\tag@help=\toks19
\row@=\count99
\column@=\count100
\maxfields@=\count101
\andhelp@=\toks20
\eqnshift@=\dimen114
\alignsep@=\dimen115
\tagshift@=\dimen116
\tagwidth@=\dimen117
\totwidth@=\dimen118
\lineht@=\dimen119
\@envbody=\toks21
\multlinegap=\skip44
\multlinetaggap=\skip45
\mathdisplay@stack=\toks22
LaTeX Info: Redefining \[ on input line 2665.
LaTeX Info: Redefining \] on input line 2666.
)
(/usr/share/texlive/texmf-dist/tex/latex/amsfonts/amsfonts.sty
Package: amsfonts 2013/01/14 v3.01 Basic AMSFonts support
\symAMSa=\mathgroup4
\symAMSb=\mathgroup5
LaTeX Font Info:    Overwriting math alphabet `\mathfrak' in version `bold'
(Font)                  U/euf/m/n --> U/euf/b/n on input line 106.
)
(/usr/share/texlive/texmf-dist/tex/latex/amsfonts/amssymb.sty
Package: amssymb 2013/01/14 v3.01 AMS font symbols
)
(/usr/share/texlive/texmf-dist/tex/latex/graphics/graphicx.sty
Package: graphicx 1999/02/16 v1.0f Enhanced LaTeX Graphics (DPC,SPQR)

(/usr/share/texlive/texmf-dist/tex/latex/graphics/graphics.sty
Package: graphics 2009/02/05 v1.0o Standard LaTeX Graphics (DPC,SPQR)

(/usr/share/texlive/texmf-dist/tex/latex/graphics/trig.sty
Package: trig 1999/03/16 v1.09 sin cos tan (DPC)
)
(/usr/share/texlive/texmf-dist/tex/latex/latexconfig/graphics.cfg
File: graphics.cfg 2010/04/23 v1.9 graphics configuration of TeX Live
)
Package graphics Info: Driver file: pdftex.def on input line 91.

(/usr/share/texlive/texmf-dist/tex/latex/pdftex-def/pdftex.def
File: pdftex.def 2011/05/27 v0.06d Graphics/color for pdfTeX

(/usr/share/texlive/texmf-dist/tex/generic/oberdiek/infwarerr.sty
Package: infwarerr 2010/04/08 v1.3 Providing info/warning/error messages (HO)
)
(/usr/share/texlive/texmf-dist/tex/generic/oberdiek/ltxcmds.sty
Package: ltxcmds 2011/11/09 v1.22 LaTeX kernel commands for general use (HO)
)
\Gread@gobject=\count102
))
\Gin@req@height=\dimen120
\Gin@req@width=\dimen121
)
(/usr/share/texlive/texmf-dist/tex/latex/caption/subcaption.sty
Package: subcaption 2013/02/03 v1.1-62 Sub-captions (AR)

(/usr/share/texlive/texmf-dist/tex/latex/caption/caption.sty
Package: caption 2013/05/02 v3.3-89 Customizing captions (AR)

(/usr/share/texlive/texmf-dist/tex/latex/caption/caption3.sty
Package: caption3 2013/05/02 v1.6-88 caption3 kernel (AR)
Package caption3 Info: TeX engine: e-TeX on input line 57.
\captionmargin=\dimen122
\captionmargin@=\dimen123
\captionwidth=\dimen124
\caption@tempdima=\dimen125
\caption@indent=\dimen126
\caption@parindent=\dimen127
\caption@hangindent=\dimen128
)
\c@ContinuedFloat=\count103
)
\c@subfigure=\count104
\c@subtable=\count105
)
(/usr/share/texlive/texmf-dist/tex/latex/tools/array.sty
Package: array 2008/09/09 v2.4c Tabular extension package (FMi)
\col@sep=\dimen129
\extrarowheight=\dimen130
\NC@list=\toks23
\extratabsurround=\skip46
\backup@length=\skip47
)
(/usr/share/texlive/texmf-dist/tex/latex/pdfpages/pdfpages.sty
Package: pdfpages 2013/08/25 v0.4v Insert pages of external PDF documents (AM)

(/usr/share/texlive/texmf-dist/tex/latex/base/ifthen.sty
Package: ifthen 2001/05/26 v1.1c Standard LaTeX ifthen package (DPC)
)
(/usr/share/texlive/texmf-dist/tex/latex/tools/calc.sty
Package: calc 2007/08/22 v4.3 Infix arithmetic (KKT,FJ)
\calc@Acount=\count106
\calc@Bcount=\count107
\calc@Adimen=\dimen131
\calc@Bdimen=\dimen132
\calc@Askip=\skip48
\calc@Bskip=\skip49
LaTeX Info: Redefining \setlength on input line 76.
LaTeX Info: Redefining \addtolength on input line 77.
\calc@Ccount=\count108
\calc@Cskip=\skip50
)
(/usr/share/texlive/texmf-dist/tex/latex/eso-pic/eso-pic.sty
Package: eso-pic 2013/10/06 v2.0d eso-pic (RN)

(/usr/share/texlive/texmf-dist/tex/generic/oberdiek/atbegshi.sty
Package: atbegshi 2011/10/05 v1.16 At begin shipout hook (HO)
)
(/usr/share/texlive/texmf-dist/tex/latex/xcolor/xcolor.sty
Package: xcolor 2007/01/21 v2.11 LaTeX color extensions (UK)

(/usr/share/texlive/texmf-dist/tex/latex/latexconfig/color.cfg
File: color.cfg 2007/01/18 v1.5 color configuration of teTeX/TeXLive
)
Package xcolor Info: Driver file: pdftex.def on input line 225.
Package xcolor Info: Model `cmy' substituted by `cmy0' on input line 1337.
Package xcolor Info: Model `hsb' substituted by `rgb' on input line 1341.
Package xcolor Info: Model `RGB' extended on input line 1353.
Package xcolor Info: Model `HTML' substituted by `rgb' on input line 1355.
Package xcolor Info: Model `Hsb' substituted by `hsb' on input line 1356.
Package xcolor Info: Model `tHsb' substituted by `hsb' on input line 1357.
Package xcolor Info: Model `HSB' substituted by `hsb' on input line 1358.
Package xcolor Info: Model `Gray' substituted by `gray' on input line 1359.
Package xcolor Info: Model `wave' substituted by `hsb' on input line 1360.
))
(/usr/share/texlive/texmf-dist/tex/latex/pdfpages/pppdftex.def
File: pppdftex.def 2013/08/25 v0.4v Pdfpages driver for pdfTeX (AM)
)
\AM@pagebox=\box28
\AM@toc@title=\toks24
\c@AM@survey=\count109
\AM@templatesizebox=\box29
)
(./CL0034_diagnostic_report.aux)
\openout1 = `CL0034_diagnostic_report.aux'.

LaTeX Font Info:    Checking defaults for OML/cmm/m/it on input line 16.
LaTeX Font Info:    ... okay on input line 16.
LaTeX Font Info:    Checking defaults for T1/cmr/m/n on input line 16.
LaTeX Font Info:    ... okay on input line 16.
LaTeX Font Info:    Checking defaults for OT1/cmr/m/n on input line 16.
LaTeX Font Info:    ... okay on input line 16.
LaTeX Font Info:    Checking defaults for OMS/cmsy/m/n on input line 16.
LaTeX Font Info:    ... okay on input line 16.
LaTeX Font Info:    Checking defaults for OMX/cmex/m/n on input line 16.
LaTeX Font Info:    ... okay on input line 16.
LaTeX Font Info:    Checking defaults for U/cmr/m/n on input line 16.
LaTeX Font Info:    ... okay on input line 16.

*geometry* driver: auto-detecting
*geometry* detected driver: pdftex
*geometry* verbose mode - [ preamble ] result:
* driver: pdftex
* paper: legalpaper
* layout: <same size as paper>
* layoutoffset:(h,v)=(0.0pt,0.0pt)
* modes: 
* h-part:(L,W,R)=(14.45377pt, 585.38747pt, 14.45377pt)
* v-part:(T,H,B)=(14.45377pt, 982.87247pt, 14.45377pt)
* \paperwidth=614.295pt
* \paperheight=1011.78pt
* \textwidth=585.38747pt
* \textheight=982.87247pt
* \oddsidemargin=-57.81622pt
* \evensidemargin=-57.81622pt
* \topmargin=-94.81622pt
* \headheight=12.0pt
* \headsep=25.0pt
* \topskip=10.0pt
* \footskip=30.0pt
* \marginparwidth=65.0pt
* \marginparsep=11.0pt
* \columnsep=10.0pt
* \skip\footins=9.0pt plus 4.0pt minus 2.0pt
* \hoffset=0.0pt
* \voffset=0.0pt
* \mag=1000
* \@twocolumnfalse
* \@twosidefalse
* \@mparswitchfalse
* \@reversemarginfalse
* (1in=72.27pt=25.4mm, 1cm=28.453pt)

(/usr/share/texlive/texmf-dist/tex/context/base/supp-pdf.mkii
[Loading MPS to PDF converter (version 2006.09.02).]
\scratchcounter=\count110
\scratchdimen=\dimen133
\scratchbox=\box30
\nofMPsegments=\count111
\nofMParguments=\count112
\everyMPshowfont=\toks25
\MPscratchCnt=\count113
\MPscratchDim=\dimen134
\MPnumerator=\count114
\makeMPintoPDFobject=\count115
\everyMPtoPDFconversion=\toks26
) (/usr/share/texlive/texmf-dist/tex/generic/oberdiek/pdftexcmds.sty
Package: pdftexcmds 2011/11/29 v0.20 Utility functions of pdfTeX for LuaTeX (HO
)

(/usr/share/texlive/texmf-dist/tex/generic/oberdiek/ifluatex.sty
Package: ifluatex 2010/03/01 v1.3 Provides the ifluatex switch (HO)
Package ifluatex Info: LuaTeX not detected.
)
Package pdftexcmds Info: LuaTeX not detected.
Package pdftexcmds Info: \pdf@primitive is available.
Package pdftexcmds Info: \pdf@ifprimitive is available.
Package pdftexcmds Info: \pdfdraftmode found.
)
(/usr/share/texlive/texmf-dist/tex/latex/oberdiek/epstopdf-base.sty
Package: epstopdf-base 2010/02/09 v2.5 Base part for package epstopdf

(/usr/share/texlive/texmf-dist/tex/latex/oberdiek/grfext.sty
Package: grfext 2010/08/19 v1.1 Manage graphics extensions (HO)

(/usr/share/texlive/texmf-dist/tex/generic/oberdiek/kvdefinekeys.sty
Package: kvdefinekeys 2011/04/07 v1.3 Define keys (HO)
))
(/usr/share/texlive/texmf-dist/tex/latex/oberdiek/kvoptions.sty
Package: kvoptions 2011/06/30 v3.11 Key value format for package options (HO)

(/usr/share/texlive/texmf-dist/tex/generic/oberdiek/kvsetkeys.sty
Package: kvsetkeys 2012/04/25 v1.16 Key value parser (HO)

(/usr/share/texlive/texmf-dist/tex/generic/oberdiek/etexcmds.sty
Package: etexcmds 2011/02/16 v1.5 Avoid name clashes with e-TeX commands (HO)
Package etexcmds Info: Could not find \expanded.
(etexcmds)             That can mean that you are not using pdfTeX 1.50 or
(etexcmds)             that some package has redefined \expanded.
(etexcmds)             In the latter case, load this package earlier.
)))
Package grfext Info: Graphics extension search list:
(grfext)             [.png,.pdf,.jpg,.mps,.jpeg,.jbig2,.jb2,.PNG,.PDF,.JPG,.JPE
G,.JBIG2,.JB2,.eps]
(grfext)             \AppendGraphicsExtensions on input line 452.

(/usr/share/texlive/texmf-dist/tex/latex/latexconfig/epstopdf-sys.cfg
File: epstopdf-sys.cfg 2010/07/13 v1.3 Configuration of (r)epstopdf for TeX Liv
e
))
Package caption Info: Begin \AtBeginDocument code.
Package caption Info: End \AtBeginDocument code.
\AtBeginShipoutBox=\box31

Underfull \hbox (badness 10000) in paragraph at lines 18--19

 []

LaTeX Font Info:    Try loading font information for U+msa on input line 22.
(/usr/share/texlive/texmf-dist/tex/latex/amsfonts/umsa.fd
File: umsa.fd 2013/01/14 v3.01 AMS symbols A
)
LaTeX Font Info:    Try loading font information for U+msb on input line 22.

(/usr/share/texlive/texmf-dist/tex/latex/amsfonts/umsb.fd
File: umsb.fd 2013/01/14 v3.01 AMS symbols B
)
</home/rburnet/S16work/diagnostic_of_objects/figures/HST_images/CL0034/CL0034-T
arget_11.png, id=1, 449.68pt x 449.68pt>
File: /home/rburnet/S16work/diagnostic_of_objects/figures/HST_images/CL0034/CL0
034-Target_11.png Graphic file (type png)

<use /home/rburnet/S16work/diagnostic_of_objects/figures/HST_images/CL0034/CL00
34-Target_11.png>
Package pdftex.def Info: /home/rburnet/S16work/diagnostic_of_objects/figures/HS
T_images/CL0034/CL0034-Target_11.png used on input line 24.
(pdftex.def)             Requested size: 157.39035pt x 157.39035pt.

</home/rburnet/S16work/diagnostic_of_objects/local_sky_subtraction/new_report/f
igures/CL0034-IZ-Target_11.png, id=3, 427.5975pt x 375.4025pt>
File: /home/rburnet/S16work/diagnostic_of_objects/local_sky_subtraction/new_rep
ort/figures/CL0034-IZ-Target_11.png Graphic file (type png)

<use /home/rburnet/S16work/diagnostic_of_objects/local_sky_subtraction/new_repo
rt/figures/CL0034-IZ-Target_11.png>
Package pdftex.def Info: /home/rburnet/S16work/diagnostic_of_objects/local_sky_
subtraction/new_report/figures/CL0034-IZ-Target_11.png used on input line 26.
(pdftex.def)             Requested size: 171.03596pt x 150.15834pt.

</home/rburnet/S16work/diagnostic_of_objects/local_sky_subtraction/new_report/f
igures/CL0034-YJ-Target_11.png, id=4, 428.60126pt x 402.50375pt>
File: /home/rburnet/S16work/diagnostic_of_objects/local_sky_subtraction/new_rep
ort/figures/CL0034-YJ-Target_11.png Graphic file (type png)

<use /home/rburnet/S16work/diagnostic_of_objects/local_sky_subtraction/new_repo
rt/figures/CL0034-YJ-Target_11.png>
Package pdftex.def Info: /home/rburnet/S16work/diagnostic_of_objects/local_sky_
subtraction/new_report/figures/CL0034-YJ-Target_11.png used on input line 28.
(pdftex.def)             Requested size: 171.43745pt x 160.99864pt.

Overfull \hbox (8.78741pt too wide) in paragraph at lines 31--38
 []|[]| 
 []


<../figures/CL0034_IZ/COMBINE_SCI_RECONSTRUCTED_11_Hbeta.pdf, id=5, 1281.81546p
t x 386.72606pt>
File: ../figures/CL0034_IZ/COMBINE_SCI_RECONSTRUCTED_11_Hbeta.pdf Graphic file 
(type pdf)

<use ../figures/CL0034_IZ/COMBINE_SCI_RECONSTRUCTED_11_Hbeta.pdf>
Package pdftex.def Info: ../figures/CL0034_IZ/COMBINE_SCI_RECONSTRUCTED_11_Hbet
a.pdf used on input line 40.
(pdftex.def)             Requested size: 576.81163pt x 174.02512pt.

Overfull \hbox (396.13664pt too wide) in paragraph at lines 40--41
 []|[]| 
 []


<../figures/CL0034_IZ/COMBINE_SCI_RECONSTRUCTED_11_OIII.pdf, id=6, 1286.42644pt
 x 386.72606pt>
File: ../figures/CL0034_IZ/COMBINE_SCI_RECONSTRUCTED_11_OIII.pdf Graphic file (
type pdf)

<use ../figures/CL0034_IZ/COMBINE_SCI_RECONSTRUCTED_11_OIII.pdf>
Package pdftex.def Info: ../figures/CL0034_IZ/COMBINE_SCI_RECONSTRUCTED_11_OIII
.pdf used on input line 41.
(pdftex.def)             Requested size: 578.88655pt x 174.02512pt.

Overfull \hbox (398.21156pt too wide) in paragraph at lines 41--42
 []|[]| 
 []


<../figures/CL0034_YJ/COMBINE_SCI_RECONSTRUCTED_11_Halpha.pdf, id=7, 1292.91945
pt x 386.72606pt>
File: ../figures/CL0034_YJ/COMBINE_SCI_RECONSTRUCTED_11_Halpha.pdf Graphic file
 (type pdf)

<use ../figures/CL0034_YJ/COMBINE_SCI_RECONSTRUCTED_11_Halpha.pdf>
Package pdftex.def Info: ../figures/CL0034_YJ/COMBINE_SCI_RECONSTRUCTED_11_Halp
ha.pdf used on input line 42.
(pdftex.def)             Requested size: 581.80838pt x 174.02512pt.

Overfull \hbox (401.13339pt too wide) in paragraph at lines 42--44
 []|[]| 
 []


Overfull \hbox (170.8587pt too wide) in paragraph at lines 22--45
 [] 
 []

[1

{/usr/share/texlive/texmf-dist/fonts/map/pdftex/updmap/pdftex.map} </home/rburn
et/S16work/diagnostic_of_objects/figures/HST_images/CL0034/CL0034-Target_11.png
> </home/rburnet/S16work/diagnostic_of_objects/local_sky_subtraction/new_report
/figures/CL0034-IZ-Target_11.png> </home/rburnet/S16work/diagnostic_of_objects/
local_sky_subtraction/new_report/figures/CL0034-YJ-Target_11.png> <../figures/C
L0034_IZ/COMBINE_SCI_RECONSTRUCTED_11_Hbeta.pdf> <../figures/CL0034_IZ/COMBINE_
SCI_RECONSTRUCTED_11_OIII.pdf

pdfTeX warning: pdflatex (file ../figures/CL0034_IZ/COMBINE_SCI_RECONSTRUCTED_1
1_OIII.pdf): PDF inclusion: multiple pdfs with page group included in a single 
page
> <../figures/CL0034_YJ/COMBINE_SCI_RECONSTRUCTED_11_Halpha.pdf

pdfTeX warning: pdflatex (file ../figures/CL0034_YJ/COMBINE_SCI_RECONSTRUCTED_1
1_Halpha.pdf): PDF inclusion: multiple pdfs with page group included in a singl
e page
>]
Underfull \hbox (badness 10000) in paragraph at lines 49--50

 []


</home/rburnet/S16work/diagnostic_of_objects/figures/HST_images/CL0034/CL0034-T
arget_30.png, id=226, 449.68pt x 450.68375pt>
File: /home/rburnet/S16work/diagnostic_of_objects/figures/HST_images/CL0034/CL0
034-Target_30.png Graphic file (type png)

<use /home/rburnet/S16work/diagnostic_of_objects/figures/HST_images/CL0034/CL00
34-Target_30.png>
Package pdftex.def Info: /home/rburnet/S16work/diagnostic_of_objects/figures/HS
T_images/CL0034/CL0034-Target_30.png used on input line 55.
(pdftex.def)             Requested size: 157.39035pt x 157.74167pt.

</home/rburnet/S16work/diagnostic_of_objects/local_sky_subtraction/new_report/f
igures/CL0034-IZ-Target_30.png, id=227, 428.60126pt x 375.4025pt>
File: /home/rburnet/S16work/diagnostic_of_objects/local_sky_subtraction/new_rep
ort/figures/CL0034-IZ-Target_30.png Graphic file (type png)

<use /home/rburnet/S16work/diagnostic_of_objects/local_sky_subtraction/new_repo
rt/figures/CL0034-IZ-Target_30.png>
Package pdftex.def Info: /home/rburnet/S16work/diagnostic_of_objects/local_sky_
subtraction/new_report/figures/CL0034-IZ-Target_30.png used on input line 57.
(pdftex.def)             Requested size: 171.43745pt x 150.15834pt.

Overfull \hbox (24.07454pt too wide) in paragraph at lines 59--65
 []|[]| 
 []


<../figures/CL0034_IZ/COMBINE_SCI_RECONSTRUCTED_30_Hbeta.pdf, id=228, 1303.4117
7pt x 386.72606pt>
File: ../figures/CL0034_IZ/COMBINE_SCI_RECONSTRUCTED_30_Hbeta.pdf Graphic file 
(type pdf)

<use ../figures/CL0034_IZ/COMBINE_SCI_RECONSTRUCTED_30_Hbeta.pdf>
Package pdftex.def Info: ../figures/CL0034_IZ/COMBINE_SCI_RECONSTRUCTED_30_Hbet
a.pdf used on input line 66.
(pdftex.def)             Requested size: 586.52989pt x 174.02512pt.

Overfull \hbox (405.8549pt too wide) in paragraph at lines 66--67
 []|[]| 
 []


<../figures/CL0034_IZ/COMBINE_SCI_RECONSTRUCTED_30_OIII.pdf, id=229, 1308.02275
pt x 386.72606pt>
File: ../figures/CL0034_IZ/COMBINE_SCI_RECONSTRUCTED_30_OIII.pdf Graphic file (
type pdf)

<use ../figures/CL0034_IZ/COMBINE_SCI_RECONSTRUCTED_30_OIII.pdf>
Package pdftex.def Info: ../figures/CL0034_IZ/COMBINE_SCI_RECONSTRUCTED_30_OIII
.pdf used on input line 67.
(pdftex.def)             Requested size: 588.6048pt x 174.02512pt.

Overfull \hbox (407.92981pt too wide) in paragraph at lines 67--68
 []|[]| 
 []

[2 </home/rburnet/S16work/diagnostic_of_objects/figures/HST_images/CL0034/CL003
4-Target_30.png> </home/rburnet/S16work/diagnostic_of_objects/local_sky_subtrac
tion/new_report/figures/CL0034-IZ-Target_30.png> <../figures/CL0034_IZ/COMBINE_
SCI_RECONSTRUCTED_30_Hbeta.pdf> <../figures/CL0034_IZ/COMBINE_SCI_RECONSTRUCTED
_30_OIII.pdf

pdfTeX warning: pdflatex (file ../figures/CL0034_IZ/COMBINE_SCI_RECONSTRUCTED_3
0_OIII.pdf): PDF inclusion: multiple pdfs with page group included in a single 
page
>]
Underfull \hbox (badness 10000) in paragraph at lines 74--75

 []


</home/rburnet/S16work/diagnostic_of_objects/figures/HST_images/CL0034/CL0034-T
arget_5.png, id=372, 449.68pt x 451.6875pt>
File: /home/rburnet/S16work/diagnostic_of_objects/figures/HST_images/CL0034/CL0
034-Target_5.png Graphic file (type png)

<use /home/rburnet/S16work/diagnostic_of_objects/figures/HST_images/CL0034/CL00
34-Target_5.png>
Package pdftex.def Info: /home/rburnet/S16work/diagnostic_of_objects/figures/HS
T_images/CL0034/CL0034-Target_5.png used on input line 80.
(pdftex.def)             Requested size: 157.39035pt x 158.09299pt.

</home/rburnet/S16work/diagnostic_of_objects/local_sky_subtraction/new_report/f
igures/CL0034-IZ-Target_5.png, id=373, 430.60875pt x 375.4025pt>
File: /home/rburnet/S16work/diagnostic_of_objects/local_sky_subtraction/new_rep
ort/figures/CL0034-IZ-Target_5.png Graphic file (type png)

<use /home/rburnet/S16work/diagnostic_of_objects/local_sky_subtraction/new_repo
rt/figures/CL0034-IZ-Target_5.png>
Package pdftex.def Info: /home/rburnet/S16work/diagnostic_of_objects/local_sky_
subtraction/new_report/figures/CL0034-IZ-Target_5.png used on input line 82.
(pdftex.def)             Requested size: 172.24043pt x 150.15834pt.

</home/rburnet/S16work/diagnostic_of_objects/local_sky_subtraction/new_report/f
igures/CL0034-YJ-Target_5.png, id=374, 428.60126pt x 400.49625pt>
File: /home/rburnet/S16work/diagnostic_of_objects/local_sky_subtraction/new_rep
ort/figures/CL0034-YJ-Target_5.png Graphic file (type png)

<use /home/rburnet/S16work/diagnostic_of_objects/local_sky_subtraction/new_repo
rt/figures/CL0034-YJ-Target_5.png>
Package pdftex.def Info: /home/rburnet/S16work/diagnostic_of_objects/local_sky_
subtraction/new_report/figures/CL0034-YJ-Target_5.png used on input line 84.
(pdftex.def)             Requested size: 171.43745pt x 160.19566pt.

Overfull \hbox (8.78741pt too wide) in paragraph at lines 87--94
 []|[]| 
 []


<../figures/CL0034_IZ/COMBINE_SCI_RECONSTRUCTED_5_Hbeta.pdf, id=375, 1303.41177
pt x 386.72606pt>
File: ../figures/CL0034_IZ/COMBINE_SCI_RECONSTRUCTED_5_Hbeta.pdf Graphic file (
type pdf)

<use ../figures/CL0034_IZ/COMBINE_SCI_RECONSTRUCTED_5_Hbeta.pdf>
Package pdftex.def Info: ../figures/CL0034_IZ/COMBINE_SCI_RECONSTRUCTED_5_Hbeta
.pdf used on input line 95.
(pdftex.def)             Requested size: 586.52989pt x 174.02512pt.

Overfull \hbox (405.8549pt too wide) in paragraph at lines 95--96
 []|[]| 
 []


<../figures/CL0034_IZ/COMBINE_SCI_RECONSTRUCTED_5_OIII.pdf, id=376, 1308.02275p
t x 386.72606pt>
File: ../figures/CL0034_IZ/COMBINE_SCI_RECONSTRUCTED_5_OIII.pdf Graphic file (t
ype pdf)

<use ../figures/CL0034_IZ/COMBINE_SCI_RECONSTRUCTED_5_OIII.pdf>
Package pdftex.def Info: ../figures/CL0034_IZ/COMBINE_SCI_RECONSTRUCTED_5_OIII.
pdf used on input line 96.
(pdftex.def)             Requested size: 588.6048pt x 174.02512pt.

Overfull \hbox (407.92981pt too wide) in paragraph at lines 96--97
 []|[]| 
 []


<../figures/CL0034_YJ/COMBINE_SCI_RECONSTRUCTED_5_Halpha.pdf, id=377, 1292.9194
5pt x 386.72606pt>
File: ../figures/CL0034_YJ/COMBINE_SCI_RECONSTRUCTED_5_Halpha.pdf Graphic file 
(type pdf)

<use ../figures/CL0034_YJ/COMBINE_SCI_RECONSTRUCTED_5_Halpha.pdf>
Package pdftex.def Info: ../figures/CL0034_YJ/COMBINE_SCI_RECONSTRUCTED_5_Halph
a.pdf used on input line 97.
(pdftex.def)             Requested size: 581.80838pt x 174.02512pt.

Overfull \hbox (401.13339pt too wide) in paragraph at lines 97--98
 []|[]| 
 []


Overfull \hbox (170.8587pt too wide) in paragraph at lines 78--99
 [] 
 []

[3 </home/rburnet/S16work/diagnostic_of_objects/figures/HST_images/CL0034/CL003
4-Target_5.png> </home/rburnet/S16work/diagnostic_of_objects/local_sky_subtract
ion/new_report/figures/CL0034-IZ-Target_5.png> </home/rburnet/S16work/diagnosti
c_of_objects/local_sky_subtraction/new_report/figures/CL0034-YJ-Target_5.png> <
../figures/CL0034_IZ/COMBINE_SCI_RECONSTRUCTED_5_Hbeta.pdf> <../figures/CL0034_
IZ/COMBINE_SCI_RECONSTRUCTED_5_OIII.pdf

pdfTeX warning: pdflatex (file ../figures/CL0034_IZ/COMBINE_SCI_RECONSTRUCTED_5
_OIII.pdf): PDF inclusion: multiple pdfs with page group included in a single p
age
> <../figures/CL0034_YJ/COMBINE_SCI_RECONSTRUCTED_5_Halpha.pdf

pdfTeX warning: pdflatex (file ../figures/CL0034_YJ/COMBINE_SCI_RECONSTRUCTED_5
_Halpha.pdf): PDF inclusion: multiple pdfs with page group included in a single
 page
>]
Underfull \hbox (badness 10000) in paragraph at lines 103--104

 []


</home/rburnet/S16work/diagnostic_of_objects/figures/HST_images/CL0034/CL0034-T
arget_12.png, id=592, 448.67625pt x 450.68375pt>
File: /home/rburnet/S16work/diagnostic_of_objects/figures/HST_images/CL0034/CL0
034-Target_12.png Graphic file (type png)

<use /home/rburnet/S16work/diagnostic_of_objects/figures/HST_images/CL0034/CL00
34-Target_12.png>
Package pdftex.def Info: /home/rburnet/S16work/diagnostic_of_objects/figures/HS
T_images/CL0034/CL0034-Target_12.png used on input line 109.
(pdftex.def)             Requested size: 157.03903pt x 157.74167pt.

</home/rburnet/S16work/diagnostic_of_objects/local_sky_subtraction/new_report/f
igures/CL0034-IZ-Target_12.png, id=593, 428.60126pt x 375.4025pt>
File: /home/rburnet/S16work/diagnostic_of_objects/local_sky_subtraction/new_rep
ort/figures/CL0034-IZ-Target_12.png Graphic file (type png)

<use /home/rburnet/S16work/diagnostic_of_objects/local_sky_subtraction/new_repo
rt/figures/CL0034-IZ-Target_12.png>
Package pdftex.def Info: /home/rburnet/S16work/diagnostic_of_objects/local_sky_
subtraction/new_report/figures/CL0034-IZ-Target_12.png used on input line 111.
(pdftex.def)             Requested size: 171.43745pt x 150.15834pt.

</home/rburnet/S16work/diagnostic_of_objects/local_sky_subtraction/new_report/f
igures/CL0034-YJ-Target_12.png, id=594, 428.60126pt x 399.4925pt>
File: /home/rburnet/S16work/diagnostic_of_objects/local_sky_subtraction/new_rep
ort/figures/CL0034-YJ-Target_12.png Graphic file (type png)

<use /home/rburnet/S16work/diagnostic_of_objects/local_sky_subtraction/new_repo
rt/figures/CL0034-YJ-Target_12.png>
Package pdftex.def Info: /home/rburnet/S16work/diagnostic_of_objects/local_sky_
subtraction/new_report/figures/CL0034-YJ-Target_12.png used on input line 113.
(pdftex.def)             Requested size: 171.43745pt x 159.79416pt.

Overfull \hbox (8.78741pt too wide) in paragraph at lines 116--123
 []|[]| 
 []


<../figures/CL0034_IZ/COMBINE_SCI_RECONSTRUCTED_12_Hbeta.pdf, id=595, 1291.9157
pt x 386.72606pt>
File: ../figures/CL0034_IZ/COMBINE_SCI_RECONSTRUCTED_12_Hbeta.pdf Graphic file 
(type pdf)

<use ../figures/CL0034_IZ/COMBINE_SCI_RECONSTRUCTED_12_Hbeta.pdf>
Package pdftex.def Info: ../figures/CL0034_IZ/COMBINE_SCI_RECONSTRUCTED_12_Hbet
a.pdf used on input line 124.
(pdftex.def)             Requested size: 581.3567pt x 174.02512pt.

Overfull \hbox (400.68172pt too wide) in paragraph at lines 124--125
 []|[]| 
 []


<../figures/CL0034_IZ/COMBINE_SCI_RECONSTRUCTED_12_OIII.pdf, id=596, 1296.52667
pt x 386.72606pt>
File: ../figures/CL0034_IZ/COMBINE_SCI_RECONSTRUCTED_12_OIII.pdf Graphic file (
type pdf)

<use ../figures/CL0034_IZ/COMBINE_SCI_RECONSTRUCTED_12_OIII.pdf>
Package pdftex.def Info: ../figures/CL0034_IZ/COMBINE_SCI_RECONSTRUCTED_12_OIII
.pdf used on input line 125.
(pdftex.def)             Requested size: 583.43161pt x 174.02512pt.

Overfull \hbox (402.75662pt too wide) in paragraph at lines 125--126
 []|[]| 
 []


<../figures/CL0034_YJ/COMBINE_SCI_RECONSTRUCTED_12_Halpha.pdf, id=597, 1292.919
45pt x 386.72606pt>
File: ../figures/CL0034_YJ/COMBINE_SCI_RECONSTRUCTED_12_Halpha.pdf Graphic file
 (type pdf)

<use ../figures/CL0034_YJ/COMBINE_SCI_RECONSTRUCTED_12_Halpha.pdf>
Package pdftex.def Info: ../figures/CL0034_YJ/COMBINE_SCI_RECONSTRUCTED_12_Halp
ha.pdf used on input line 126.
(pdftex.def)             Requested size: 581.80838pt x 174.02512pt.

Overfull \hbox (401.13339pt too wide) in paragraph at lines 126--127
 []|[]| 
 []


Overfull \hbox (170.8587pt too wide) in paragraph at lines 107--128
 [] 
 []

[4 </home/rburnet/S16work/diagnostic_of_objects/figures/HST_images/CL0034/CL003
4-Target_12.png> </home/rburnet/S16work/diagnostic_of_objects/local_sky_subtrac
tion/new_report/figures/CL0034-IZ-Target_12.png> </home/rburnet/S16work/diagnos
tic_of_objects/local_sky_subtraction/new_report/figures/CL0034-YJ-Target_12.png
> <../figures/CL0034_IZ/COMBINE_SCI_RECONSTRUCTED_12_Hbeta.pdf> <../figures/CL0
034_IZ/COMBINE_SCI_RECONSTRUCTED_12_OIII.pdf

pdfTeX warning: pdflatex (file ../figures/CL0034_IZ/COMBINE_SCI_RECONSTRUCTED_1
2_OIII.pdf): PDF inclusion: multiple pdfs with page group included in a single 
page
> <../figures/CL0034_YJ/COMBINE_SCI_RECONSTRUCTED_12_Halpha.pdf

pdfTeX warning: pdflatex (file ../figures/CL0034_YJ/COMBINE_SCI_RECONSTRUCTED_1
2_Halpha.pdf): PDF inclusion: multiple pdfs with page group included in a singl
e page
>]
Underfull \hbox (badness 10000) in paragraph at lines 133--134

 []


</home/rburnet/S16work/diagnostic_of_objects/figures/HST_images/CL0034/CL0034-T
arget_31.png, id=811, 374.39874pt x 375.4025pt>
File: /home/rburnet/S16work/diagnostic_of_objects/figures/HST_images/CL0034/CL0
034-Target_31.png Graphic file (type png)

<use /home/rburnet/S16work/diagnostic_of_objects/figures/HST_images/CL0034/CL00
34-Target_31.png>
Package pdftex.def Info: /home/rburnet/S16work/diagnostic_of_objects/figures/HS
T_images/CL0034/CL0034-Target_31.png used on input line 139.
(pdftex.def)             Requested size: 168.47787pt x 168.92957pt.

</home/rburnet/S16work/diagnostic_of_objects/local_sky_subtraction/new_report/f
igures/CL0034-IZ-Target_31.png, id=812, 427.5975pt x 375.4025pt>
File: /home/rburnet/S16work/diagnostic_of_objects/local_sky_subtraction/new_rep
ort/figures/CL0034-IZ-Target_31.png Graphic file (type png)

<use /home/rburnet/S16work/diagnostic_of_objects/local_sky_subtraction/new_repo
rt/figures/CL0034-IZ-Target_31.png>
Package pdftex.def Info: /home/rburnet/S16work/diagnostic_of_objects/local_sky_
subtraction/new_report/figures/CL0034-IZ-Target_31.png used on input line 141.
(pdftex.def)             Requested size: 171.03596pt x 150.15834pt.

</home/rburnet/S16work/diagnostic_of_objects/local_sky_subtraction/new_report/f
igures/CL0034-YJ-Target_31.png, id=813, 429.605pt x 400.49625pt>
File: /home/rburnet/S16work/diagnostic_of_objects/local_sky_subtraction/new_rep
ort/figures/CL0034-YJ-Target_31.png Graphic file (type png)

<use /home/rburnet/S16work/diagnostic_of_objects/local_sky_subtraction/new_repo
rt/figures/CL0034-YJ-Target_31.png>
Package pdftex.def Info: /home/rburnet/S16work/diagnostic_of_objects/local_sky_
subtraction/new_report/figures/CL0034-YJ-Target_31.png used on input line 143.
(pdftex.def)             Requested size: 171.83894pt x 160.19566pt.

Overfull \hbox (9.62076pt too wide) in paragraph at lines 146--153
 []|[]| 
 []


<../figures/CL0034_IZ/COMBINE_SCI_RECONSTRUCTED_31_Hbeta.pdf, id=814, 1291.9157
pt x 386.72606pt>
File: ../figures/CL0034_IZ/COMBINE_SCI_RECONSTRUCTED_31_Hbeta.pdf Graphic file 
(type pdf)

<use ../figures/CL0034_IZ/COMBINE_SCI_RECONSTRUCTED_31_Hbeta.pdf>
Package pdftex.def Info: ../figures/CL0034_IZ/COMBINE_SCI_RECONSTRUCTED_31_Hbet
a.pdf used on input line 154.
(pdftex.def)             Requested size: 581.3567pt x 174.02512pt.

Overfull \hbox (400.68172pt too wide) in paragraph at lines 154--155
 []|[]| 
 []


<../figures/CL0034_IZ/COMBINE_SCI_RECONSTRUCTED_31_OIII.pdf, id=815, 1296.52667
pt x 386.72606pt>
File: ../figures/CL0034_IZ/COMBINE_SCI_RECONSTRUCTED_31_OIII.pdf Graphic file (
type pdf)

<use ../figures/CL0034_IZ/COMBINE_SCI_RECONSTRUCTED_31_OIII.pdf>
Package pdftex.def Info: ../figures/CL0034_IZ/COMBINE_SCI_RECONSTRUCTED_31_OIII
.pdf used on input line 155.
(pdftex.def)             Requested size: 583.43161pt x 174.02512pt.

Overfull \hbox (402.75662pt too wide) in paragraph at lines 155--156
 []|[]| 
 []


<../figures/CL0034_YJ/COMBINE_SCI_RECONSTRUCTED_31_Halpha.pdf, id=816, 1292.919
45pt x 386.72606pt>
File: ../figures/CL0034_YJ/COMBINE_SCI_RECONSTRUCTED_31_Halpha.pdf Graphic file
 (type pdf)

<use ../figures/CL0034_YJ/COMBINE_SCI_RECONSTRUCTED_31_Halpha.pdf>
Package pdftex.def Info: ../figures/CL0034_YJ/COMBINE_SCI_RECONSTRUCTED_31_Halp
ha.pdf used on input line 156.
(pdftex.def)             Requested size: 581.80838pt x 174.02512pt.

Overfull \hbox (401.13339pt too wide) in paragraph at lines 156--157
 []|[]| 
 []


Overfull \hbox (170.8587pt too wide) in paragraph at lines 137--158
 [] 
 []

[5 </home/rburnet/S16work/diagnostic_of_objects/figures/HST_images/CL0034/CL003
4-Target_31.png> </home/rburnet/S16work/diagnostic_of_objects/local_sky_subtrac
tion/new_report/figures/CL0034-IZ-Target_31.png> </home/rburnet/S16work/diagnos
tic_of_objects/local_sky_subtraction/new_report/figures/CL0034-YJ-Target_31.png
> <../figures/CL0034_IZ/COMBINE_SCI_RECONSTRUCTED_31_Hbeta.pdf> <../figures/CL0
034_IZ/COMBINE_SCI_RECONSTRUCTED_31_OIII.pdf

pdfTeX warning: pdflatex (file ../figures/CL0034_IZ/COMBINE_SCI_RECONSTRUCTED_3
1_OIII.pdf): PDF inclusion: multiple pdfs with page group included in a single 
page
> <../figures/CL0034_YJ/COMBINE_SCI_RECONSTRUCTED_31_Halpha.pdf

pdfTeX warning: pdflatex (file ../figures/CL0034_YJ/COMBINE_SCI_RECONSTRUCTED_3
1_Halpha.pdf): PDF inclusion: multiple pdfs with page group included in a singl
e page
>]
Underfull \hbox (badness 10000) in paragraph at lines 162--163

 []


</home/rburnet/S16work/diagnostic_of_objects/figures/HST_images/CL0034/CL0034-T
arget_7.png, id=1029, 449.68pt x 450.68375pt>
File: /home/rburnet/S16work/diagnostic_of_objects/figures/HST_images/CL0034/CL0
034-Target_7.png Graphic file (type png)

<use /home/rburnet/S16work/diagnostic_of_objects/figures/HST_images/CL0034/CL00
34-Target_7.png>
Package pdftex.def Info: /home/rburnet/S16work/diagnostic_of_objects/figures/HS
T_images/CL0034/CL0034-Target_7.png used on input line 168.
(pdftex.def)             Requested size: 157.39035pt x 157.74167pt.

</home/rburnet/S16work/diagnostic_of_objects/local_sky_subtraction/new_report/f
igures/CL0034-IZ-Target_7.png, id=1030, 429.605pt x 375.4025pt>
File: /home/rburnet/S16work/diagnostic_of_objects/local_sky_subtraction/new_rep
ort/figures/CL0034-IZ-Target_7.png Graphic file (type png)

<use /home/rburnet/S16work/diagnostic_of_objects/local_sky_subtraction/new_repo
rt/figures/CL0034-IZ-Target_7.png>
Package pdftex.def Info: /home/rburnet/S16work/diagnostic_of_objects/local_sky_
subtraction/new_report/figures/CL0034-IZ-Target_7.png used on input line 170.
(pdftex.def)             Requested size: 171.83894pt x 150.15834pt.

</home/rburnet/S16work/diagnostic_of_objects/local_sky_subtraction/new_report/f
igures/CL0034-YJ-Target_7.png, id=1031, 428.60126pt x 402.50375pt>
File: /home/rburnet/S16work/diagnostic_of_objects/local_sky_subtraction/new_rep
ort/figures/CL0034-YJ-Target_7.png Graphic file (type png)

<use /home/rburnet/S16work/diagnostic_of_objects/local_sky_subtraction/new_repo
rt/figures/CL0034-YJ-Target_7.png>
Package pdftex.def Info: /home/rburnet/S16work/diagnostic_of_objects/local_sky_
subtraction/new_report/figures/CL0034-YJ-Target_7.png used on input line 172.
(pdftex.def)             Requested size: 171.43745pt x 160.99864pt.

Overfull \hbox (8.78741pt too wide) in paragraph at lines 175--182
 []|[]| 
 []


<../figures/CL0034_IZ/COMBINE_SCI_RECONSTRUCTED_7_Hbeta.pdf, id=1032, 1303.4117
7pt x 386.72606pt>
File: ../figures/CL0034_IZ/COMBINE_SCI_RECONSTRUCTED_7_Hbeta.pdf Graphic file (
type pdf)

<use ../figures/CL0034_IZ/COMBINE_SCI_RECONSTRUCTED_7_Hbeta.pdf>
Package pdftex.def Info: ../figures/CL0034_IZ/COMBINE_SCI_RECONSTRUCTED_7_Hbeta
.pdf used on input line 183.
(pdftex.def)             Requested size: 586.52989pt x 174.02512pt.

Overfull \hbox (405.8549pt too wide) in paragraph at lines 183--184
 []|[]| 
 []


<../figures/CL0034_IZ/COMBINE_SCI_RECONSTRUCTED_7_OIII.pdf, id=1033, 1308.02275
pt x 386.72606pt>
File: ../figures/CL0034_IZ/COMBINE_SCI_RECONSTRUCTED_7_OIII.pdf Graphic file (t
ype pdf)

<use ../figures/CL0034_IZ/COMBINE_SCI_RECONSTRUCTED_7_OIII.pdf>
Package pdftex.def Info: ../figures/CL0034_IZ/COMBINE_SCI_RECONSTRUCTED_7_OIII.
pdf used on input line 184.
(pdftex.def)             Requested size: 588.6048pt x 174.02512pt.

Overfull \hbox (407.92981pt too wide) in paragraph at lines 184--185
 []|[]| 
 []


<../figures/CL0034_YJ/COMBINE_SCI_RECONSTRUCTED_7_Halpha.pdf, id=1034, 1292.919
45pt x 386.72606pt>
File: ../figures/CL0034_YJ/COMBINE_SCI_RECONSTRUCTED_7_Halpha.pdf Graphic file 
(type pdf)

<use ../figures/CL0034_YJ/COMBINE_SCI_RECONSTRUCTED_7_Halpha.pdf>
Package pdftex.def Info: ../figures/CL0034_YJ/COMBINE_SCI_RECONSTRUCTED_7_Halph
a.pdf used on input line 185.
(pdftex.def)             Requested size: 581.80838pt x 174.02512pt.

Overfull \hbox (401.13339pt too wide) in paragraph at lines 185--186
 []|[]| 
 []


Overfull \hbox (170.8587pt too wide) in paragraph at lines 166--187
 [] 
 []

[6 </home/rburnet/S16work/diagnostic_of_objects/figures/HST_images/CL0034/CL003
4-Target_7.png> </home/rburnet/S16work/diagnostic_of_objects/local_sky_subtract
ion/new_report/figures/CL0034-IZ-Target_7.png> </home/rburnet/S16work/diagnosti
c_of_objects/local_sky_subtraction/new_report/figures/CL0034-YJ-Target_7.png> <
../figures/CL0034_IZ/COMBINE_SCI_RECONSTRUCTED_7_Hbeta.pdf> <../figures/CL0034_
IZ/COMBINE_SCI_RECONSTRUCTED_7_OIII.pdf

pdfTeX warning: pdflatex (file ../figures/CL0034_IZ/COMBINE_SCI_RECONSTRUCTED_7
_OIII.pdf): PDF inclusion: multiple pdfs with page group included in a single p
age
> <../figures/CL0034_YJ/COMBINE_SCI_RECONSTRUCTED_7_Halpha.pdf

pdfTeX warning: pdflatex (file ../figures/CL0034_YJ/COMBINE_SCI_RECONSTRUCTED_7
_Halpha.pdf): PDF inclusion: multiple pdfs with page group included in a single
 page
>]
Underfull \hbox (badness 10000) in paragraph at lines 192--193

 []


</home/rburnet/S16work/diagnostic_of_objects/figures/HST_images/CL0034/CL0034-T
arget_20.png, id=1251, 448.67625pt x 449.68pt>
File: /home/rburnet/S16work/diagnostic_of_objects/figures/HST_images/CL0034/CL0
034-Target_20.png Graphic file (type png)

<use /home/rburnet/S16work/diagnostic_of_objects/figures/HST_images/CL0034/CL00
34-Target_20.png>
Package pdftex.def Info: /home/rburnet/S16work/diagnostic_of_objects/figures/HS
T_images/CL0034/CL0034-Target_20.png used on input line 198.
(pdftex.def)             Requested size: 157.03903pt x 157.39035pt.

</home/rburnet/S16work/diagnostic_of_objects/local_sky_subtraction/new_report/f
igures/CL0034-IZ-Target_20.png, id=1252, 428.60126pt x 376.40625pt>
File: /home/rburnet/S16work/diagnostic_of_objects/local_sky_subtraction/new_rep
ort/figures/CL0034-IZ-Target_20.png Graphic file (type png)

<use /home/rburnet/S16work/diagnostic_of_objects/local_sky_subtraction/new_repo
rt/figures/CL0034-IZ-Target_20.png>
Package pdftex.def Info: /home/rburnet/S16work/diagnostic_of_objects/local_sky_
subtraction/new_report/figures/CL0034-IZ-Target_20.png used on input line 200.
(pdftex.def)             Requested size: 171.43745pt x 150.55983pt.

</home/rburnet/S16work/diagnostic_of_objects/local_sky_subtraction/new_report/f
igures/CL0034-YJ-Target_20.png, id=1253, 428.60126pt x 401.5pt>
File: /home/rburnet/S16work/diagnostic_of_objects/local_sky_subtraction/new_rep
ort/figures/CL0034-YJ-Target_20.png Graphic file (type png)

<use /home/rburnet/S16work/diagnostic_of_objects/local_sky_subtraction/new_repo
rt/figures/CL0034-YJ-Target_20.png>
Package pdftex.def Info: /home/rburnet/S16work/diagnostic_of_objects/local_sky_
subtraction/new_report/figures/CL0034-YJ-Target_20.png used on input line 202.
(pdftex.def)             Requested size: 171.43745pt x 160.59715pt.

Overfull \hbox (9.62076pt too wide) in paragraph at lines 205--212
 []|[]| 
 []


<../figures/CL0034_IZ/COMBINE_SCI_RECONSTRUCTED_20_Hbeta.pdf, id=1254, 1281.815
46pt x 386.72606pt>
File: ../figures/CL0034_IZ/COMBINE_SCI_RECONSTRUCTED_20_Hbeta.pdf Graphic file 
(type pdf)

<use ../figures/CL0034_IZ/COMBINE_SCI_RECONSTRUCTED_20_Hbeta.pdf>
Package pdftex.def Info: ../figures/CL0034_IZ/COMBINE_SCI_RECONSTRUCTED_20_Hbet
a.pdf used on input line 213.
(pdftex.def)             Requested size: 576.81163pt x 174.02512pt.

Overfull \hbox (396.13664pt too wide) in paragraph at lines 213--214
 []|[]| 
 []


<../figures/CL0034_IZ/COMBINE_SCI_RECONSTRUCTED_20_OIII.pdf, id=1255, 1286.4264
4pt x 386.72606pt>
File: ../figures/CL0034_IZ/COMBINE_SCI_RECONSTRUCTED_20_OIII.pdf Graphic file (
type pdf)

<use ../figures/CL0034_IZ/COMBINE_SCI_RECONSTRUCTED_20_OIII.pdf>
Package pdftex.def Info: ../figures/CL0034_IZ/COMBINE_SCI_RECONSTRUCTED_20_OIII
.pdf used on input line 214.
(pdftex.def)             Requested size: 578.88655pt x 174.02512pt.

Overfull \hbox (398.21156pt too wide) in paragraph at lines 214--215
 []|[]| 
 []


<../figures/CL0034_YJ/COMBINE_SCI_RECONSTRUCTED_20_Halpha.pdf, id=1256, 1292.91
945pt x 386.72606pt>
File: ../figures/CL0034_YJ/COMBINE_SCI_RECONSTRUCTED_20_Halpha.pdf Graphic file
 (type pdf)

<use ../figures/CL0034_YJ/COMBINE_SCI_RECONSTRUCTED_20_Halpha.pdf>
Package pdftex.def Info: ../figures/CL0034_YJ/COMBINE_SCI_RECONSTRUCTED_20_Halp
ha.pdf used on input line 215.
(pdftex.def)             Requested size: 581.80838pt x 174.02512pt.

Overfull \hbox (401.13339pt too wide) in paragraph at lines 215--216
 []|[]| 
 []


Overfull \hbox (170.8587pt too wide) in paragraph at lines 196--217
 [] 
 []

[7 </home/rburnet/S16work/diagnostic_of_objects/figures/HST_images/CL0034/CL003
4-Target_20.png> </home/rburnet/S16work/diagnostic_of_objects/local_sky_subtrac
tion/new_report/figures/CL0034-IZ-Target_20.png> </home/rburnet/S16work/diagnos
tic_of_objects/local_sky_subtraction/new_report/figures/CL0034-YJ-Target_20.png
> <../figures/CL0034_IZ/COMBINE_SCI_RECONSTRUCTED_20_Hbeta.pdf> <../figures/CL0
034_IZ/COMBINE_SCI_RECONSTRUCTED_20_OIII.pdf

pdfTeX warning: pdflatex (file ../figures/CL0034_IZ/COMBINE_SCI_RECONSTRUCTED_2
0_OIII.pdf): PDF inclusion: multiple pdfs with page group included in a single 
page
> <../figures/CL0034_YJ/COMBINE_SCI_RECONSTRUCTED_20_Halpha.pdf

pdfTeX warning: pdflatex (file ../figures/CL0034_YJ/COMBINE_SCI_RECONSTRUCTED_2
0_Halpha.pdf): PDF inclusion: multiple pdfs with page group included in a singl
e page
>]
Underfull \hbox (badness 10000) in paragraph at lines 221--222

 []


</home/rburnet/S16work/diagnostic_of_objects/figures/HST_images/CL0034/CL0034-T
arget_23.png, id=1473, 449.68pt x 450.68375pt>
File: /home/rburnet/S16work/diagnostic_of_objects/figures/HST_images/CL0034/CL0
034-Target_23.png Graphic file (type png)

<use /home/rburnet/S16work/diagnostic_of_objects/figures/HST_images/CL0034/CL00
34-Target_23.png>
Package pdftex.def Info: /home/rburnet/S16work/diagnostic_of_objects/figures/HS
T_images/CL0034/CL0034-Target_23.png used on input line 227.
(pdftex.def)             Requested size: 157.39035pt x 157.74167pt.

</home/rburnet/S16work/diagnostic_of_objects/local_sky_subtraction/new_report/f
igures/CL0034-IZ-Target_23.png, id=1474, 428.60126pt x 375.4025pt>
File: /home/rburnet/S16work/diagnostic_of_objects/local_sky_subtraction/new_rep
ort/figures/CL0034-IZ-Target_23.png Graphic file (type png)

<use /home/rburnet/S16work/diagnostic_of_objects/local_sky_subtraction/new_repo
rt/figures/CL0034-IZ-Target_23.png>
Package pdftex.def Info: /home/rburnet/S16work/diagnostic_of_objects/local_sky_
subtraction/new_report/figures/CL0034-IZ-Target_23.png used on input line 229.
(pdftex.def)             Requested size: 171.43745pt x 150.15834pt.

</home/rburnet/S16work/diagnostic_of_objects/local_sky_subtraction/new_report/f
igures/CL0034-YJ-Target_23.png, id=1475, 428.60126pt x 375.4025pt>
File: /home/rburnet/S16work/diagnostic_of_objects/local_sky_subtraction/new_rep
ort/figures/CL0034-YJ-Target_23.png Graphic file (type png)

<use /home/rburnet/S16work/diagnostic_of_objects/local_sky_subtraction/new_repo
rt/figures/CL0034-YJ-Target_23.png>
Package pdftex.def Info: /home/rburnet/S16work/diagnostic_of_objects/local_sky_
subtraction/new_report/figures/CL0034-YJ-Target_23.png used on input line 231.
(pdftex.def)             Requested size: 171.43745pt x 150.15834pt.

Overfull \hbox (9.62076pt too wide) in paragraph at lines 234--241
 []|[]| 
 []


<../figures/CL0034_IZ/COMBINE_SCI_RECONSTRUCTED_23_Hbeta.pdf, id=1476, 1303.411
77pt x 386.72606pt>
File: ../figures/CL0034_IZ/COMBINE_SCI_RECONSTRUCTED_23_Hbeta.pdf Graphic file 
(type pdf)

<use ../figures/CL0034_IZ/COMBINE_SCI_RECONSTRUCTED_23_Hbeta.pdf>
Package pdftex.def Info: ../figures/CL0034_IZ/COMBINE_SCI_RECONSTRUCTED_23_Hbet
a.pdf used on input line 242.
(pdftex.def)             Requested size: 586.52989pt x 174.02512pt.

Overfull \hbox (405.8549pt too wide) in paragraph at lines 242--243
 []|[]| 
 []


<../figures/CL0034_IZ/COMBINE_SCI_RECONSTRUCTED_23_OIII.pdf, id=1477, 1308.0227
5pt x 386.72606pt>
File: ../figures/CL0034_IZ/COMBINE_SCI_RECONSTRUCTED_23_OIII.pdf Graphic file (
type pdf)

<use ../figures/CL0034_IZ/COMBINE_SCI_RECONSTRUCTED_23_OIII.pdf>
Package pdftex.def Info: ../figures/CL0034_IZ/COMBINE_SCI_RECONSTRUCTED_23_OIII
.pdf used on input line 243.
(pdftex.def)             Requested size: 588.6048pt x 174.02512pt.

Overfull \hbox (407.92981pt too wide) in paragraph at lines 243--244
 []|[]| 
 []


<../figures/CL0034_YJ/COMBINE_SCI_RECONSTRUCTED_23_Halpha.pdf, id=1478, 1292.91
945pt x 386.72606pt>
File: ../figures/CL0034_YJ/COMBINE_SCI_RECONSTRUCTED_23_Halpha.pdf Graphic file
 (type pdf)

<use ../figures/CL0034_YJ/COMBINE_SCI_RECONSTRUCTED_23_Halpha.pdf>
Package pdftex.def Info: ../figures/CL0034_YJ/COMBINE_SCI_RECONSTRUCTED_23_Halp
ha.pdf used on input line 244.
(pdftex.def)             Requested size: 581.80838pt x 174.02512pt.

Overfull \hbox (401.13339pt too wide) in paragraph at lines 244--245
 []|[]| 
 []


Overfull \hbox (170.8587pt too wide) in paragraph at lines 225--246
 [] 
 []

[8 </home/rburnet/S16work/diagnostic_of_objects/figures/HST_images/CL0034/CL003
4-Target_23.png> </home/rburnet/S16work/diagnostic_of_objects/local_sky_subtrac
tion/new_report/figures/CL0034-IZ-Target_23.png> </home/rburnet/S16work/diagnos
tic_of_objects/local_sky_subtraction/new_report/figures/CL0034-YJ-Target_23.png
> <../figures/CL0034_IZ/COMBINE_SCI_RECONSTRUCTED_23_Hbeta.pdf> <../figures/CL0
034_IZ/COMBINE_SCI_RECONSTRUCTED_23_OIII.pdf

pdfTeX warning: pdflatex (file ../figures/CL0034_IZ/COMBINE_SCI_RECONSTRUCTED_2
3_OIII.pdf): PDF inclusion: multiple pdfs with page group included in a single 
page
> <../figures/CL0034_YJ/COMBINE_SCI_RECONSTRUCTED_23_Halpha.pdf

pdfTeX warning: pdflatex (file ../figures/CL0034_YJ/COMBINE_SCI_RECONSTRUCTED_2
3_Halpha.pdf): PDF inclusion: multiple pdfs with page group included in a singl
e page
>]
Underfull \hbox (badness 10000) in paragraph at lines 251--252

 []


</home/rburnet/S16work/diagnostic_of_objects/figures/HST_images/CL0034/CL0034-T
arget_22.png, id=1694, 449.68pt x 450.68375pt>
File: /home/rburnet/S16work/diagnostic_of_objects/figures/HST_images/CL0034/CL0
034-Target_22.png Graphic file (type png)

<use /home/rburnet/S16work/diagnostic_of_objects/figures/HST_images/CL0034/CL00
34-Target_22.png>
Package pdftex.def Info: /home/rburnet/S16work/diagnostic_of_objects/figures/HS
T_images/CL0034/CL0034-Target_22.png used on input line 257.
(pdftex.def)             Requested size: 157.39035pt x 157.74167pt.

</home/rburnet/S16work/diagnostic_of_objects/local_sky_subtraction/new_report/f
igures/CL0034-IZ-Target_22.png, id=1695, 429.605pt x 376.40625pt>
File: /home/rburnet/S16work/diagnostic_of_objects/local_sky_subtraction/new_rep
ort/figures/CL0034-IZ-Target_22.png Graphic file (type png)

<use /home/rburnet/S16work/diagnostic_of_objects/local_sky_subtraction/new_repo
rt/figures/CL0034-IZ-Target_22.png>
Package pdftex.def Info: /home/rburnet/S16work/diagnostic_of_objects/local_sky_
subtraction/new_report/figures/CL0034-IZ-Target_22.png used on input line 259.
(pdftex.def)             Requested size: 171.83894pt x 150.55983pt.

</home/rburnet/S16work/diagnostic_of_objects/local_sky_subtraction/new_report/f
igures/CL0034-YJ-Target_22.png, id=1696, 429.605pt x 400.49625pt>
File: /home/rburnet/S16work/diagnostic_of_objects/local_sky_subtraction/new_rep
ort/figures/CL0034-YJ-Target_22.png Graphic file (type png)

<use /home/rburnet/S16work/diagnostic_of_objects/local_sky_subtraction/new_repo
rt/figures/CL0034-YJ-Target_22.png>
Package pdftex.def Info: /home/rburnet/S16work/diagnostic_of_objects/local_sky_
subtraction/new_report/figures/CL0034-YJ-Target_22.png used on input line 261.
(pdftex.def)             Requested size: 171.83894pt x 160.19566pt.

Overfull \hbox (9.62076pt too wide) in paragraph at lines 264--271
 []|[]| 
 []


<../figures/CL0034_IZ/COMBINE_SCI_RECONSTRUCTED_22_Hbeta.pdf, id=1697, 1303.411
77pt x 386.72606pt>
File: ../figures/CL0034_IZ/COMBINE_SCI_RECONSTRUCTED_22_Hbeta.pdf Graphic file 
(type pdf)

<use ../figures/CL0034_IZ/COMBINE_SCI_RECONSTRUCTED_22_Hbeta.pdf>
Package pdftex.def Info: ../figures/CL0034_IZ/COMBINE_SCI_RECONSTRUCTED_22_Hbet
a.pdf used on input line 272.
(pdftex.def)             Requested size: 586.52989pt x 174.02512pt.

Overfull \hbox (405.8549pt too wide) in paragraph at lines 272--273
 []|[]| 
 []


<../figures/CL0034_IZ/COMBINE_SCI_RECONSTRUCTED_22_OIII.pdf, id=1698, 1308.0227
5pt x 386.72606pt>
File: ../figures/CL0034_IZ/COMBINE_SCI_RECONSTRUCTED_22_OIII.pdf Graphic file (
type pdf)

<use ../figures/CL0034_IZ/COMBINE_SCI_RECONSTRUCTED_22_OIII.pdf>
Package pdftex.def Info: ../figures/CL0034_IZ/COMBINE_SCI_RECONSTRUCTED_22_OIII
.pdf used on input line 273.
(pdftex.def)             Requested size: 588.6048pt x 174.02512pt.

Overfull \hbox (407.92981pt too wide) in paragraph at lines 273--274
 []|[]| 
 []


<../figures/CL0034_YJ/COMBINE_SCI_RECONSTRUCTED_22_Halpha.pdf, id=1699, 1292.91
945pt x 386.72606pt>
File: ../figures/CL0034_YJ/COMBINE_SCI_RECONSTRUCTED_22_Halpha.pdf Graphic file
 (type pdf)

<use ../figures/CL0034_YJ/COMBINE_SCI_RECONSTRUCTED_22_Halpha.pdf>
Package pdftex.def Info: ../figures/CL0034_YJ/COMBINE_SCI_RECONSTRUCTED_22_Halp
ha.pdf used on input line 274.
(pdftex.def)             Requested size: 581.80838pt x 174.02512pt.

Overfull \hbox (401.13339pt too wide) in paragraph at lines 274--275
 []|[]| 
 []


Overfull \hbox (170.8587pt too wide) in paragraph at lines 255--276
 [] 
 []

[9 </home/rburnet/S16work/diagnostic_of_objects/figures/HST_images/CL0034/CL003
4-Target_22.png> </home/rburnet/S16work/diagnostic_of_objects/local_sky_subtrac
tion/new_report/figures/CL0034-IZ-Target_22.png> </home/rburnet/S16work/diagnos
tic_of_objects/local_sky_subtraction/new_report/figures/CL0034-YJ-Target_22.png
> <../figures/CL0034_IZ/COMBINE_SCI_RECONSTRUCTED_22_Hbeta.pdf> <../figures/CL0
034_IZ/COMBINE_SCI_RECONSTRUCTED_22_OIII.pdf

pdfTeX warning: pdflatex (file ../figures/CL0034_IZ/COMBINE_SCI_RECONSTRUCTED_2
2_OIII.pdf): PDF inclusion: multiple pdfs with page group included in a single 
page
> <../figures/CL0034_YJ/COMBINE_SCI_RECONSTRUCTED_22_Halpha.pdf

pdfTeX warning: pdflatex (file ../figures/CL0034_YJ/COMBINE_SCI_RECONSTRUCTED_2
2_Halpha.pdf): PDF inclusion: multiple pdfs with page group included in a singl
e page
>]
Underfull \hbox (badness 10000) in paragraph at lines 280--281

 []


</home/rburnet/S16work/diagnostic_of_objects/figures/HST_images/CL0034/CL0034-T
arget_6.png, id=1916, 450.68375pt x 450.68375pt>
File: /home/rburnet/S16work/diagnostic_of_objects/figures/HST_images/CL0034/CL0
034-Target_6.png Graphic file (type png)

<use /home/rburnet/S16work/diagnostic_of_objects/figures/HST_images/CL0034/CL00
34-Target_6.png>
Package pdftex.def Info: /home/rburnet/S16work/diagnostic_of_objects/figures/HS
T_images/CL0034/CL0034-Target_6.png used on input line 286.
(pdftex.def)             Requested size: 157.74167pt x 157.74167pt.

</home/rburnet/S16work/diagnostic_of_objects/local_sky_subtraction/new_report/f
igures/CL0034-IZ-Target_6.png, id=1917, 427.5975pt x 375.4025pt>
File: /home/rburnet/S16work/diagnostic_of_objects/local_sky_subtraction/new_rep
ort/figures/CL0034-IZ-Target_6.png Graphic file (type png)

<use /home/rburnet/S16work/diagnostic_of_objects/local_sky_subtraction/new_repo
rt/figures/CL0034-IZ-Target_6.png>
Package pdftex.def Info: /home/rburnet/S16work/diagnostic_of_objects/local_sky_
subtraction/new_report/figures/CL0034-IZ-Target_6.png used on input line 288.
(pdftex.def)             Requested size: 171.03596pt x 150.15834pt.

</home/rburnet/S16work/diagnostic_of_objects/local_sky_subtraction/new_report/f
igures/CL0034-YJ-Target_6.png, id=1918, 430.60875pt x 402.50375pt>
File: /home/rburnet/S16work/diagnostic_of_objects/local_sky_subtraction/new_rep
ort/figures/CL0034-YJ-Target_6.png Graphic file (type png)

<use /home/rburnet/S16work/diagnostic_of_objects/local_sky_subtraction/new_repo
rt/figures/CL0034-YJ-Target_6.png>
Package pdftex.def Info: /home/rburnet/S16work/diagnostic_of_objects/local_sky_
subtraction/new_report/figures/CL0034-YJ-Target_6.png used on input line 290.
(pdftex.def)             Requested size: 172.24043pt x 160.99864pt.

Overfull \hbox (8.78741pt too wide) in paragraph at lines 293--300
 []|[]| 
 []


<../figures/CL0034_IZ/COMBINE_SCI_RECONSTRUCTED_6_Hbeta.pdf, id=1919, 1303.4117
7pt x 386.72606pt>
File: ../figures/CL0034_IZ/COMBINE_SCI_RECONSTRUCTED_6_Hbeta.pdf Graphic file (
type pdf)

<use ../figures/CL0034_IZ/COMBINE_SCI_RECONSTRUCTED_6_Hbeta.pdf>
Package pdftex.def Info: ../figures/CL0034_IZ/COMBINE_SCI_RECONSTRUCTED_6_Hbeta
.pdf used on input line 301.
(pdftex.def)             Requested size: 586.52989pt x 174.02512pt.

Overfull \hbox (405.8549pt too wide) in paragraph at lines 301--302
 []|[]| 
 []


<../figures/CL0034_IZ/COMBINE_SCI_RECONSTRUCTED_6_OIII.pdf, id=1920, 1308.02275
pt x 386.72606pt>
File: ../figures/CL0034_IZ/COMBINE_SCI_RECONSTRUCTED_6_OIII.pdf Graphic file (t
ype pdf)

<use ../figures/CL0034_IZ/COMBINE_SCI_RECONSTRUCTED_6_OIII.pdf>
Package pdftex.def Info: ../figures/CL0034_IZ/COMBINE_SCI_RECONSTRUCTED_6_OIII.
pdf used on input line 302.
(pdftex.def)             Requested size: 588.6048pt x 174.02512pt.

Overfull \hbox (407.92981pt too wide) in paragraph at lines 302--303
 []|[]| 
 []


<../figures/CL0034_YJ/COMBINE_SCI_RECONSTRUCTED_6_Halpha.pdf, id=1921, 1292.919
45pt x 386.72606pt>
File: ../figures/CL0034_YJ/COMBINE_SCI_RECONSTRUCTED_6_Halpha.pdf Graphic file 
(type pdf)

<use ../figures/CL0034_YJ/COMBINE_SCI_RECONSTRUCTED_6_Halpha.pdf>
Package pdftex.def Info: ../figures/CL0034_YJ/COMBINE_SCI_RECONSTRUCTED_6_Halph
a.pdf used on input line 303.
(pdftex.def)             Requested size: 581.80838pt x 174.02512pt.

Overfull \hbox (401.13339pt too wide) in paragraph at lines 303--304
 []|[]| 
 []


Overfull \hbox (170.8587pt too wide) in paragraph at lines 284--305
 [] 
 []

[10 </home/rburnet/S16work/diagnostic_of_objects/figures/HST_images/CL0034/CL00
34-Target_6.png> </home/rburnet/S16work/diagnostic_of_objects/local_sky_subtrac
tion/new_report/figures/CL0034-IZ-Target_6.png> </home/rburnet/S16work/diagnost
ic_of_objects/local_sky_subtraction/new_report/figures/CL0034-YJ-Target_6.png> 
<../figures/CL0034_IZ/COMBINE_SCI_RECONSTRUCTED_6_Hbeta.pdf> <../figures/CL0034
_IZ/COMBINE_SCI_RECONSTRUCTED_6_OIII.pdf

pdfTeX warning: pdflatex (file ../figures/CL0034_IZ/COMBINE_SCI_RECONSTRUCTED_6
_OIII.pdf): PDF inclusion: multiple pdfs with page group included in a single p
age
> <../figures/CL0034_YJ/COMBINE_SCI_RECONSTRUCTED_6_Halpha.pdf

pdfTeX warning: pdflatex (file ../figures/CL0034_YJ/COMBINE_SCI_RECONSTRUCTED_6
_Halpha.pdf): PDF inclusion: multiple pdfs with page group included in a single
 page
>]
Underfull \hbox (badness 10000) in paragraph at lines 310--311

 []


</home/rburnet/S16work/diagnostic_of_objects/figures/HST_images/CL0034/CL0034-T
arget_26.png, id=2139, 449.68pt x 450.68375pt>
File: /home/rburnet/S16work/diagnostic_of_objects/figures/HST_images/CL0034/CL0
034-Target_26.png Graphic file (type png)

<use /home/rburnet/S16work/diagnostic_of_objects/figures/HST_images/CL0034/CL00
34-Target_26.png>
Package pdftex.def Info: /home/rburnet/S16work/diagnostic_of_objects/figures/HS
T_images/CL0034/CL0034-Target_26.png used on input line 316.
(pdftex.def)             Requested size: 157.39035pt x 157.74167pt.

</home/rburnet/S16work/diagnostic_of_objects/local_sky_subtraction/new_report/f
igures/CL0034-IZ-Target_26.png, id=2140, 426.59375pt x 376.40625pt>
File: /home/rburnet/S16work/diagnostic_of_objects/local_sky_subtraction/new_rep
ort/figures/CL0034-IZ-Target_26.png Graphic file (type png)

<use /home/rburnet/S16work/diagnostic_of_objects/local_sky_subtraction/new_repo
rt/figures/CL0034-IZ-Target_26.png>
Package pdftex.def Info: /home/rburnet/S16work/diagnostic_of_objects/local_sky_
subtraction/new_report/figures/CL0034-IZ-Target_26.png used on input line 318.
(pdftex.def)             Requested size: 170.63446pt x 150.55983pt.

</home/rburnet/S16work/diagnostic_of_objects/local_sky_subtraction/new_report/f
igures/CL0034-YJ-Target_26.png, id=2141, 429.605pt x 401.5pt>
File: /home/rburnet/S16work/diagnostic_of_objects/local_sky_subtraction/new_rep
ort/figures/CL0034-YJ-Target_26.png Graphic file (type png)

<use /home/rburnet/S16work/diagnostic_of_objects/local_sky_subtraction/new_repo
rt/figures/CL0034-YJ-Target_26.png>
Package pdftex.def Info: /home/rburnet/S16work/diagnostic_of_objects/local_sky_
subtraction/new_report/figures/CL0034-YJ-Target_26.png used on input line 320.
(pdftex.def)             Requested size: 171.83894pt x 160.59715pt.

Overfull \hbox (9.62076pt too wide) in paragraph at lines 323--330
 []|[]| 
 []


<../figures/CL0034_IZ/COMBINE_SCI_RECONSTRUCTED_26_Hbeta.pdf, id=2142, 1303.411
77pt x 386.72606pt>
File: ../figures/CL0034_IZ/COMBINE_SCI_RECONSTRUCTED_26_Hbeta.pdf Graphic file 
(type pdf)

<use ../figures/CL0034_IZ/COMBINE_SCI_RECONSTRUCTED_26_Hbeta.pdf>
Package pdftex.def Info: ../figures/CL0034_IZ/COMBINE_SCI_RECONSTRUCTED_26_Hbet
a.pdf used on input line 331.
(pdftex.def)             Requested size: 586.52989pt x 174.02512pt.

Overfull \hbox (405.8549pt too wide) in paragraph at lines 331--332
 []|[]| 
 []


<../figures/CL0034_IZ/COMBINE_SCI_RECONSTRUCTED_26_OIII.pdf, id=2143, 1308.0227
5pt x 386.72606pt>
File: ../figures/CL0034_IZ/COMBINE_SCI_RECONSTRUCTED_26_OIII.pdf Graphic file (
type pdf)

<use ../figures/CL0034_IZ/COMBINE_SCI_RECONSTRUCTED_26_OIII.pdf>
Package pdftex.def Info: ../figures/CL0034_IZ/COMBINE_SCI_RECONSTRUCTED_26_OIII
.pdf used on input line 332.
(pdftex.def)             Requested size: 588.6048pt x 174.02512pt.

Overfull \hbox (407.92981pt too wide) in paragraph at lines 332--333
 []|[]| 
 []


<../figures/CL0034_YJ/COMBINE_SCI_RECONSTRUCTED_26_Halpha.pdf, id=2144, 1304.41
553pt x 386.72606pt>
File: ../figures/CL0034_YJ/COMBINE_SCI_RECONSTRUCTED_26_Halpha.pdf Graphic file
 (type pdf)

<use ../figures/CL0034_YJ/COMBINE_SCI_RECONSTRUCTED_26_Halpha.pdf>
Package pdftex.def Info: ../figures/CL0034_YJ/COMBINE_SCI_RECONSTRUCTED_26_Halp
ha.pdf used on input line 333.
(pdftex.def)             Requested size: 586.98157pt x 174.02512pt.

Overfull \hbox (406.30658pt too wide) in paragraph at lines 333--334
 []|[]| 
 []


Overfull \hbox (170.8587pt too wide) in paragraph at lines 314--335
 [] 
 []

[11 </home/rburnet/S16work/diagnostic_of_objects/figures/HST_images/CL0034/CL00
34-Target_26.png> </home/rburnet/S16work/diagnostic_of_objects/local_sky_subtra
ction/new_report/figures/CL0034-IZ-Target_26.png> </home/rburnet/S16work/diagno
stic_of_objects/local_sky_subtraction/new_report/figures/CL0034-YJ-Target_26.pn
g> <../figures/CL0034_IZ/COMBINE_SCI_RECONSTRUCTED_26_Hbeta.pdf> <../figures/CL
0034_IZ/COMBINE_SCI_RECONSTRUCTED_26_OIII.pdf

pdfTeX warning: pdflatex (file ../figures/CL0034_IZ/COMBINE_SCI_RECONSTRUCTED_2
6_OIII.pdf): PDF inclusion: multiple pdfs with page group included in a single 
page
> <../figures/CL0034_YJ/COMBINE_SCI_RECONSTRUCTED_26_Halpha.pdf

pdfTeX warning: pdflatex (file ../figures/CL0034_YJ/COMBINE_SCI_RECONSTRUCTED_2
6_Halpha.pdf): PDF inclusion: multiple pdfs with page group included in a singl
e page
>]
Underfull \hbox (badness 10000) in paragraph at lines 339--340

 []


</home/rburnet/S16work/diagnostic_of_objects/figures/HST_images/CL0034/CL0034-T
arget_14.png, id=2361, 448.67625pt x 449.68pt>
File: /home/rburnet/S16work/diagnostic_of_objects/figures/HST_images/CL0034/CL0
034-Target_14.png Graphic file (type png)

<use /home/rburnet/S16work/diagnostic_of_objects/figures/HST_images/CL0034/CL00
34-Target_14.png>
Package pdftex.def Info: /home/rburnet/S16work/diagnostic_of_objects/figures/HS
T_images/CL0034/CL0034-Target_14.png used on input line 345.
(pdftex.def)             Requested size: 157.03903pt x 157.39035pt.

</home/rburnet/S16work/diagnostic_of_objects/local_sky_subtraction/new_report/f
igures/CL0034-IZ-Target_14.png, id=2362, 428.60126pt x 376.40625pt>
File: /home/rburnet/S16work/diagnostic_of_objects/local_sky_subtraction/new_rep
ort/figures/CL0034-IZ-Target_14.png Graphic file (type png)

<use /home/rburnet/S16work/diagnostic_of_objects/local_sky_subtraction/new_repo
rt/figures/CL0034-IZ-Target_14.png>
Package pdftex.def Info: /home/rburnet/S16work/diagnostic_of_objects/local_sky_
subtraction/new_report/figures/CL0034-IZ-Target_14.png used on input line 347.
(pdftex.def)             Requested size: 171.43745pt x 150.55983pt.

</home/rburnet/S16work/diagnostic_of_objects/local_sky_subtraction/new_report/f
igures/CL0034-YJ-Target_14.png, id=2363, 428.60126pt x 375.4025pt>
File: /home/rburnet/S16work/diagnostic_of_objects/local_sky_subtraction/new_rep
ort/figures/CL0034-YJ-Target_14.png Graphic file (type png)

<use /home/rburnet/S16work/diagnostic_of_objects/local_sky_subtraction/new_repo
rt/figures/CL0034-YJ-Target_14.png>
Package pdftex.def Info: /home/rburnet/S16work/diagnostic_of_objects/local_sky_
subtraction/new_report/figures/CL0034-YJ-Target_14.png used on input line 349.
(pdftex.def)             Requested size: 171.43745pt x 150.15834pt.

Overfull \hbox (8.78741pt too wide) in paragraph at lines 352--359
 []|[]| 
 []


<../figures/CL0034_IZ/COMBINE_SCI_RECONSTRUCTED_14_Hbeta.pdf, id=2364, 1303.411
77pt x 386.72606pt>
File: ../figures/CL0034_IZ/COMBINE_SCI_RECONSTRUCTED_14_Hbeta.pdf Graphic file 
(type pdf)

<use ../figures/CL0034_IZ/COMBINE_SCI_RECONSTRUCTED_14_Hbeta.pdf>
Package pdftex.def Info: ../figures/CL0034_IZ/COMBINE_SCI_RECONSTRUCTED_14_Hbet
a.pdf used on input line 360.
(pdftex.def)             Requested size: 586.52989pt x 174.02512pt.

Overfull \hbox (405.8549pt too wide) in paragraph at lines 360--361
 []|[]| 
 []


<../figures/CL0034_IZ/COMBINE_SCI_RECONSTRUCTED_14_OIII.pdf, id=2365, 1308.0227
5pt x 386.72606pt>
File: ../figures/CL0034_IZ/COMBINE_SCI_RECONSTRUCTED_14_OIII.pdf Graphic file (
type pdf)

<use ../figures/CL0034_IZ/COMBINE_SCI_RECONSTRUCTED_14_OIII.pdf>
Package pdftex.def Info: ../figures/CL0034_IZ/COMBINE_SCI_RECONSTRUCTED_14_OIII
.pdf used on input line 361.
(pdftex.def)             Requested size: 588.6048pt x 174.02512pt.

Overfull \hbox (407.92981pt too wide) in paragraph at lines 361--362
 []|[]| 
 []


<../figures/CL0034_YJ/COMBINE_SCI_RECONSTRUCTED_14_Halpha.pdf, id=2366, 1292.91
945pt x 386.72606pt>
File: ../figures/CL0034_YJ/COMBINE_SCI_RECONSTRUCTED_14_Halpha.pdf Graphic file
 (type pdf)

<use ../figures/CL0034_YJ/COMBINE_SCI_RECONSTRUCTED_14_Halpha.pdf>
Package pdftex.def Info: ../figures/CL0034_YJ/COMBINE_SCI_RECONSTRUCTED_14_Halp
ha.pdf used on input line 362.
(pdftex.def)             Requested size: 581.80838pt x 174.02512pt.

Overfull \hbox (401.13339pt too wide) in paragraph at lines 362--363
 []|[]| 
 []


Overfull \hbox (170.8587pt too wide) in paragraph at lines 343--364
 [] 
 []

[12 </home/rburnet/S16work/diagnostic_of_objects/figures/HST_images/CL0034/CL00
34-Target_14.png> </home/rburnet/S16work/diagnostic_of_objects/local_sky_subtra
ction/new_report/figures/CL0034-IZ-Target_14.png> </home/rburnet/S16work/diagno
stic_of_objects/local_sky_subtraction/new_report/figures/CL0034-YJ-Target_14.pn
g> <../figures/CL0034_IZ/COMBINE_SCI_RECONSTRUCTED_14_Hbeta.pdf> <../figures/CL
0034_IZ/COMBINE_SCI_RECONSTRUCTED_14_OIII.pdf

pdfTeX warning: pdflatex (file ../figures/CL0034_IZ/COMBINE_SCI_RECONSTRUCTED_1
4_OIII.pdf): PDF inclusion: multiple pdfs with page group included in a single 
page
> <../figures/CL0034_YJ/COMBINE_SCI_RECONSTRUCTED_14_Halpha.pdf

pdfTeX warning: pdflatex (file ../figures/CL0034_YJ/COMBINE_SCI_RECONSTRUCTED_1
4_Halpha.pdf): PDF inclusion: multiple pdfs with page group included in a singl
e page
>]
Underfull \hbox (badness 10000) in paragraph at lines 369--370

 []


</home/rburnet/S16work/diagnostic_of_objects/figures/HST_images/CL0034/CL0034-T
arget_16.png, id=2581, 449.68pt x 450.68375pt>
File: /home/rburnet/S16work/diagnostic_of_objects/figures/HST_images/CL0034/CL0
034-Target_16.png Graphic file (type png)

<use /home/rburnet/S16work/diagnostic_of_objects/figures/HST_images/CL0034/CL00
34-Target_16.png>
Package pdftex.def Info: /home/rburnet/S16work/diagnostic_of_objects/figures/HS
T_images/CL0034/CL0034-Target_16.png used on input line 375.
(pdftex.def)             Requested size: 157.39035pt x 157.74167pt.

</home/rburnet/S16work/diagnostic_of_objects/local_sky_subtraction/new_report/f
igures/CL0034-IZ-Target_16.png, id=2582, 426.59375pt x 376.40625pt>
File: /home/rburnet/S16work/diagnostic_of_objects/local_sky_subtraction/new_rep
ort/figures/CL0034-IZ-Target_16.png Graphic file (type png)

<use /home/rburnet/S16work/diagnostic_of_objects/local_sky_subtraction/new_repo
rt/figures/CL0034-IZ-Target_16.png>
Package pdftex.def Info: /home/rburnet/S16work/diagnostic_of_objects/local_sky_
subtraction/new_report/figures/CL0034-IZ-Target_16.png used on input line 377.
(pdftex.def)             Requested size: 170.63446pt x 150.55983pt.

</home/rburnet/S16work/diagnostic_of_objects/local_sky_subtraction/new_report/f
igures/CL0034-YJ-Target_16.png, id=2583, 429.605pt x 401.5pt>
File: /home/rburnet/S16work/diagnostic_of_objects/local_sky_subtraction/new_rep
ort/figures/CL0034-YJ-Target_16.png Graphic file (type png)

<use /home/rburnet/S16work/diagnostic_of_objects/local_sky_subtraction/new_repo
rt/figures/CL0034-YJ-Target_16.png>
Package pdftex.def Info: /home/rburnet/S16work/diagnostic_of_objects/local_sky_
subtraction/new_report/figures/CL0034-YJ-Target_16.png used on input line 379.
(pdftex.def)             Requested size: 171.83894pt x 160.59715pt.

Overfull \hbox (8.78741pt too wide) in paragraph at lines 382--389
 []|[]| 
 []


<../figures/CL0034_IZ/COMBINE_SCI_RECONSTRUCTED_16_Hbeta.pdf, id=2584, 1281.815
46pt x 386.72606pt>
File: ../figures/CL0034_IZ/COMBINE_SCI_RECONSTRUCTED_16_Hbeta.pdf Graphic file 
(type pdf)

<use ../figures/CL0034_IZ/COMBINE_SCI_RECONSTRUCTED_16_Hbeta.pdf>
Package pdftex.def Info: ../figures/CL0034_IZ/COMBINE_SCI_RECONSTRUCTED_16_Hbet
a.pdf used on input line 390.
(pdftex.def)             Requested size: 576.81163pt x 174.02512pt.

Overfull \hbox (396.13664pt too wide) in paragraph at lines 390--391
 []|[]| 
 []


<../figures/CL0034_IZ/COMBINE_SCI_RECONSTRUCTED_16_OIII.pdf, id=2585, 1286.4264
4pt x 386.72606pt>
File: ../figures/CL0034_IZ/COMBINE_SCI_RECONSTRUCTED_16_OIII.pdf Graphic file (
type pdf)

<use ../figures/CL0034_IZ/COMBINE_SCI_RECONSTRUCTED_16_OIII.pdf>
Package pdftex.def Info: ../figures/CL0034_IZ/COMBINE_SCI_RECONSTRUCTED_16_OIII
.pdf used on input line 391.
(pdftex.def)             Requested size: 578.88655pt x 174.02512pt.

Overfull \hbox (398.21156pt too wide) in paragraph at lines 391--392
 []|[]| 
 []


<../figures/CL0034_YJ/COMBINE_SCI_RECONSTRUCTED_16_Halpha.pdf, id=2586, 1292.91
945pt x 386.72606pt>
File: ../figures/CL0034_YJ/COMBINE_SCI_RECONSTRUCTED_16_Halpha.pdf Graphic file
 (type pdf)

<use ../figures/CL0034_YJ/COMBINE_SCI_RECONSTRUCTED_16_Halpha.pdf>
Package pdftex.def Info: ../figures/CL0034_YJ/COMBINE_SCI_RECONSTRUCTED_16_Halp
ha.pdf used on input line 392.
(pdftex.def)             Requested size: 581.80838pt x 174.02512pt.

Overfull \hbox (401.13339pt too wide) in paragraph at lines 392--393
 []|[]| 
 []


Overfull \hbox (170.8587pt too wide) in paragraph at lines 373--394
 [] 
 []

[13 </home/rburnet/S16work/diagnostic_of_objects/figures/HST_images/CL0034/CL00
34-Target_16.png> </home/rburnet/S16work/diagnostic_of_objects/local_sky_subtra
ction/new_report/figures/CL0034-IZ-Target_16.png> </home/rburnet/S16work/diagno
stic_of_objects/local_sky_subtraction/new_report/figures/CL0034-YJ-Target_16.pn
g> <../figures/CL0034_IZ/COMBINE_SCI_RECONSTRUCTED_16_Hbeta.pdf> <../figures/CL
0034_IZ/COMBINE_SCI_RECONSTRUCTED_16_OIII.pdf

pdfTeX warning: pdflatex (file ../figures/CL0034_IZ/COMBINE_SCI_RECONSTRUCTED_1
6_OIII.pdf): PDF inclusion: multiple pdfs with page group included in a single 
page
> <../figures/CL0034_YJ/COMBINE_SCI_RECONSTRUCTED_16_Halpha.pdf

pdfTeX warning: pdflatex (file ../figures/CL0034_YJ/COMBINE_SCI_RECONSTRUCTED_1
6_Halpha.pdf): PDF inclusion: multiple pdfs with page group included in a singl
e page
>]
Underfull \hbox (badness 10000) in paragraph at lines 398--399

 []


</home/rburnet/S16work/diagnostic_of_objects/figures/HST_images/CL0034/CL0034-T
arget_21.png, id=2805, 449.68pt x 450.68375pt>
File: /home/rburnet/S16work/diagnostic_of_objects/figures/HST_images/CL0034/CL0
034-Target_21.png Graphic file (type png)

<use /home/rburnet/S16work/diagnostic_of_objects/figures/HST_images/CL0034/CL00
34-Target_21.png>
Package pdftex.def Info: /home/rburnet/S16work/diagnostic_of_objects/figures/HS
T_images/CL0034/CL0034-Target_21.png used on input line 404.
(pdftex.def)             Requested size: 157.39035pt x 157.74167pt.

</home/rburnet/S16work/diagnostic_of_objects/local_sky_subtraction/new_report/f
igures/CL0034-IZ-Target_21.png, id=2806, 428.60126pt x 375.4025pt>
File: /home/rburnet/S16work/diagnostic_of_objects/local_sky_subtraction/new_rep
ort/figures/CL0034-IZ-Target_21.png Graphic file (type png)

<use /home/rburnet/S16work/diagnostic_of_objects/local_sky_subtraction/new_repo
rt/figures/CL0034-IZ-Target_21.png>
Package pdftex.def Info: /home/rburnet/S16work/diagnostic_of_objects/local_sky_
subtraction/new_report/figures/CL0034-IZ-Target_21.png used on input line 406.
(pdftex.def)             Requested size: 171.43745pt x 150.15834pt.

</home/rburnet/S16work/diagnostic_of_objects/local_sky_subtraction/new_report/f
igures/CL0034-YJ-Target_21.png, id=2807, 429.605pt x 401.5pt>
File: /home/rburnet/S16work/diagnostic_of_objects/local_sky_subtraction/new_rep
ort/figures/CL0034-YJ-Target_21.png Graphic file (type png)

<use /home/rburnet/S16work/diagnostic_of_objects/local_sky_subtraction/new_repo
rt/figures/CL0034-YJ-Target_21.png>
Package pdftex.def Info: /home/rburnet/S16work/diagnostic_of_objects/local_sky_
subtraction/new_report/figures/CL0034-YJ-Target_21.png used on input line 408.
(pdftex.def)             Requested size: 171.83894pt x 160.59715pt.

Overfull \hbox (9.62076pt too wide) in paragraph at lines 411--418
 []|[]| 
 []


<../figures/CL0034_IZ/COMBINE_SCI_RECONSTRUCTED_21_Hbeta.pdf, id=2808, 1291.915
7pt x 386.72606pt>
File: ../figures/CL0034_IZ/COMBINE_SCI_RECONSTRUCTED_21_Hbeta.pdf Graphic file 
(type pdf)

<use ../figures/CL0034_IZ/COMBINE_SCI_RECONSTRUCTED_21_Hbeta.pdf>
Package pdftex.def Info: ../figures/CL0034_IZ/COMBINE_SCI_RECONSTRUCTED_21_Hbet
a.pdf used on input line 419.
(pdftex.def)             Requested size: 581.3567pt x 174.02512pt.

Overfull \hbox (400.68172pt too wide) in paragraph at lines 419--420
 []|[]| 
 []


<../figures/CL0034_IZ/COMBINE_SCI_RECONSTRUCTED_21_OIII.pdf, id=2809, 1296.5266
7pt x 386.72606pt>
File: ../figures/CL0034_IZ/COMBINE_SCI_RECONSTRUCTED_21_OIII.pdf Graphic file (
type pdf)

<use ../figures/CL0034_IZ/COMBINE_SCI_RECONSTRUCTED_21_OIII.pdf>
Package pdftex.def Info: ../figures/CL0034_IZ/COMBINE_SCI_RECONSTRUCTED_21_OIII
.pdf used on input line 420.
(pdftex.def)             Requested size: 583.43161pt x 174.02512pt.

Overfull \hbox (402.75662pt too wide) in paragraph at lines 420--421
 []|[]| 
 []


<../figures/CL0034_YJ/COMBINE_SCI_RECONSTRUCTED_21_Halpha.pdf, id=2810, 1292.91
945pt x 386.72606pt>
File: ../figures/CL0034_YJ/COMBINE_SCI_RECONSTRUCTED_21_Halpha.pdf Graphic file
 (type pdf)

<use ../figures/CL0034_YJ/COMBINE_SCI_RECONSTRUCTED_21_Halpha.pdf>
Package pdftex.def Info: ../figures/CL0034_YJ/COMBINE_SCI_RECONSTRUCTED_21_Halp
ha.pdf used on input line 421.
(pdftex.def)             Requested size: 581.80838pt x 174.02512pt.

Overfull \hbox (401.13339pt too wide) in paragraph at lines 421--422
 []|[]| 
 []


Overfull \hbox (170.8587pt too wide) in paragraph at lines 402--423
 [] 
 []

[14 </home/rburnet/S16work/diagnostic_of_objects/figures/HST_images/CL0034/CL00
34-Target_21.png> </home/rburnet/S16work/diagnostic_of_objects/local_sky_subtra
ction/new_report/figures/CL0034-IZ-Target_21.png> </home/rburnet/S16work/diagno
stic_of_objects/local_sky_subtraction/new_report/figures/CL0034-YJ-Target_21.pn
g> <../figures/CL0034_IZ/COMBINE_SCI_RECONSTRUCTED_21_Hbeta.pdf> <../figures/CL
0034_IZ/COMBINE_SCI_RECONSTRUCTED_21_OIII.pdf

pdfTeX warning: pdflatex (file ../figures/CL0034_IZ/COMBINE_SCI_RECONSTRUCTED_2
1_OIII.pdf): PDF inclusion: multiple pdfs with page group included in a single 
page
> <../figures/CL0034_YJ/COMBINE_SCI_RECONSTRUCTED_21_Halpha.pdf

pdfTeX warning: pdflatex (file ../figures/CL0034_YJ/COMBINE_SCI_RECONSTRUCTED_2
1_Halpha.pdf): PDF inclusion: multiple pdfs with page group included in a singl
e page
>] (./CL0034_diagnostic_report.aux) ) 
Here is how much of TeX's memory you used:
 5804 strings out of 493339
 107997 string characters out of 6141383
 154662 words of memory out of 5000000
 9091 multiletter control sequences out of 15000+600000
 5339 words of font info for 22 fonts, out of 8000000 for 9000
 953 hyphenation exceptions out of 8191
 42i,22n,40p,284b,390s stack positions out of 5000i,500n,10000p,200000b,80000s
</usr/share/texlive/texmf-dist/fonts/type1
/public/amsfonts/cm/cmmi10.pfb></usr/share/texlive/texmf-dist/fonts/type1/publi
c/amsfonts/cm/cmr10.pfb></usr/share/texlive/texmf-dist/fonts/type1/public/amsfo
nts/cm/cmr7.pfb>
Output written on CL0034_diagnostic_report.pdf (14 pages, 2030452 bytes).
PDF statistics:
 3036 PDF objects out of 3580 (max. 8388607)
 0 named destinations out of 1000 (max. 500000)
 411 words of extra memory for PDF output out of 10000 (max. 10000000)

